[0.335s] Invoking command in '/home/hari22/ros2_ws_db/build/arduinobot_cpp_examples': CMAKE_PREFIX_PATH=${CMAKE_PREFIX_PATH}:/home/hari22/ros2_ws_db/install/hari_snake_package:/home/hari22/ros2_ws_db/install/arduinobot_py_examples:/opt/ros/humble /usr/bin/cmake --build /home/hari22/ros2_ws_db/build/arduinobot_cpp_examples -- -j16 -l16
[0.859s] -- Found ament_cmake: 1.3.6 (/opt/ros/humble/share/ament_cmake/cmake)
[0.859s] -- Found ament_lint_auto: 0.12.9 (/opt/ros/humble/share/ament_lint_auto/cmake)
[0.859s] -- Added test 'flake8' to check Python code syntax and style conventions
[0.859s] -- Added test 'lint_cmake' to check CMake code style
[0.860s] -- Added test 'pep257' to check Python code against some of the docstring style conventions in PEP 257
[0.860s] -- Added test 'xmllint' to check XML markup files
[0.860s] -- Configuring done
[0.861s] -- Generating done
[0.861s] -- Build files have been written to: /home/hari22/ros2_ws_db/build/arduinobot_cpp_examples
[0.864s] Invoked command in '/home/hari22/ros2_ws_db/build/arduinobot_cpp_examples' returned '0': CMAKE_PREFIX_PATH=${CMAKE_PREFIX_PATH}:/home/hari22/ros2_ws_db/install/hari_snake_package:/home/hari22/ros2_ws_db/install/arduinobot_py_examples:/opt/ros/humble /usr/bin/cmake --build /home/hari22/ros2_ws_db/build/arduinobot_cpp_examples -- -j16 -l16
[0.887s] Invoking command in '/home/hari22/ros2_ws_db/build/arduinobot_cpp_examples': CMAKE_PREFIX_PATH=${CMAKE_PREFIX_PATH}:/home/hari22/ros2_ws_db/install/hari_snake_package:/home/hari22/ros2_ws_db/install/arduinobot_py_examples:/opt/ros/humble /usr/bin/cmake --install /home/hari22/ros2_ws_db/build/arduinobot_cpp_examples
[0.896s] -- Install configuration: ""
[0.896s] -- Up-to-date: /home/hari22/ros2_ws_db/install/arduinobot_cpp_examples/share/ament_index/resource_index/package_run_dependencies/arduinobot_cpp_examples
[0.896s] -- Installing: /home/hari22/ros2_ws_db/install/arduinobot_cpp_examples/share/ament_index/resource_index/parent_prefix_path/arduinobot_cpp_examples
[0.897s] -- Up-to-date: /home/hari22/ros2_ws_db/install/arduinobot_cpp_examples/share/arduinobot_cpp_examples/environment/ament_prefix_path.sh
[0.897s] -- Installing: /home/hari22/ros2_ws_db/install/arduinobot_cpp_examples/share/arduinobot_cpp_examples/environment/ament_prefix_path.dsv
[0.897s] -- Up-to-date: /home/hari22/ros2_ws_db/install/arduinobot_cpp_examples/share/arduinobot_cpp_examples/environment/path.sh
[0.897s] -- Installing: /home/hari22/ros2_ws_db/install/arduinobot_cpp_examples/share/arduinobot_cpp_examples/environment/path.dsv
[0.897s] -- Up-to-date: /home/hari22/ros2_ws_db/install/arduinobot_cpp_examples/share/arduinobot_cpp_examples/local_setup.bash
[0.897s] -- Up-to-date: /home/hari22/ros2_ws_db/install/arduinobot_cpp_examples/share/arduinobot_cpp_examples/local_setup.sh
[0.898s] -- Up-to-date: /home/hari22/ros2_ws_db/install/arduinobot_cpp_examples/share/arduinobot_cpp_examples/local_setup.zsh
[0.898s] -- Installing: /home/hari22/ros2_ws_db/install/arduinobot_cpp_examples/share/arduinobot_cpp_examples/local_setup.dsv
[0.898s] -- Installing: /home/hari22/ros2_ws_db/install/arduinobot_cpp_examples/share/arduinobot_cpp_examples/package.dsv
[0.898s] -- Up-to-date: /home/hari22/ros2_ws_db/install/arduinobot_cpp_examples/share/ament_index/resource_index/packages/arduinobot_cpp_examples
[0.898s] -- Up-to-date: /home/hari22/ros2_ws_db/install/arduinobot_cpp_examples/share/arduinobot_cpp_examples/cmake/arduinobot_cpp_examplesConfig.cmake
[0.898s] -- Up-to-date: /home/hari22/ros2_ws_db/install/arduinobot_cpp_examples/share/arduinobot_cpp_examples/cmake/arduinobot_cpp_examplesConfig-version.cmake
[0.898s] -- Up-to-date: /home/hari22/ros2_ws_db/install/arduinobot_cpp_examples/share/arduinobot_cpp_examples/package.xml
[0.953s] Invoked command in '/home/hari22/ros2_ws_db/build/arduinobot_cpp_examples' returned '0': CMAKE_PREFIX_PATH=${CMAKE_PREFIX_PATH}:/home/hari22/ros2_ws_db/install/hari_snake_package:/home/hari22/ros2_ws_db/install/arduinobot_py_examples:/opt/ros/humble /usr/bin/cmake --install /home/hari22/ros2_ws_db/build/arduinobot_cpp_examples
