running egg_info
creating ../../build/hari_snake_package/hari_snake_package.egg-info
writing ../../build/hari_snake_package/hari_snake_package.egg-info/PKG-INFO
writing dependency_links to ../../build/hari_snake_package/hari_snake_package.egg-info/dependency_links.txt
writing entry points to ../../build/hari_snake_package/hari_snake_package.egg-info/entry_points.txt
writing requirements to ../../build/hari_snake_package/hari_snake_package.egg-info/requires.txt
writing top-level names to ../../build/hari_snake_package/hari_snake_package.egg-info/top_level.txt
writing manifest file '../../build/hari_snake_package/hari_snake_package.egg-info/SOURCES.txt'
reading manifest file '../../build/hari_snake_package/hari_snake_package.egg-info/SOURCES.txt'
writing manifest file '../../build/hari_snake_package/hari_snake_package.egg-info/SOURCES.txt'
running build
running build_py
creating /home/hari22/ros2_ws_db/build/hari_snake_package/build
creating /home/hari22/ros2_ws_db/build/hari_snake_package/build/lib
creating /home/hari22/ros2_ws_db/build/hari_snake_package/build/lib/hari_snake_package
copying hari_snake_package/__init__.py -> /home/hari22/ros2_ws_db/build/hari_snake_package/build/lib/hari_snake_package
running install
/usr/lib/python3/dist-packages/setuptools/command/install.py:34: SetuptoolsDeprecationWarning: setup.py install is deprecated. Use build and pip and other standards-based tools.
  warnings.warn(
running install_lib
creating /home/hari22/ros2_ws_db/install/hari_snake_package/lib/python3.10/site-packages/hari_snake_package
copying /home/hari22/ros2_ws_db/build/hari_snake_package/build/lib/hari_snake_package/__init__.py -> /home/hari22/ros2_ws_db/install/hari_snake_package/lib/python3.10/site-packages/hari_snake_package
byte-compiling /home/hari22/ros2_ws_db/install/hari_snake_package/lib/python3.10/site-packages/hari_snake_package/__init__.py to __init__.cpython-310.pyc
running install_data
creating /home/hari22/ros2_ws_db/install/hari_snake_package/share/ament_index
creating /home/hari22/ros2_ws_db/install/hari_snake_package/share/ament_index/resource_index
creating /home/hari22/ros2_ws_db/install/hari_snake_package/share/ament_index/resource_index/packages
copying resource/hari_snake_package -> /home/hari22/ros2_ws_db/install/hari_snake_package/share/ament_index/resource_index/packages
copying package.xml -> /home/hari22/ros2_ws_db/install/hari_snake_package/share/hari_snake_package
running install_egg_info
Copying ../../build/hari_snake_package/hari_snake_package.egg-info to /home/hari22/ros2_ws_db/install/hari_snake_package/lib/python3.10/site-packages/hari_snake_package-0.0.0-py3.10.egg-info
running install_scripts
writing list of installed files to '/home/hari22/ros2_ws_db/build/hari_snake_package/install.log'
