[1.171s] Invoking command in '/home/hari22/ros2_ws_db/src/hari_snake_package': PYTHONPATH=/home/hari22/ros2_ws_db/build/hari_snake_package/prefix_override:/home/hari22/ros2_ws_db/install/hari_snake_package/lib/python3.10/site-packages:${PYTHONPATH} /usr/bin/python3 setup.py egg_info --egg-base ../../build/hari_snake_package build --build-base /home/hari22/ros2_ws_db/build/hari_snake_package/build install --record /home/hari22/ros2_ws_db/build/hari_snake_package/install.log --single-version-externally-managed
[1.352s] running egg_info
[1.352s] creating ../../build/hari_snake_package/hari_snake_package.egg-info
[1.352s] writing ../../build/hari_snake_package/hari_snake_package.egg-info/PKG-INFO
[1.353s] writing dependency_links to ../../build/hari_snake_package/hari_snake_package.egg-info/dependency_links.txt
[1.353s] writing entry points to ../../build/hari_snake_package/hari_snake_package.egg-info/entry_points.txt
[1.353s] writing requirements to ../../build/hari_snake_package/hari_snake_package.egg-info/requires.txt
[1.353s] writing top-level names to ../../build/hari_snake_package/hari_snake_package.egg-info/top_level.txt
[1.353s] writing manifest file '../../build/hari_snake_package/hari_snake_package.egg-info/SOURCES.txt'
[1.355s] reading manifest file '../../build/hari_snake_package/hari_snake_package.egg-info/SOURCES.txt'
[1.355s] writing manifest file '../../build/hari_snake_package/hari_snake_package.egg-info/SOURCES.txt'
[1.355s] running build
[1.355s] running build_py
[1.355s] creating /home/hari22/ros2_ws_db/build/hari_snake_package/build
[1.355s] creating /home/hari22/ros2_ws_db/build/hari_snake_package/build/lib
[1.356s] creating /home/hari22/ros2_ws_db/build/hari_snake_package/build/lib/hari_snake_package
[1.356s] copying hari_snake_package/__init__.py -> /home/hari22/ros2_ws_db/build/hari_snake_package/build/lib/hari_snake_package
[1.357s] running install
[1.357s] /usr/lib/python3/dist-packages/setuptools/command/install.py:34: SetuptoolsDeprecationWarning: setup.py install is deprecated. Use build and pip and other standards-based tools.
[1.358s]   warnings.warn(
[1.358s] running install_lib
[1.359s] creating /home/hari22/ros2_ws_db/install/hari_snake_package/lib/python3.10/site-packages/hari_snake_package
[1.360s] copying /home/hari22/ros2_ws_db/build/hari_snake_package/build/lib/hari_snake_package/__init__.py -> /home/hari22/ros2_ws_db/install/hari_snake_package/lib/python3.10/site-packages/hari_snake_package
[1.363s] byte-compiling /home/hari22/ros2_ws_db/install/hari_snake_package/lib/python3.10/site-packages/hari_snake_package/__init__.py to __init__.cpython-310.pyc
[1.363s] running install_data
[1.366s] creating /home/hari22/ros2_ws_db/install/hari_snake_package/share/ament_index
[1.367s] creating /home/hari22/ros2_ws_db/install/hari_snake_package/share/ament_index/resource_index
[1.367s] creating /home/hari22/ros2_ws_db/install/hari_snake_package/share/ament_index/resource_index/packages
[1.368s] copying resource/hari_snake_package -> /home/hari22/ros2_ws_db/install/hari_snake_package/share/ament_index/resource_index/packages
[1.368s] copying package.xml -> /home/hari22/ros2_ws_db/install/hari_snake_package/share/hari_snake_package
[1.368s] running install_egg_info
[1.372s] Copying ../../build/hari_snake_package/hari_snake_package.egg-info to /home/hari22/ros2_ws_db/install/hari_snake_package/lib/python3.10/site-packages/hari_snake_package-0.0.0-py3.10.egg-info
[1.374s] running install_scripts
[1.413s] writing list of installed files to '/home/hari22/ros2_ws_db/build/hari_snake_package/install.log'
[1.438s] Invoked command in '/home/hari22/ros2_ws_db/src/hari_snake_package' returned '0': PYTHONPATH=/home/hari22/ros2_ws_db/build/hari_snake_package/prefix_override:/home/hari22/ros2_ws_db/install/hari_snake_package/lib/python3.10/site-packages:${PYTHONPATH} /usr/bin/python3 setup.py egg_info --egg-base ../../build/hari_snake_package build --build-base /home/hari22/ros2_ws_db/build/hari_snake_package/build install --record /home/hari22/ros2_ws_db/build/hari_snake_package/install.log --single-version-externally-managed
