[0.653s] Invoking command in '/home/hari22/ros2_ws_db/src/arduinobot_py_examples': PYTHONPATH=/home/hari22/ros2_ws_db/build/arduinobot_py_examples/prefix_override:/home/hari22/ros2_ws_db/install/arduinobot_py_examples/lib/python3.10/site-packages:${PYTHONPATH} /usr/bin/python3 setup.py egg_info --egg-base ../../build/arduinobot_py_examples build --build-base /home/hari22/ros2_ws_db/build/arduinobot_py_examples/build install --record /home/hari22/ros2_ws_db/build/arduinobot_py_examples/install.log --single-version-externally-managed
[0.832s] running egg_info
[0.832s] creating ../../build/arduinobot_py_examples/arduinobot_py_examples.egg-info
[0.833s] writing ../../build/arduinobot_py_examples/arduinobot_py_examples.egg-info/PKG-INFO
[0.833s] writing dependency_links to ../../build/arduinobot_py_examples/arduinobot_py_examples.egg-info/dependency_links.txt
[0.833s] writing entry points to ../../build/arduinobot_py_examples/arduinobot_py_examples.egg-info/entry_points.txt
[0.833s] writing requirements to ../../build/arduinobot_py_examples/arduinobot_py_examples.egg-info/requires.txt
[0.833s] writing top-level names to ../../build/arduinobot_py_examples/arduinobot_py_examples.egg-info/top_level.txt
[0.833s] writing manifest file '../../build/arduinobot_py_examples/arduinobot_py_examples.egg-info/SOURCES.txt'
[0.834s] reading manifest file '../../build/arduinobot_py_examples/arduinobot_py_examples.egg-info/SOURCES.txt'
[0.835s] writing manifest file '../../build/arduinobot_py_examples/arduinobot_py_examples.egg-info/SOURCES.txt'
[0.835s] running build
[0.835s] running build_py
[0.835s] creating /home/hari22/ros2_ws_db/build/arduinobot_py_examples/build
[0.835s] creating /home/hari22/ros2_ws_db/build/arduinobot_py_examples/build/lib
[0.835s] creating /home/hari22/ros2_ws_db/build/arduinobot_py_examples/build/lib/arduinobot_py_examples
[0.835s] copying arduinobot_py_examples/__init__.py -> /home/hari22/ros2_ws_db/build/arduinobot_py_examples/build/lib/arduinobot_py_examples
[0.835s] running install
[0.835s] /usr/lib/python3/dist-packages/setuptools/command/install.py:34: SetuptoolsDeprecationWarning: setup.py install is deprecated. Use build and pip and other standards-based tools.
[0.836s]   warnings.warn(
[0.836s] running install_lib
[0.836s] creating /home/hari22/ros2_ws_db/install/arduinobot_py_examples/lib/python3.10/site-packages/arduinobot_py_examples
[0.836s] copying /home/hari22/ros2_ws_db/build/arduinobot_py_examples/build/lib/arduinobot_py_examples/__init__.py -> /home/hari22/ros2_ws_db/install/arduinobot_py_examples/lib/python3.10/site-packages/arduinobot_py_examples
[0.837s] byte-compiling /home/hari22/ros2_ws_db/install/arduinobot_py_examples/lib/python3.10/site-packages/arduinobot_py_examples/__init__.py to __init__.cpython-310.pyc
[0.837s] running install_data
[0.837s] creating /home/hari22/ros2_ws_db/install/arduinobot_py_examples/share/ament_index
[0.837s] creating /home/hari22/ros2_ws_db/install/arduinobot_py_examples/share/ament_index/resource_index
[0.837s] creating /home/hari22/ros2_ws_db/install/arduinobot_py_examples/share/ament_index/resource_index/packages
[0.837s] copying resource/arduinobot_py_examples -> /home/hari22/ros2_ws_db/install/arduinobot_py_examples/share/ament_index/resource_index/packages
[0.837s] copying package.xml -> /home/hari22/ros2_ws_db/install/arduinobot_py_examples/share/arduinobot_py_examples
[0.838s] running install_egg_info
[0.838s] Copying ../../build/arduinobot_py_examples/arduinobot_py_examples.egg-info to /home/hari22/ros2_ws_db/install/arduinobot_py_examples/lib/python3.10/site-packages/arduinobot_py_examples-0.0.0-py3.10.egg-info
[0.839s] running install_scripts
[0.853s] writing list of installed files to '/home/hari22/ros2_ws_db/build/arduinobot_py_examples/install.log'
[0.866s] Invoked command in '/home/hari22/ros2_ws_db/src/arduinobot_py_examples' returned '0': PYTHONPATH=/home/hari22/ros2_ws_db/build/arduinobot_py_examples/prefix_override:/home/hari22/ros2_ws_db/install/arduinobot_py_examples/lib/python3.10/site-packages:${PYTHONPATH} /usr/bin/python3 setup.py egg_info --egg-base ../../build/arduinobot_py_examples build --build-base /home/hari22/ros2_ws_db/build/arduinobot_py_examples/build install --record /home/hari22/ros2_ws_db/build/arduinobot_py_examples/install.log --single-version-externally-managed
