[0.132s] Invoking command in '/home/hari22/ros2_ws_db/build/arduinobot_description': CMAKE_PREFIX_PATH=${CMAKE_PREFIX_PATH}:/home/hari22/ros2_ws_db/install/arduinobot_py_examples:/opt/ros/humble /usr/bin/cmake --build /home/hari22/ros2_ws_db/build/arduinobot_description -- -j16 -l16
[0.146s] -- Found ament_cmake: 1.3.6 (/opt/ros/humble/share/ament_cmake/cmake)
[0.250s] -- Found ament_lint_auto: 0.12.9 (/opt/ros/humble/share/ament_lint_auto/cmake)
[0.299s] -- Added test 'lint_cmake' to check CMake code style
[0.300s] -- Added test 'xmllint' to check XML markup files
[0.300s] -- Configuring done
[0.302s] -- Generating done
[0.303s] -- Build files have been written to: /home/hari22/ros2_ws_db/build/arduinobot_description
[0.396s] Invoked command in '/home/hari22/ros2_ws_db/build/arduinobot_description' returned '0': CMAKE_PREFIX_PATH=${CMAKE_PREFIX_PATH}:/home/hari22/ros2_ws_db/install/arduinobot_py_examples:/opt/ros/humble /usr/bin/cmake --build /home/hari22/ros2_ws_db/build/arduinobot_description -- -j16 -l16
[0.417s] Invoking command in '/home/hari22/ros2_ws_db/build/arduinobot_description': CMAKE_PREFIX_PATH=${CMAKE_PREFIX_PATH}:/home/hari22/ros2_ws_db/install/arduinobot_py_examples:/opt/ros/humble /usr/bin/cmake --install /home/hari22/ros2_ws_db/build/arduinobot_description
[0.423s] -- Install configuration: ""
[0.423s] -- Installing: /home/hari22/ros2_ws_db/install/arduinobot_description/share/arduinobot_description/meshes
[0.423s] -- Installing: /home/hari22/ros2_ws_db/install/arduinobot_description/share/arduinobot_description/meshes/triangular_link.STL
[0.424s] -- Installing: /home/hari22/ros2_ws_db/install/arduinobot_description/share/arduinobot_description/meshes/right_finger.STL
[0.424s] -- Installing: /home/hari22/ros2_ws_db/install/arduinobot_description/share/arduinobot_description/meshes/basement.STL
[0.425s] -- Installing: /home/hari22/ros2_ws_db/install/arduinobot_description/share/arduinobot_description/meshes/servo_plate.STL
[0.425s] -- Installing: /home/hari22/ros2_ws_db/install/arduinobot_description/share/arduinobot_description/meshes/link.STL
[0.425s] -- Installing: /home/hari22/ros2_ws_db/install/arduinobot_description/share/arduinobot_description/meshes/vertical_drive_arm.STL
[0.426s] -- Installing: /home/hari22/ros2_ws_db/install/arduinobot_description/share/arduinobot_description/meshes/claw_support.STL
[0.427s] -- Installing: /home/hari22/ros2_ws_db/install/arduinobot_description/share/arduinobot_description/meshes/horizontal_arm.STL
[0.429s] -- Installing: /home/hari22/ros2_ws_db/install/arduinobot_description/share/arduinobot_description/meshes/round_plate.STL
[0.429s] -- Installing: /home/hari22/ros2_ws_db/install/arduinobot_description/share/arduinobot_description/meshes/left_finger.STL
[0.429s] -- Installing: /home/hari22/ros2_ws_db/install/arduinobot_description/share/arduinobot_description/meshes/plate.STL
[0.432s] -- Installing: /home/hari22/ros2_ws_db/install/arduinobot_description/share/arduinobot_description/meshes/forward_drive_arm.STL
[0.434s] -- Installing: /home/hari22/ros2_ws_db/install/arduinobot_description/share/arduinobot_description/meshes/base_plate.STL
[0.437s] -- Installing: /home/hari22/ros2_ws_db/install/arduinobot_description/share/arduinobot_description/urdf
[0.437s] -- Installing: /home/hari22/ros2_ws_db/install/arduinobot_description/share/arduinobot_description/urdf/arduinobot.urdf.xacro
[0.437s] -- Up-to-date: /home/hari22/ros2_ws_db/install/arduinobot_description/share/ament_index/resource_index/package_run_dependencies/arduinobot_description
[0.437s] -- Up-to-date: /home/hari22/ros2_ws_db/install/arduinobot_description/share/ament_index/resource_index/parent_prefix_path/arduinobot_description
[0.437s] -- Up-to-date: /home/hari22/ros2_ws_db/install/arduinobot_description/share/arduinobot_description/environment/ament_prefix_path.sh
[0.437s] -- Installing: /home/hari22/ros2_ws_db/install/arduinobot_description/share/arduinobot_description/environment/ament_prefix_path.dsv
[0.437s] -- Up-to-date: /home/hari22/ros2_ws_db/install/arduinobot_description/share/arduinobot_description/environment/path.sh
[0.438s] -- Installing: /home/hari22/ros2_ws_db/install/arduinobot_description/share/arduinobot_description/environment/path.dsv
[0.438s] -- Up-to-date: /home/hari22/ros2_ws_db/install/arduinobot_description/share/arduinobot_description/local_setup.bash
[0.438s] -- Up-to-date: /home/hari22/ros2_ws_db/install/arduinobot_description/share/arduinobot_description/local_setup.sh
[0.438s] -- Up-to-date: /home/hari22/ros2_ws_db/install/arduinobot_description/share/arduinobot_description/local_setup.zsh
[0.438s] -- Installing: /home/hari22/ros2_ws_db/install/arduinobot_description/share/arduinobot_description/local_setup.dsv
[0.438s] -- Installing: /home/hari22/ros2_ws_db/install/arduinobot_description/share/arduinobot_description/package.dsv
[0.438s] -- Up-to-date: /home/hari22/ros2_ws_db/install/arduinobot_description/share/ament_index/resource_index/packages/arduinobot_description
[0.438s] -- Up-to-date: /home/hari22/ros2_ws_db/install/arduinobot_description/share/arduinobot_description/cmake/arduinobot_descriptionConfig.cmake
[0.438s] -- Up-to-date: /home/hari22/ros2_ws_db/install/arduinobot_description/share/arduinobot_description/cmake/arduinobot_descriptionConfig-version.cmake
[0.438s] -- Up-to-date: /home/hari22/ros2_ws_db/install/arduinobot_description/share/arduinobot_description/package.xml
[0.482s] Invoked command in '/home/hari22/ros2_ws_db/build/arduinobot_description' returned '0': CMAKE_PREFIX_PATH=${CMAKE_PREFIX_PATH}:/home/hari22/ros2_ws_db/install/arduinobot_py_examples:/opt/ros/humble /usr/bin/cmake --install /home/hari22/ros2_ws_db/build/arduinobot_description
