[0.140s] Invoking command in '/home/hari22/ros2_ws_db/build/arduinobot_description': CMAKE_PREFIX_PATH=${CMAKE_PREFIX_PATH}:/home/hari22/ros2_ws_db/install/arduinobot_py_examples:/opt/ros/humble /usr/bin/cmake /home/hari22/ros2_ws_db/src/arduinobot_description -DCMAKE_INSTALL_PREFIX=/home/hari22/ros2_ws_db/install/arduinobot_description
[0.210s] -- The C compiler identification is GNU 11.4.0
[0.246s] -- The CXX compiler identification is GNU 11.4.0
[0.251s] -- Detecting C compiler ABI info
[0.295s] -- Detecting C compiler ABI info - done
[0.300s] -- Check for working C compiler: /usr/bin/cc - skipped
[0.301s] -- Detecting C compile features
[0.301s] -- Detecting C compile features - done
[0.303s] -- Detecting CXX compiler ABI info
[0.353s] -- Detecting CXX compiler ABI info - done
[0.359s] -- Check for working CXX compiler: /usr/bin/c++ - skipped
[0.359s] -- Detecting CXX compile features
[0.359s] -- Detecting CXX compile features - done
[0.361s] -- Found ament_cmake: 1.3.6 (/opt/ros/humble/share/ament_cmake/cmake)
[0.514s] -- Found Python3: /usr/bin/python3.10 (found version "3.10.12") found components: Interpreter 
[0.587s] -- Found ament_lint_auto: 0.12.9 (/opt/ros/humble/share/ament_lint_auto/cmake)
[0.680s] -- Added test 'lint_cmake' to check CMake code style
[0.681s] -- Added test 'xmllint' to check XML markup files
[0.682s] -- Configuring done
[0.683s] -- Generating done
[0.684s] -- Build files have been written to: /home/hari22/ros2_ws_db/build/arduinobot_description
[0.687s] Invoked command in '/home/hari22/ros2_ws_db/build/arduinobot_description' returned '0': CMAKE_PREFIX_PATH=${CMAKE_PREFIX_PATH}:/home/hari22/ros2_ws_db/install/arduinobot_py_examples:/opt/ros/humble /usr/bin/cmake /home/hari22/ros2_ws_db/src/arduinobot_description -DCMAKE_INSTALL_PREFIX=/home/hari22/ros2_ws_db/install/arduinobot_description
[0.689s] Invoking command in '/home/hari22/ros2_ws_db/build/arduinobot_description': CMAKE_PREFIX_PATH=${CMAKE_PREFIX_PATH}:/home/hari22/ros2_ws_db/install/arduinobot_py_examples:/opt/ros/humble /usr/bin/cmake --build /home/hari22/ros2_ws_db/build/arduinobot_description -- -j16 -l16
[0.731s] Invoked command in '/home/hari22/ros2_ws_db/build/arduinobot_description' returned '0': CMAKE_PREFIX_PATH=${CMAKE_PREFIX_PATH}:/home/hari22/ros2_ws_db/install/arduinobot_py_examples:/opt/ros/humble /usr/bin/cmake --build /home/hari22/ros2_ws_db/build/arduinobot_description -- -j16 -l16
[0.744s] Invoking command in '/home/hari22/ros2_ws_db/build/arduinobot_description': CMAKE_PREFIX_PATH=${CMAKE_PREFIX_PATH}:/home/hari22/ros2_ws_db/install/arduinobot_py_examples:/opt/ros/humble /usr/bin/cmake --install /home/hari22/ros2_ws_db/build/arduinobot_description
[0.749s] -- Install configuration: ""
[0.749s] -- Installing: /home/hari22/ros2_ws_db/install/arduinobot_description/share/ament_index/resource_index/package_run_dependencies/arduinobot_description
[0.750s] -- Installing: /home/hari22/ros2_ws_db/install/arduinobot_description/share/ament_index/resource_index/parent_prefix_path/arduinobot_description
[0.750s] -- Installing: /home/hari22/ros2_ws_db/install/arduinobot_description/share/arduinobot_description/environment/ament_prefix_path.sh
[0.750s] -- Installing: /home/hari22/ros2_ws_db/install/arduinobot_description/share/arduinobot_description/environment/ament_prefix_path.dsv
[0.750s] -- Installing: /home/hari22/ros2_ws_db/install/arduinobot_description/share/arduinobot_description/environment/path.sh
[0.750s] -- Installing: /home/hari22/ros2_ws_db/install/arduinobot_description/share/arduinobot_description/environment/path.dsv
[0.750s] -- Installing: /home/hari22/ros2_ws_db/install/arduinobot_description/share/arduinobot_description/local_setup.bash
[0.750s] -- Installing: /home/hari22/ros2_ws_db/install/arduinobot_description/share/arduinobot_description/local_setup.sh
[0.750s] -- Installing: /home/hari22/ros2_ws_db/install/arduinobot_description/share/arduinobot_description/local_setup.zsh
[0.750s] -- Installing: /home/hari22/ros2_ws_db/install/arduinobot_description/share/arduinobot_description/local_setup.dsv
[0.750s] -- Installing: /home/hari22/ros2_ws_db/install/arduinobot_description/share/arduinobot_description/package.dsv
[0.750s] -- Installing: /home/hari22/ros2_ws_db/install/arduinobot_description/share/ament_index/resource_index/packages/arduinobot_description
[0.750s] -- Installing: /home/hari22/ros2_ws_db/install/arduinobot_description/share/arduinobot_description/cmake/arduinobot_descriptionConfig.cmake
[0.750s] -- Installing: /home/hari22/ros2_ws_db/install/arduinobot_description/share/arduinobot_description/cmake/arduinobot_descriptionConfig-version.cmake
[0.751s] -- Installing: /home/hari22/ros2_ws_db/install/arduinobot_description/share/arduinobot_description/package.xml
[0.752s] Invoked command in '/home/hari22/ros2_ws_db/build/arduinobot_description' returned '0': CMAKE_PREFIX_PATH=${CMAKE_PREFIX_PATH}:/home/hari22/ros2_ws_db/install/arduinobot_py_examples:/opt/ros/humble /usr/bin/cmake --install /home/hari22/ros2_ws_db/build/arduinobot_description
