[1.325s] Invoking command in '/home/hari22/ros2_ws_db/src/hari_snake_package': PYTHONPATH=/home/hari22/ros2_ws_db/build/hari_snake_package/prefix_override:/home/hari22/ros2_ws_db/install/hari_snake_package/lib/python3.10/site-packages:${PYTHONPATH} /usr/bin/python3 setup.py egg_info --egg-base ../../build/hari_snake_package build --build-base /home/hari22/ros2_ws_db/build/hari_snake_package/build install --record /home/hari22/ros2_ws_db/build/hari_snake_package/install.log --single-version-externally-managed
[1.704s] running egg_info
[1.705s] writing ../../build/hari_snake_package/hari_snake_package.egg-info/PKG-INFO
[1.705s] writing dependency_links to ../../build/hari_snake_package/hari_snake_package.egg-info/dependency_links.txt
[1.705s] writing entry points to ../../build/hari_snake_package/hari_snake_package.egg-info/entry_points.txt
[1.705s] writing requirements to ../../build/hari_snake_package/hari_snake_package.egg-info/requires.txt
[1.705s] writing top-level names to ../../build/hari_snake_package/hari_snake_package.egg-info/top_level.txt
[1.707s] reading manifest file '../../build/hari_snake_package/hari_snake_package.egg-info/SOURCES.txt'
[1.708s] writing manifest file '../../build/hari_snake_package/hari_snake_package.egg-info/SOURCES.txt'
[1.708s] running build
[1.708s] running build_py
[1.708s] running install
[1.709s] /usr/lib/python3/dist-packages/setuptools/command/install.py:34: SetuptoolsDeprecationWarning: setup.py install is deprecated. Use build and pip and other standards-based tools.
[1.709s]   warnings.warn(
[1.710s] running install_lib
[1.715s] running install_data
[1.718s] creating /home/hari22/ros2_ws_db/install/hari_snake_package/share/hari_snake_package/launch
[1.719s] copying launch/snake_rviz.launch.py -> /home/hari22/ros2_ws_db/install/hari_snake_package/share/hari_snake_package/launch
[1.720s] creating /home/hari22/ros2_ws_db/install/hari_snake_package/share/hari_snake_package/rviz
[1.720s] copying rviz/snake.rviz -> /home/hari22/ros2_ws_db/install/hari_snake_package/share/hari_snake_package/rviz
[1.721s] creating /home/hari22/ros2_ws_db/install/hari_snake_package/share/hari_snake_package/config
[1.721s] copying config/simple_controller.yaml -> /home/hari22/ros2_ws_db/install/hari_snake_package/share/hari_snake_package/config
[1.722s] creating /home/hari22/ros2_ws_db/install/hari_snake_package/share/hari_snake_package/worlds
[1.722s] creating /home/hari22/ros2_ws_db/install/hari_snake_package/share/hari_snake_package/description
[1.723s] creating /home/hari22/ros2_ws_db/install/hari_snake_package/share/hari_snake_package/description/urdf
[1.723s] creating /home/hari22/ros2_ws_db/install/hari_snake_package/share/hari_snake_package/description/xacro
[1.724s] running install_egg_info
[1.727s] removing '/home/hari22/ros2_ws_db/install/hari_snake_package/lib/python3.10/site-packages/hari_snake_package-0.0.0-py3.10.egg-info' (and everything under it)
[1.728s] Copying ../../build/hari_snake_package/hari_snake_package.egg-info to /home/hari22/ros2_ws_db/install/hari_snake_package/lib/python3.10/site-packages/hari_snake_package-0.0.0-py3.10.egg-info
[1.731s] running install_scripts
[1.763s] writing list of installed files to '/home/hari22/ros2_ws_db/build/hari_snake_package/install.log'
[1.784s] Invoked command in '/home/hari22/ros2_ws_db/src/hari_snake_package' returned '0': PYTHONPATH=/home/hari22/ros2_ws_db/build/hari_snake_package/prefix_override:/home/hari22/ros2_ws_db/install/hari_snake_package/lib/python3.10/site-packages:${PYTHONPATH} /usr/bin/python3 setup.py egg_info --egg-base ../../build/hari_snake_package build --build-base /home/hari22/ros2_ws_db/build/hari_snake_package/build install --record /home/hari22/ros2_ws_db/build/hari_snake_package/install.log --single-version-externally-managed
