[0.273s] Invoking command in '/home/hari22/ros2_ws_db/build/arduinobot_description': CMAKE_PREFIX_PATH=${CMAKE_PREFIX_PATH}:/home/hari22/ros2_ws_db/install/hari_snake_package:/home/hari22/ros2_ws_db/install/arduinobot_py_examples:/opt/ros/humble /usr/bin/cmake --build /home/hari22/ros2_ws_db/build/arduinobot_description -- -j16 -l16
[0.821s] Invoked command in '/home/hari22/ros2_ws_db/build/arduinobot_description' returned '0': CMAKE_PREFIX_PATH=${CMAKE_PREFIX_PATH}:/home/hari22/ros2_ws_db/install/hari_snake_package:/home/hari22/ros2_ws_db/install/arduinobot_py_examples:/opt/ros/humble /usr/bin/cmake --build /home/hari22/ros2_ws_db/build/arduinobot_description -- -j16 -l16
[0.843s] Invoking command in '/home/hari22/ros2_ws_db/build/arduinobot_description': CMAKE_PREFIX_PATH=${CMAKE_PREFIX_PATH}:/home/hari22/ros2_ws_db/install/hari_snake_package:/home/hari22/ros2_ws_db/install/arduinobot_py_examples:/opt/ros/humble /usr/bin/cmake --install /home/hari22/ros2_ws_db/build/arduinobot_description
[0.849s] -- Install configuration: ""
[0.849s] -- Up-to-date: /home/hari22/ros2_ws_db/install/arduinobot_description/share/arduinobot_description/meshes
[0.849s] -- Up-to-date: /home/hari22/ros2_ws_db/install/arduinobot_description/share/arduinobot_description/meshes/triangular_link.STL
[0.849s] -- Up-to-date: /home/hari22/ros2_ws_db/install/arduinobot_description/share/arduinobot_description/meshes/right_finger.STL
[0.849s] -- Up-to-date: /home/hari22/ros2_ws_db/install/arduinobot_description/share/arduinobot_description/meshes/basement.STL
[0.849s] -- Up-to-date: /home/hari22/ros2_ws_db/install/arduinobot_description/share/arduinobot_description/meshes/servo_plate.STL
[0.849s] -- Up-to-date: /home/hari22/ros2_ws_db/install/arduinobot_description/share/arduinobot_description/meshes/link.STL
[0.849s] -- Up-to-date: /home/hari22/ros2_ws_db/install/arduinobot_description/share/arduinobot_description/meshes/vertical_drive_arm.STL
[0.850s] -- Up-to-date: /home/hari22/ros2_ws_db/install/arduinobot_description/share/arduinobot_description/meshes/claw_support.STL
[0.850s] -- Up-to-date: /home/hari22/ros2_ws_db/install/arduinobot_description/share/arduinobot_description/meshes/horizontal_arm.STL
[0.850s] -- Up-to-date: /home/hari22/ros2_ws_db/install/arduinobot_description/share/arduinobot_description/meshes/round_plate.STL
[0.850s] -- Up-to-date: /home/hari22/ros2_ws_db/install/arduinobot_description/share/arduinobot_description/meshes/left_finger.STL
[0.850s] -- Up-to-date: /home/hari22/ros2_ws_db/install/arduinobot_description/share/arduinobot_description/meshes/plate.STL
[0.850s] -- Up-to-date: /home/hari22/ros2_ws_db/install/arduinobot_description/share/arduinobot_description/meshes/forward_drive_arm.STL
[0.850s] -- Up-to-date: /home/hari22/ros2_ws_db/install/arduinobot_description/share/arduinobot_description/meshes/base_plate.STL
[0.850s] -- Up-to-date: /home/hari22/ros2_ws_db/install/arduinobot_description/share/arduinobot_description/urdf
[0.851s] -- Up-to-date: /home/hari22/ros2_ws_db/install/arduinobot_description/share/arduinobot_description/urdf/snake.urdf.xacro
[0.851s] -- Up-to-date: /home/hari22/ros2_ws_db/install/arduinobot_description/share/arduinobot_description/urdf/arduinobot.urdf.xacro
[0.851s] -- Up-to-date: /home/hari22/ros2_ws_db/install/arduinobot_description/share/arduinobot_description/launch
[0.851s] -- Up-to-date: /home/hari22/ros2_ws_db/install/arduinobot_description/share/arduinobot_description/launch/test.launch.py
[0.851s] -- Up-to-date: /home/hari22/ros2_ws_db/install/arduinobot_description/share/arduinobot_description/config
[0.852s] -- Up-to-date: /home/hari22/ros2_ws_db/install/arduinobot_description/share/arduinobot_description/config/snake.rviz
[0.853s] -- Up-to-date: /home/hari22/ros2_ws_db/install/arduinobot_description/share/ament_index/resource_index/package_run_dependencies/arduinobot_description
[0.853s] -- Up-to-date: /home/hari22/ros2_ws_db/install/arduinobot_description/share/ament_index/resource_index/parent_prefix_path/arduinobot_description
[0.853s] -- Up-to-date: /home/hari22/ros2_ws_db/install/arduinobot_description/share/arduinobot_description/environment/ament_prefix_path.sh
[0.853s] -- Up-to-date: /home/hari22/ros2_ws_db/install/arduinobot_description/share/arduinobot_description/environment/ament_prefix_path.dsv
[0.854s] -- Up-to-date: /home/hari22/ros2_ws_db/install/arduinobot_description/share/arduinobot_description/environment/path.sh
[0.854s] -- Up-to-date: /home/hari22/ros2_ws_db/install/arduinobot_description/share/arduinobot_description/environment/path.dsv
[0.854s] -- Up-to-date: /home/hari22/ros2_ws_db/install/arduinobot_description/share/arduinobot_description/local_setup.bash
[0.854s] -- Up-to-date: /home/hari22/ros2_ws_db/install/arduinobot_description/share/arduinobot_description/local_setup.sh
[0.854s] -- Up-to-date: /home/hari22/ros2_ws_db/install/arduinobot_description/share/arduinobot_description/local_setup.zsh
[0.854s] -- Up-to-date: /home/hari22/ros2_ws_db/install/arduinobot_description/share/arduinobot_description/local_setup.dsv
[0.854s] -- Installing: /home/hari22/ros2_ws_db/install/arduinobot_description/share/arduinobot_description/package.dsv
[0.854s] -- Up-to-date: /home/hari22/ros2_ws_db/install/arduinobot_description/share/ament_index/resource_index/packages/arduinobot_description
[0.855s] -- Up-to-date: /home/hari22/ros2_ws_db/install/arduinobot_description/share/arduinobot_description/cmake/arduinobot_descriptionConfig.cmake
[0.855s] -- Up-to-date: /home/hari22/ros2_ws_db/install/arduinobot_description/share/arduinobot_description/cmake/arduinobot_descriptionConfig-version.cmake
[0.855s] -- Up-to-date: /home/hari22/ros2_ws_db/install/arduinobot_description/share/arduinobot_description/package.xml
[0.915s] Invoked command in '/home/hari22/ros2_ws_db/build/arduinobot_description' returned '0': CMAKE_PREFIX_PATH=${CMAKE_PREFIX_PATH}:/home/hari22/ros2_ws_db/install/hari_snake_package:/home/hari22/ros2_ws_db/install/arduinobot_py_examples:/opt/ros/humble /usr/bin/cmake --install /home/hari22/ros2_ws_db/build/arduinobot_description
