/home/hari22/ros2_ws_db/install/hari_snake_package/lib/python3.10/site-packages/hari_snake_package/__init__.py
/home/hari22/ros2_ws_db/install/hari_snake_package/lib/python3.10/site-packages/hari_snake_package/__pycache__/__init__.cpython-310.pyc
/home/hari22/ros2_ws_db/install/hari_snake_package/share/ament_index/resource_index/packages/hari_snake_package
/home/hari22/ros2_ws_db/install/hari_snake_package/share/hari_snake_package/package.xml
/home/hari22/ros2_ws_db/install/hari_snake_package/share/hari_snake_package/launch/snake_rviz.launch.py
/home/hari22/ros2_ws_db/install/hari_snake_package/share/hari_snake_package/launch/snake_gazebo_controller.launch.py
/home/hari22/ros2_ws_db/install/hari_snake_package/share/hari_snake_package/launch/snake_gazebo.launch.py
/home/hari22/ros2_ws_db/install/hari_snake_package/share/hari_snake_package/rviz/snake.rviz
/home/hari22/ros2_ws_db/install/hari_snake_package/share/hari_snake_package/config/simple_controller.yaml
/home/hari22/ros2_ws_db/install/hari_snake_package/share/hari_snake_package/worlds/my_empty_world.world
/home/hari22/ros2_ws_db/install/hari_snake_package/share/hari_snake_package/description/urdf/macro_internal_config.xacro
/home/hari22/ros2_ws_db/install/hari_snake_package/share/hari_snake_package/description/urdf/macro_inertial.xacro
/home/hari22/ros2_ws_db/install/hari_snake_package/share/hari_snake_package/description/urdf/macro_lidar.xacro
/home/hari22/ros2_ws_db/install/hari_snake_package/share/hari_snake_package/description/urdf/snake_robot2.urdf.xacro
/home/hari22/ros2_ws_db/install/hari_snake_package/share/hari_snake_package/description/urdf/macro_bumper_config.xacro
/home/hari22/ros2_ws_db/install/hari_snake_package/share/hari_snake_package/description/urdf/macro.gazebo_config_control.xacro
/home/hari22/ros2_ws_db/install/hari_snake_package/share/hari_snake_package/description/urdf/macro_transmission.xacro
/home/hari22/ros2_ws_db/install/hari_snake_package/share/hari_snake_package/description/urdf/macro_camera.xacro
/home/hari22/ros2_ws_db/install/hari_snake_package/share/hari_snake_package/description/urdf/snake_robot.urdf.xacro
/home/hari22/ros2_ws_db/install/hari_snake_package/share/hari_snake_package/description/urdf/snake_robot_phy_model.xacro
/home/hari22/ros2_ws_db/install/hari_snake_package/share/hari_snake_package/description/urdf/link_properties_include.xacro
/home/hari22/ros2_ws_db/install/hari_snake_package/share/hari_snake_package/description/urdf/snake_ros2_control.xacro
/home/hari22/ros2_ws_db/install/hari_snake_package/lib/python3.10/site-packages/hari_snake_package-0.0.0-py3.10.egg-info/top_level.txt
/home/hari22/ros2_ws_db/install/hari_snake_package/lib/python3.10/site-packages/hari_snake_package-0.0.0-py3.10.egg-info/requires.txt
/home/hari22/ros2_ws_db/install/hari_snake_package/lib/python3.10/site-packages/hari_snake_package-0.0.0-py3.10.egg-info/dependency_links.txt
/home/hari22/ros2_ws_db/install/hari_snake_package/lib/python3.10/site-packages/hari_snake_package-0.0.0-py3.10.egg-info/SOURCES.txt
/home/hari22/ros2_ws_db/install/hari_snake_package/lib/python3.10/site-packages/hari_snake_package-0.0.0-py3.10.egg-info/zip-safe
/home/hari22/ros2_ws_db/install/hari_snake_package/lib/python3.10/site-packages/hari_snake_package-0.0.0-py3.10.egg-info/PKG-INFO
/home/hari22/ros2_ws_db/install/hari_snake_package/lib/python3.10/site-packages/hari_snake_package-0.0.0-py3.10.egg-info/entry_points.txt
