[0.571s] Invoking command in '/home/hari22/ros2_ws_db/build/snake_cpp_py_pkg': /usr/bin/cmake /home/hari22/ros2_ws_db/src/snake_cpp_py_pkg -DCMAKE_INSTALL_PREFIX=/home/hari22/ros2_ws_db/install/snake_cpp_py_pkg
[0.579s] -- Found ament_cmake: 1.3.6 (/opt/ros/humble/share/ament_cmake/cmake)
[0.696s] -- Found rclcpp: 16.0.7 (/opt/ros/humble/share/rclcpp/cmake)
[0.717s] -- Found rosidl_generator_c: 3.1.5 (/opt/ros/humble/share/rosidl_generator_c/cmake)
[0.719s] -- Found rosidl_adapter: 3.1.5 (/opt/ros/humble/share/rosidl_adapter/cmake)
[0.724s] -- Found rosidl_generator_cpp: 3.1.5 (/opt/ros/humble/share/rosidl_generator_cpp/cmake)
[0.733s] -- Using all available rosidl_typesupport_c: rosidl_typesupport_fastrtps_c;rosidl_typesupport_introspection_c
[0.747s] -- Using all available rosidl_typesupport_cpp: rosidl_typesupport_fastrtps_cpp;rosidl_typesupport_introspection_cpp
[0.795s] -- Found rmw_implementation_cmake: 6.1.1 (/opt/ros/humble/share/rmw_implementation_cmake/cmake)
[0.797s] -- Found rmw_fastrtps_cpp: 6.2.5 (/opt/ros/humble/share/rmw_fastrtps_cpp/cmake)
[0.888s] -- Using RMW implementation 'rmw_fastrtps_cpp' as default
[1.013s] -- Found rclpy: 3.3.11 (/opt/ros/humble/share/rclpy/cmake)
[1.050s] Error parsing '/home/hari22/ros2_ws_db/src/snake_cpp_py_pkg/package.xml':
[1.086s] Traceback (most recent call last):
[1.086s]   File "/opt/ros/humble/share/ament_cmake_core/cmake/core/package_xml_2_cmake.py", line 150, in <module>
[1.086s]     main()
[1.086s]   File "/opt/ros/humble/share/ament_cmake_core/cmake/core/package_xml_2_cmake.py", line 53, in main
[1.086s]     raise e
[1.086s]   File "/opt/ros/humble/share/ament_cmake_core/cmake/core/package_xml_2_cmake.py", line 49, in main
[1.087s]     package = parse_package_string(
[1.087s]   File "/usr/lib/python3/dist-packages/catkin_pkg/package.py", line 786, in parse_package_string
[1.087s]     raise InvalidPackage('Error(s):%s' % (''.join(['\n- %s' % e for e in errors])), filename)
[1.087s] catkin_pkg.package.InvalidPackage: Error(s) in package '/home/hari22/ros2_ws_db/src/snake_cpp_py_pkg/package.xml':
[1.087s] Error(s):
[1.087s] - The generic dependency on 'rclcpp' is redundant with: exec_depend
[1.087s] - The generic dependency on 'rclpy' is redundant with: exec_depend
[1.099s] [31mCMake Error at /opt/ros/humble/share/ament_cmake_core/cmake/core/ament_package_xml.cmake:95 (message):
[1.100s]   execute_process(/usr/bin/python3.10
[1.100s]   /opt/ros/humble/share/ament_cmake_core/cmake/core/package_xml_2_cmake.py
[1.100s]   /home/hari22/ros2_ws_db/src/snake_cpp_py_pkg/package.xml
[1.100s]   /home/hari22/ros2_ws_db/build/snake_cpp_py_pkg/ament_cmake_core/package.cmake)
[1.100s]   returned error code 1
[1.100s] Call Stack (most recent call first):
[1.100s]   /opt/ros/humble/share/ament_cmake_core/cmake/core/ament_package_xml.cmake:49 (_ament_package_xml)
[1.100s]   /opt/ros/humble/share/ament_cmake_python/cmake/ament_python_install_package.cmake:60 (ament_package_xml)
[1.100s]   /opt/ros/humble/share/ament_cmake_python/cmake/ament_python_install_package.cmake:39 (_ament_cmake_python_install_package)
[1.100s]   CMakeLists.txt:33 (ament_python_install_package)
[1.100s] 
[1.100s] [0m
[1.100s] -- Configuring incomplete, errors occurred!
[1.100s] See also "/home/hari22/ros2_ws_db/build/snake_cpp_py_pkg/CMakeFiles/CMakeOutput.log".
[1.105s] Invoked command in '/home/hari22/ros2_ws_db/build/snake_cpp_py_pkg' returned '1': /usr/bin/cmake /home/hari22/ros2_ws_db/src/snake_cpp_py_pkg -DCMAKE_INSTALL_PREFIX=/home/hari22/ros2_ws_db/install/snake_cpp_py_pkg
