[0.593s] Invoking command in '/home/hari22/ros2_ws_db/build/snake_cpp_py_pkg': CMAKE_PREFIX_PATH=${CMAKE_PREFIX_PATH}:/home/hari22/ros2_ws_db/install/hari_snake_package:/home/hari22/ros2_ws_db/install/arduinobot_py_examples:/opt/ros/humble /usr/bin/cmake --build /home/hari22/ros2_ws_db/build/snake_cpp_py_pkg -- -j16 -l16
[0.611s] -- Found ament_cmake: 1.3.6 (/opt/ros/humble/share/ament_cmake/cmake)
[0.721s] -- Found rclcpp: 16.0.7 (/opt/ros/humble/share/rclcpp/cmake)
[0.743s] -- Found rosidl_generator_c: 3.1.5 (/opt/ros/humble/share/rosidl_generator_c/cmake)
[0.745s] -- Found rosidl_adapter: 3.1.5 (/opt/ros/humble/share/rosidl_adapter/cmake)
[0.749s] -- Found rosidl_generator_cpp: 3.1.5 (/opt/ros/humble/share/rosidl_generator_cpp/cmake)
[0.758s] -- Using all available rosidl_typesupport_c: rosidl_typesupport_fastrtps_c;rosidl_typesupport_introspection_c
[0.770s] -- Using all available rosidl_typesupport_cpp: rosidl_typesupport_fastrtps_cpp;rosidl_typesupport_introspection_cpp
[0.816s] -- Found rmw_implementation_cmake: 6.1.1 (/opt/ros/humble/share/rmw_implementation_cmake/cmake)
[0.818s] -- Found rmw_fastrtps_cpp: 6.2.5 (/opt/ros/humble/share/rmw_fastrtps_cpp/cmake)
[0.903s] -- Using RMW implementation 'rmw_fastrtps_cpp' as default
[1.026s] -- Found rclpy: 3.3.11 (/opt/ros/humble/share/rclpy/cmake)
[1.069s] -- Found ament_lint_auto: 0.12.9 (/opt/ros/humble/share/ament_lint_auto/cmake)
[1.116s] -- Added test 'flake8' to check Python code syntax and style conventions
[1.117s] -- Added test 'lint_cmake' to check CMake code style
[1.117s] -- Added test 'pep257' to check Python code against some of the docstring style conventions in PEP 257
[1.118s] -- Added test 'xmllint' to check XML markup files
[1.119s] -- Configuring done
[1.122s] -- Generating done
[1.123s] -- Build files have been written to: /home/hari22/ros2_ws_db/build/snake_cpp_py_pkg
[1.148s] Built target ament_cmake_python_copy_snake_cpp_py_pkg
[1.332s] running egg_info
[1.332s] writing snake_cpp_py_pkg.egg-info/PKG-INFO
[1.332s] writing dependency_links to snake_cpp_py_pkg.egg-info/dependency_links.txt
[1.332s] writing top-level names to snake_cpp_py_pkg.egg-info/top_level.txt
[1.334s] reading manifest file 'snake_cpp_py_pkg.egg-info/SOURCES.txt'
[1.334s] writing manifest file 'snake_cpp_py_pkg.egg-info/SOURCES.txt'
[1.350s] Built target ament_cmake_python_build_snake_cpp_py_pkg_egg
