[0.140s] Invoking command in '/home/hari22/ros2_ws_db/build/arduinobot_description': CMAKE_PREFIX_PATH=${CMAKE_PREFIX_PATH}:/home/hari22/ros2_ws_db/install/arduinobot_py_examples:/opt/ros/humble /usr/bin/cmake --build /home/hari22/ros2_ws_db/build/arduinobot_description -- -j16 -l16
[0.447s] Invoked command in '/home/hari22/ros2_ws_db/build/arduinobot_description' returned '0': CMAKE_PREFIX_PATH=${CMAKE_PREFIX_PATH}:/home/hari22/ros2_ws_db/install/arduinobot_py_examples:/opt/ros/humble /usr/bin/cmake --build /home/hari22/ros2_ws_db/build/arduinobot_description -- -j16 -l16
[0.467s] Invoking command in '/home/hari22/ros2_ws_db/build/arduinobot_description': CMAKE_PREFIX_PATH=${CMAKE_PREFIX_PATH}:/home/hari22/ros2_ws_db/install/arduinobot_py_examples:/opt/ros/humble /usr/bin/cmake --install /home/hari22/ros2_ws_db/build/arduinobot_description
[0.472s] -- Install configuration: ""
[0.472s] -- Up-to-date: /home/hari22/ros2_ws_db/install/arduinobot_description/share/ament_index/resource_index/package_run_dependencies/arduinobot_description
[0.473s] -- Up-to-date: /home/hari22/ros2_ws_db/install/arduinobot_description/share/ament_index/resource_index/parent_prefix_path/arduinobot_description
[0.473s] -- Up-to-date: /home/hari22/ros2_ws_db/install/arduinobot_description/share/arduinobot_description/environment/ament_prefix_path.sh
[0.473s] -- Up-to-date: /home/hari22/ros2_ws_db/install/arduinobot_description/share/arduinobot_description/environment/ament_prefix_path.dsv
[0.473s] -- Up-to-date: /home/hari22/ros2_ws_db/install/arduinobot_description/share/arduinobot_description/environment/path.sh
[0.473s] -- Up-to-date: /home/hari22/ros2_ws_db/install/arduinobot_description/share/arduinobot_description/environment/path.dsv
[0.473s] -- Up-to-date: /home/hari22/ros2_ws_db/install/arduinobot_description/share/arduinobot_description/local_setup.bash
[0.473s] -- Up-to-date: /home/hari22/ros2_ws_db/install/arduinobot_description/share/arduinobot_description/local_setup.sh
[0.473s] -- Up-to-date: /home/hari22/ros2_ws_db/install/arduinobot_description/share/arduinobot_description/local_setup.zsh
[0.473s] -- Up-to-date: /home/hari22/ros2_ws_db/install/arduinobot_description/share/arduinobot_description/local_setup.dsv
[0.473s] -- Up-to-date: /home/hari22/ros2_ws_db/install/arduinobot_description/share/arduinobot_description/package.dsv
[0.473s] -- Up-to-date: /home/hari22/ros2_ws_db/install/arduinobot_description/share/ament_index/resource_index/packages/arduinobot_description
[0.473s] -- Up-to-date: /home/hari22/ros2_ws_db/install/arduinobot_description/share/arduinobot_description/cmake/arduinobot_descriptionConfig.cmake
[0.473s] -- Up-to-date: /home/hari22/ros2_ws_db/install/arduinobot_description/share/arduinobot_description/cmake/arduinobot_descriptionConfig-version.cmake
[0.474s] -- Up-to-date: /home/hari22/ros2_ws_db/install/arduinobot_description/share/arduinobot_description/package.xml
[0.477s] Invoked command in '/home/hari22/ros2_ws_db/build/arduinobot_description' returned '0': CMAKE_PREFIX_PATH=${CMAKE_PREFIX_PATH}:/home/hari22/ros2_ws_db/install/arduinobot_py_examples:/opt/ros/humble /usr/bin/cmake --install /home/hari22/ros2_ws_db/build/arduinobot_description
