[0.616s] Invoking command in '/home/hari22/ros2_ws_db/src/arduinobot_py_examples': PYTHONPATH=/home/hari22/ros2_ws_db/build/arduinobot_py_examples/prefix_override:/home/hari22/ros2_ws_db/install/arduinobot_py_examples/lib/python3.10/site-packages:${PYTHONPATH} /usr/bin/python3 setup.py egg_info --egg-base ../../build/arduinobot_py_examples build --build-base /home/hari22/ros2_ws_db/build/arduinobot_py_examples/build install --record /home/hari22/ros2_ws_db/build/arduinobot_py_examples/install.log --single-version-externally-managed
[0.794s] running egg_info
[0.795s] writing ../../build/arduinobot_py_examples/arduinobot_py_examples.egg-info/PKG-INFO
[0.795s] writing dependency_links to ../../build/arduinobot_py_examples/arduinobot_py_examples.egg-info/dependency_links.txt
[0.795s] writing entry points to ../../build/arduinobot_py_examples/arduinobot_py_examples.egg-info/entry_points.txt
[0.795s] writing requirements to ../../build/arduinobot_py_examples/arduinobot_py_examples.egg-info/requires.txt
[0.796s] writing top-level names to ../../build/arduinobot_py_examples/arduinobot_py_examples.egg-info/top_level.txt
[0.797s] reading manifest file '../../build/arduinobot_py_examples/arduinobot_py_examples.egg-info/SOURCES.txt'
[0.797s] writing manifest file '../../build/arduinobot_py_examples/arduinobot_py_examples.egg-info/SOURCES.txt'
[0.797s] running build
[0.797s] running build_py
[0.798s] running install
[0.798s] /usr/lib/python3/dist-packages/setuptools/command/install.py:34: SetuptoolsDeprecationWarning: setup.py install is deprecated. Use build and pip and other standards-based tools.
[0.798s]   warnings.warn(
[0.798s] running install_lib
[0.799s] running install_data
[0.799s] running install_egg_info
[0.800s] removing '/home/hari22/ros2_ws_db/install/arduinobot_py_examples/lib/python3.10/site-packages/arduinobot_py_examples-0.0.0-py3.10.egg-info' (and everything under it)
[0.800s] Copying ../../build/arduinobot_py_examples/arduinobot_py_examples.egg-info to /home/hari22/ros2_ws_db/install/arduinobot_py_examples/lib/python3.10/site-packages/arduinobot_py_examples-0.0.0-py3.10.egg-info
[0.801s] running install_scripts
[0.815s] Installing simple_publisher script to /home/hari22/ros2_ws_db/install/arduinobot_py_examples/lib/arduinobot_py_examples
[0.815s] writing list of installed files to '/home/hari22/ros2_ws_db/build/arduinobot_py_examples/install.log'
[0.829s] Invoked command in '/home/hari22/ros2_ws_db/src/arduinobot_py_examples' returned '0': PYTHONPATH=/home/hari22/ros2_ws_db/build/arduinobot_py_examples/prefix_override:/home/hari22/ros2_ws_db/install/arduinobot_py_examples/lib/python3.10/site-packages:${PYTHONPATH} /usr/bin/python3 setup.py egg_info --egg-base ../../build/arduinobot_py_examples build --build-base /home/hari22/ros2_ws_db/build/arduinobot_py_examples/build install --record /home/hari22/ros2_ws_db/build/arduinobot_py_examples/install.log --single-version-externally-managed
