[1.586s] Invoking command in '/home/hari22/ros2_ws_db/src/hari_snake_package': PYTHONPATH=/home/hari22/ros2_ws_db/build/hari_snake_package/prefix_override:/home/hari22/ros2_ws_db/install/hari_snake_package/lib/python3.10/site-packages:${PYTHONPATH} /usr/bin/python3 setup.py egg_info --egg-base ../../build/hari_snake_package build --build-base /home/hari22/ros2_ws_db/build/hari_snake_package/build install --record /home/hari22/ros2_ws_db/build/hari_snake_package/install.log --single-version-externally-managed
[2.266s] running egg_info
[2.269s] writing ../../build/hari_snake_package/hari_snake_package.egg-info/PKG-INFO
[2.270s] writing dependency_links to ../../build/hari_snake_package/hari_snake_package.egg-info/dependency_links.txt
[2.271s] writing entry points to ../../build/hari_snake_package/hari_snake_package.egg-info/entry_points.txt
[2.271s] writing requirements to ../../build/hari_snake_package/hari_snake_package.egg-info/requires.txt
[2.272s] writing top-level names to ../../build/hari_snake_package/hari_snake_package.egg-info/top_level.txt
[2.279s] reading manifest file '../../build/hari_snake_package/hari_snake_package.egg-info/SOURCES.txt'
[2.283s] writing manifest file '../../build/hari_snake_package/hari_snake_package.egg-info/SOURCES.txt'
[2.284s] running build
[2.284s] running build_py
[2.285s] running install
[2.286s] /usr/lib/python3/dist-packages/setuptools/command/install.py:34: SetuptoolsDeprecationWarning: setup.py install is deprecated. Use build and pip and other standards-based tools.
[2.286s]   warnings.warn(
[2.286s] running install_lib
[2.287s] running install_data
[2.288s] running install_egg_info
[2.292s] removing '/home/hari22/ros2_ws_db/install/hari_snake_package/lib/python3.10/site-packages/hari_snake_package-0.0.0-py3.10.egg-info' (and everything under it)
[2.294s] Copying ../../build/hari_snake_package/hari_snake_package.egg-info to /home/hari22/ros2_ws_db/install/hari_snake_package/lib/python3.10/site-packages/hari_snake_package-0.0.0-py3.10.egg-info
[2.296s] running install_scripts
[2.368s] writing list of installed files to '/home/hari22/ros2_ws_db/build/hari_snake_package/install.log'
[2.408s] Invoked command in '/home/hari22/ros2_ws_db/src/hari_snake_package' returned '0': PYTHONPATH=/home/hari22/ros2_ws_db/build/hari_snake_package/prefix_override:/home/hari22/ros2_ws_db/install/hari_snake_package/lib/python3.10/site-packages:${PYTHONPATH} /usr/bin/python3 setup.py egg_info --egg-base ../../build/hari_snake_package build --build-base /home/hari22/ros2_ws_db/build/hari_snake_package/build install --record /home/hari22/ros2_ws_db/build/hari_snake_package/install.log --single-version-externally-managed
