[0.567s] Invoking command in '/home/hari22/ros2_ws_db/build/snake_cpp_py_pkg': /usr/bin/cmake /home/hari22/ros2_ws_db/src/snake_cpp_py_pkg -DCMAKE_INSTALL_PREFIX=/home/hari22/ros2_ws_db/install/snake_cpp_py_pkg
[0.576s] -- Found ament_cmake: 1.3.6 (/opt/ros/humble/share/ament_cmake/cmake)
[0.687s] -- Found rclcpp: 16.0.7 (/opt/ros/humble/share/rclcpp/cmake)
[0.709s] -- Found rosidl_generator_c: 3.1.5 (/opt/ros/humble/share/rosidl_generator_c/cmake)
[0.711s] -- Found rosidl_adapter: 3.1.5 (/opt/ros/humble/share/rosidl_adapter/cmake)
[0.717s] -- Found rosidl_generator_cpp: 3.1.5 (/opt/ros/humble/share/rosidl_generator_cpp/cmake)
[0.726s] -- Using all available rosidl_typesupport_c: rosidl_typesupport_fastrtps_c;rosidl_typesupport_introspection_c
[0.739s] -- Using all available rosidl_typesupport_cpp: rosidl_typesupport_fastrtps_cpp;rosidl_typesupport_introspection_cpp
[0.786s] -- Found rmw_implementation_cmake: 6.1.1 (/opt/ros/humble/share/rmw_implementation_cmake/cmake)
[0.787s] -- Found rmw_fastrtps_cpp: 6.2.5 (/opt/ros/humble/share/rmw_fastrtps_cpp/cmake)
[0.873s] -- Using RMW implementation 'rmw_fastrtps_cpp' as default
[0.997s] -- Found rclpy: 3.3.11 (/opt/ros/humble/share/rclpy/cmake)
[1.033s] Error parsing '/home/hari22/ros2_ws_db/src/snake_cpp_py_pkg/package.xml':
[1.072s] Traceback (most recent call last):
[1.072s]   File "/opt/ros/humble/share/ament_cmake_core/cmake/core/package_xml_2_cmake.py", line 150, in <module>
[1.073s]     main()
[1.073s]   File "/opt/ros/humble/share/ament_cmake_core/cmake/core/package_xml_2_cmake.py", line 53, in main
[1.073s]     raise e
[1.073s]   File "/opt/ros/humble/share/ament_cmake_core/cmake/core/package_xml_2_cmake.py", line 49, in main
[1.073s]     package = parse_package_string(
[1.073s]   File "/usr/lib/python3/dist-packages/catkin_pkg/package.py", line 786, in parse_package_string
[1.073s]     raise InvalidPackage('Error(s):%s' % (''.join(['\n- %s' % e for e in errors])), filename)
[1.073s] catkin_pkg.package.InvalidPackage: Error(s) in package '/home/hari22/ros2_ws_db/src/snake_cpp_py_pkg/package.xml':
[1.073s] Error(s):
[1.073s] - The generic dependency on 'rclcpp' is redundant with: exec_depend
[1.073s] - The generic dependency on 'rclpy' is redundant with: exec_depend
[1.090s] [31mCMake Error at /opt/ros/humble/share/ament_cmake_core/cmake/core/ament_package_xml.cmake:95 (message):
[1.090s]   execute_process(/usr/bin/python3.10
[1.090s]   /opt/ros/humble/share/ament_cmake_core/cmake/core/package_xml_2_cmake.py
[1.090s]   /home/hari22/ros2_ws_db/src/snake_cpp_py_pkg/package.xml
[1.090s]   /home/hari22/ros2_ws_db/build/snake_cpp_py_pkg/ament_cmake_core/package.cmake)
[1.090s]   returned error code 1
[1.090s] Call Stack (most recent call first):
[1.090s]   /opt/ros/humble/share/ament_cmake_core/cmake/core/ament_package_xml.cmake:49 (_ament_package_xml)
[1.091s]   /opt/ros/humble/share/ament_cmake_python/cmake/ament_python_install_package.cmake:60 (ament_package_xml)
[1.091s]   /opt/ros/humble/share/ament_cmake_python/cmake/ament_python_install_package.cmake:39 (_ament_cmake_python_install_package)
[1.091s]   CMakeLists.txt:28 (ament_python_install_package)
[1.091s] 
[1.091s] [0m
[1.091s] -- Configuring incomplete, errors occurred!
[1.091s] See also "/home/hari22/ros2_ws_db/build/snake_cpp_py_pkg/CMakeFiles/CMakeOutput.log".
[1.095s] Invoked command in '/home/hari22/ros2_ws_db/build/snake_cpp_py_pkg' returned '1': /usr/bin/cmake /home/hari22/ros2_ws_db/src/snake_cpp_py_pkg -DCMAKE_INSTALL_PREFIX=/home/hari22/ros2_ws_db/install/snake_cpp_py_pkg
