[0.862s] DEBUG:colcon:Command line arguments: ['/usr/bin/colcon', 'build']
[0.862s] DEBUG:colcon:Parsed command line arguments: Namespace(log_base=None, log_level=None, verb_name='build', build_base='build', install_base='install', merge_install=False, symlink_install=False, test_result_base=None, continue_on_error=False, executor='parallel', parallel_workers=16, event_handlers=None, ignore_user_meta=False, metas=['./colcon.meta'], base_paths=['.'], packages_ignore=None, packages_ignore_regex=None, paths=None, packages_up_to=None, packages_up_to_regex=None, packages_above=None, packages_above_and_dependencies=None, packages_above_depth=None, packages_select_by_dep=None, packages_skip_by_dep=None, packages_skip_up_to=None, packages_select_build_failed=False, packages_skip_build_finished=False, packages_select_test_failures=False, packages_skip_test_passed=False, packages_select=None, packages_skip=None, packages_select_regex=None, packages_skip_regex=None, packages_start=None, packages_end=None, allow_overriding=[], cmake_args=None, cmake_target=None, cmake_target_skip_unavailable=False, cmake_clean_cache=False, cmake_clean_first=False, cmake_force_configure=False, ament_cmake_args=None, catkin_cmake_args=None, catkin_skip_building_tests=False, verb_parser=<colcon_defaults.argument_parser.defaults.DefaultArgumentsDecorator object at 0x7ff1ffb9d720>, verb_extension=<colcon_core.verb.build.BuildVerb object at 0x7ff1ffb8c0a0>, main=<bound method BuildVerb.main of <colcon_core.verb.build.BuildVerb object at 0x7ff1ffb8c0a0>>)
[0.900s] Level 1:colcon.colcon_core.package_discovery:discover_packages(colcon_meta) check parameters
[0.900s] Level 1:colcon.colcon_core.package_discovery:discover_packages(recursive) check parameters
[0.900s] Level 1:colcon.colcon_core.package_discovery:discover_packages(ignore) check parameters
[0.900s] Level 1:colcon.colcon_core.package_discovery:discover_packages(path) check parameters
[0.900s] Level 1:colcon.colcon_core.package_discovery:discover_packages(colcon_meta) discover
[0.900s] Level 1:colcon.colcon_core.package_discovery:discover_packages(recursive) discover
[0.900s] INFO:colcon.colcon_core.package_discovery:Crawling recursively for packages in '/home/hari22/ros2_ws_db'
[0.900s] Level 1:colcon.colcon_core.package_identification:_identify(.) by extensions ['ignore', 'ignore_ament_install']
[0.901s] Level 1:colcon.colcon_core.package_identification:_identify(.) by extension 'ignore'
[0.901s] Level 1:colcon.colcon_core.package_identification:_identify(.) by extension 'ignore_ament_install'
[0.901s] Level 1:colcon.colcon_core.package_identification:_identify(.) by extensions ['colcon_pkg']
[0.901s] Level 1:colcon.colcon_core.package_identification:_identify(.) by extension 'colcon_pkg'
[0.901s] Level 1:colcon.colcon_core.package_identification:_identify(.) by extensions ['colcon_meta']
[0.901s] Level 1:colcon.colcon_core.package_identification:_identify(.) by extension 'colcon_meta'
[0.901s] Level 1:colcon.colcon_core.package_identification:_identify(.) by extensions ['ros']
[0.901s] Level 1:colcon.colcon_core.package_identification:_identify(.) by extension 'ros'
[0.908s] Level 1:colcon.colcon_core.package_identification:_identify(.) by extensions ['cmake', 'python']
[0.908s] Level 1:colcon.colcon_core.package_identification:_identify(.) by extension 'cmake'
[0.908s] Level 1:colcon.colcon_core.package_identification:_identify(.) by extension 'python'
[0.908s] Level 1:colcon.colcon_core.package_identification:_identify(.) by extensions ['python_setup_py']
[0.909s] Level 1:colcon.colcon_core.package_identification:_identify(.) by extension 'python_setup_py'
[0.909s] Level 1:colcon.colcon_core.package_identification:_identify(build) by extensions ['ignore', 'ignore_ament_install']
[0.909s] Level 1:colcon.colcon_core.package_identification:_identify(build) by extension 'ignore'
[0.909s] Level 1:colcon.colcon_core.package_identification:_identify(build) ignored
[0.909s] Level 1:colcon.colcon_core.package_identification:_identify(install) by extensions ['ignore', 'ignore_ament_install']
[0.909s] Level 1:colcon.colcon_core.package_identification:_identify(install) by extension 'ignore'
[0.909s] Level 1:colcon.colcon_core.package_identification:_identify(install) ignored
[0.909s] Level 1:colcon.colcon_core.package_identification:_identify(log) by extensions ['ignore', 'ignore_ament_install']
[0.909s] Level 1:colcon.colcon_core.package_identification:_identify(log) by extension 'ignore'
[0.909s] Level 1:colcon.colcon_core.package_identification:_identify(log) ignored
[0.909s] Level 1:colcon.colcon_core.package_identification:_identify(src) by extensions ['ignore', 'ignore_ament_install']
[0.909s] Level 1:colcon.colcon_core.package_identification:_identify(src) by extension 'ignore'
[0.909s] Level 1:colcon.colcon_core.package_identification:_identify(src) by extension 'ignore_ament_install'
[0.909s] Level 1:colcon.colcon_core.package_identification:_identify(src) by extensions ['colcon_pkg']
[0.909s] Level 1:colcon.colcon_core.package_identification:_identify(src) by extension 'colcon_pkg'
[0.909s] Level 1:colcon.colcon_core.package_identification:_identify(src) by extensions ['colcon_meta']
[0.909s] Level 1:colcon.colcon_core.package_identification:_identify(src) by extension 'colcon_meta'
[0.910s] Level 1:colcon.colcon_core.package_identification:_identify(src) by extensions ['ros']
[0.910s] Level 1:colcon.colcon_core.package_identification:_identify(src) by extension 'ros'
[0.910s] Level 1:colcon.colcon_core.package_identification:_identify(src) by extensions ['cmake', 'python']
[0.910s] Level 1:colcon.colcon_core.package_identification:_identify(src) by extension 'cmake'
[0.910s] Level 1:colcon.colcon_core.package_identification:_identify(src) by extension 'python'
[0.910s] Level 1:colcon.colcon_core.package_identification:_identify(src) by extensions ['python_setup_py']
[0.910s] Level 1:colcon.colcon_core.package_identification:_identify(src) by extension 'python_setup_py'
[0.910s] Level 1:colcon.colcon_core.package_identification:_identify(src/arduinobot_cpp_examples) by extensions ['ignore', 'ignore_ament_install']
[0.910s] Level 1:colcon.colcon_core.package_identification:_identify(src/arduinobot_cpp_examples) by extension 'ignore'
[0.910s] Level 1:colcon.colcon_core.package_identification:_identify(src/arduinobot_cpp_examples) by extension 'ignore_ament_install'
[0.910s] Level 1:colcon.colcon_core.package_identification:_identify(src/arduinobot_cpp_examples) by extensions ['colcon_pkg']
[0.910s] Level 1:colcon.colcon_core.package_identification:_identify(src/arduinobot_cpp_examples) by extension 'colcon_pkg'
[0.910s] Level 1:colcon.colcon_core.package_identification:_identify(src/arduinobot_cpp_examples) by extensions ['colcon_meta']
[0.910s] Level 1:colcon.colcon_core.package_identification:_identify(src/arduinobot_cpp_examples) by extension 'colcon_meta'
[0.910s] Level 1:colcon.colcon_core.package_identification:_identify(src/arduinobot_cpp_examples) by extensions ['ros']
[0.910s] Level 1:colcon.colcon_core.package_identification:_identify(src/arduinobot_cpp_examples) by extension 'ros'
[0.912s] DEBUG:colcon.colcon_core.package_identification:Package 'src/arduinobot_cpp_examples' with type 'ros.ament_cmake' and name 'arduinobot_cpp_examples'
[0.912s] Level 1:colcon.colcon_core.package_identification:_identify(src/arduinobot_description) by extensions ['ignore', 'ignore_ament_install']
[0.912s] Level 1:colcon.colcon_core.package_identification:_identify(src/arduinobot_description) by extension 'ignore'
[0.912s] Level 1:colcon.colcon_core.package_identification:_identify(src/arduinobot_description) by extension 'ignore_ament_install'
[0.912s] Level 1:colcon.colcon_core.package_identification:_identify(src/arduinobot_description) by extensions ['colcon_pkg']
[0.912s] Level 1:colcon.colcon_core.package_identification:_identify(src/arduinobot_description) by extension 'colcon_pkg'
[0.912s] Level 1:colcon.colcon_core.package_identification:_identify(src/arduinobot_description) by extensions ['colcon_meta']
[0.912s] Level 1:colcon.colcon_core.package_identification:_identify(src/arduinobot_description) by extension 'colcon_meta'
[0.912s] Level 1:colcon.colcon_core.package_identification:_identify(src/arduinobot_description) by extensions ['ros']
[0.912s] Level 1:colcon.colcon_core.package_identification:_identify(src/arduinobot_description) by extension 'ros'
[0.912s] DEBUG:colcon.colcon_core.package_identification:Package 'src/arduinobot_description' with type 'ros.ament_cmake' and name 'arduinobot_description'
[0.912s] Level 1:colcon.colcon_core.package_identification:_identify(src/arduinobot_py_examples) by extensions ['ignore', 'ignore_ament_install']
[0.912s] Level 1:colcon.colcon_core.package_identification:_identify(src/arduinobot_py_examples) by extension 'ignore'
[0.913s] Level 1:colcon.colcon_core.package_identification:_identify(src/arduinobot_py_examples) by extension 'ignore_ament_install'
[0.913s] Level 1:colcon.colcon_core.package_identification:_identify(src/arduinobot_py_examples) by extensions ['colcon_pkg']
[0.913s] Level 1:colcon.colcon_core.package_identification:_identify(src/arduinobot_py_examples) by extension 'colcon_pkg'
[0.913s] Level 1:colcon.colcon_core.package_identification:_identify(src/arduinobot_py_examples) by extensions ['colcon_meta']
[0.913s] Level 1:colcon.colcon_core.package_identification:_identify(src/arduinobot_py_examples) by extension 'colcon_meta'
[0.913s] Level 1:colcon.colcon_core.package_identification:_identify(src/arduinobot_py_examples) by extensions ['ros']
[0.913s] Level 1:colcon.colcon_core.package_identification:_identify(src/arduinobot_py_examples) by extension 'ros'
[0.913s] DEBUG:colcon.colcon_core.package_identification:Package 'src/arduinobot_py_examples' with type 'ros.ament_python' and name 'arduinobot_py_examples'
[0.913s] Level 1:colcon.colcon_core.package_identification:_identify(src/hari_snake_package) by extensions ['ignore', 'ignore_ament_install']
[0.913s] Level 1:colcon.colcon_core.package_identification:_identify(src/hari_snake_package) by extension 'ignore'
[0.913s] Level 1:colcon.colcon_core.package_identification:_identify(src/hari_snake_package) by extension 'ignore_ament_install'
[0.913s] Level 1:colcon.colcon_core.package_identification:_identify(src/hari_snake_package) by extensions ['colcon_pkg']
[0.913s] Level 1:colcon.colcon_core.package_identification:_identify(src/hari_snake_package) by extension 'colcon_pkg'
[0.913s] Level 1:colcon.colcon_core.package_identification:_identify(src/hari_snake_package) by extensions ['colcon_meta']
[0.913s] Level 1:colcon.colcon_core.package_identification:_identify(src/hari_snake_package) by extension 'colcon_meta'
[0.913s] Level 1:colcon.colcon_core.package_identification:_identify(src/hari_snake_package) by extensions ['ros']
[0.913s] Level 1:colcon.colcon_core.package_identification:_identify(src/hari_snake_package) by extension 'ros'
[0.914s] DEBUG:colcon.colcon_core.package_identification:Package 'src/hari_snake_package' with type 'ros.ament_python' and name 'hari_snake_package'
[0.914s] Level 1:colcon.colcon_core.package_identification:_identify(src/snake_cpp_py_pkg) by extensions ['ignore', 'ignore_ament_install']
[0.914s] Level 1:colcon.colcon_core.package_identification:_identify(src/snake_cpp_py_pkg) by extension 'ignore'
[0.914s] Level 1:colcon.colcon_core.package_identification:_identify(src/snake_cpp_py_pkg) by extension 'ignore_ament_install'
[0.914s] Level 1:colcon.colcon_core.package_identification:_identify(src/snake_cpp_py_pkg) by extensions ['colcon_pkg']
[0.914s] Level 1:colcon.colcon_core.package_identification:_identify(src/snake_cpp_py_pkg) by extension 'colcon_pkg'
[0.914s] Level 1:colcon.colcon_core.package_identification:_identify(src/snake_cpp_py_pkg) by extensions ['colcon_meta']
[0.914s] Level 1:colcon.colcon_core.package_identification:_identify(src/snake_cpp_py_pkg) by extension 'colcon_meta'
[0.914s] Level 1:colcon.colcon_core.package_identification:_identify(src/snake_cpp_py_pkg) by extensions ['ros']
[0.914s] Level 1:colcon.colcon_core.package_identification:_identify(src/snake_cpp_py_pkg) by extension 'ros'
[0.914s] DEBUG:colcon.colcon_core.package_identification:Package 'src/snake_cpp_py_pkg' with type 'ros.ament_cmake' and name 'snake_cpp_py_pkg'
[0.914s] Level 1:colcon.colcon_core.package_discovery:discover_packages(recursive) using defaults
[0.914s] Level 1:colcon.colcon_core.package_discovery:discover_packages(ignore) discover
[0.915s] Level 1:colcon.colcon_core.package_discovery:discover_packages(ignore) using defaults
[0.915s] Level 1:colcon.colcon_core.package_discovery:discover_packages(path) discover
[0.915s] Level 1:colcon.colcon_core.package_discovery:discover_packages(path) using defaults
[0.993s] Level 1:colcon.colcon_core.package_discovery:discover_packages(prefix_path) check parameters
[0.993s] Level 1:colcon.colcon_core.package_discovery:discover_packages(prefix_path) discover
[1.020s] DEBUG:colcon.colcon_installed_package_information.package_discovery:Found 5 installed packages in /home/hari22/ros2_ws_db/install
[1.040s] DEBUG:colcon.colcon_installed_package_information.package_discovery:Found 364 installed packages in /opt/ros/humble
[1.042s] Level 1:colcon.colcon_core.package_discovery:discover_packages(prefix_path) using defaults
[1.122s] Level 5:colcon.colcon_core.verb:set package 'arduinobot_cpp_examples' build argument 'cmake_args' from command line to 'None'
[1.122s] Level 5:colcon.colcon_core.verb:set package 'arduinobot_cpp_examples' build argument 'cmake_target' from command line to 'None'
[1.122s] Level 5:colcon.colcon_core.verb:set package 'arduinobot_cpp_examples' build argument 'cmake_target_skip_unavailable' from command line to 'False'
[1.122s] Level 5:colcon.colcon_core.verb:set package 'arduinobot_cpp_examples' build argument 'cmake_clean_cache' from command line to 'False'
[1.122s] Level 5:colcon.colcon_core.verb:set package 'arduinobot_cpp_examples' build argument 'cmake_clean_first' from command line to 'False'
[1.122s] Level 5:colcon.colcon_core.verb:set package 'arduinobot_cpp_examples' build argument 'cmake_force_configure' from command line to 'False'
[1.122s] Level 5:colcon.colcon_core.verb:set package 'arduinobot_cpp_examples' build argument 'ament_cmake_args' from command line to 'None'
[1.122s] Level 5:colcon.colcon_core.verb:set package 'arduinobot_cpp_examples' build argument 'catkin_cmake_args' from command line to 'None'
[1.122s] Level 5:colcon.colcon_core.verb:set package 'arduinobot_cpp_examples' build argument 'catkin_skip_building_tests' from command line to 'False'
[1.122s] DEBUG:colcon.colcon_core.verb:Building package 'arduinobot_cpp_examples' with the following arguments: {'ament_cmake_args': None, 'build_base': '/home/hari22/ros2_ws_db/build/arduinobot_cpp_examples', 'catkin_cmake_args': None, 'catkin_skip_building_tests': False, 'cmake_args': None, 'cmake_clean_cache': False, 'cmake_clean_first': False, 'cmake_force_configure': False, 'cmake_target': None, 'cmake_target_skip_unavailable': False, 'install_base': '/home/hari22/ros2_ws_db/install/arduinobot_cpp_examples', 'merge_install': False, 'path': '/home/hari22/ros2_ws_db/src/arduinobot_cpp_examples', 'symlink_install': False, 'test_result_base': None}
[1.135s] Level 5:colcon.colcon_core.verb:set package 'arduinobot_description' build argument 'cmake_args' from command line to 'None'
[1.135s] Level 5:colcon.colcon_core.verb:set package 'arduinobot_description' build argument 'cmake_target' from command line to 'None'
[1.135s] Level 5:colcon.colcon_core.verb:set package 'arduinobot_description' build argument 'cmake_target_skip_unavailable' from command line to 'False'
[1.135s] Level 5:colcon.colcon_core.verb:set package 'arduinobot_description' build argument 'cmake_clean_cache' from command line to 'False'
[1.135s] Level 5:colcon.colcon_core.verb:set package 'arduinobot_description' build argument 'cmake_clean_first' from command line to 'False'
[1.135s] Level 5:colcon.colcon_core.verb:set package 'arduinobot_description' build argument 'cmake_force_configure' from command line to 'False'
[1.135s] Level 5:colcon.colcon_core.verb:set package 'arduinobot_description' build argument 'ament_cmake_args' from command line to 'None'
[1.135s] Level 5:colcon.colcon_core.verb:set package 'arduinobot_description' build argument 'catkin_cmake_args' from command line to 'None'
[1.135s] Level 5:colcon.colcon_core.verb:set package 'arduinobot_description' build argument 'catkin_skip_building_tests' from command line to 'False'
[1.135s] DEBUG:colcon.colcon_core.verb:Building package 'arduinobot_description' with the following arguments: {'ament_cmake_args': None, 'build_base': '/home/hari22/ros2_ws_db/build/arduinobot_description', 'catkin_cmake_args': None, 'catkin_skip_building_tests': False, 'cmake_args': None, 'cmake_clean_cache': False, 'cmake_clean_first': False, 'cmake_force_configure': False, 'cmake_target': None, 'cmake_target_skip_unavailable': False, 'install_base': '/home/hari22/ros2_ws_db/install/arduinobot_description', 'merge_install': False, 'path': '/home/hari22/ros2_ws_db/src/arduinobot_description', 'symlink_install': False, 'test_result_base': None}
[1.149s] Level 5:colcon.colcon_core.verb:set package 'arduinobot_py_examples' build argument 'cmake_args' from command line to 'None'
[1.149s] Level 5:colcon.colcon_core.verb:set package 'arduinobot_py_examples' build argument 'cmake_target' from command line to 'None'
[1.149s] Level 5:colcon.colcon_core.verb:set package 'arduinobot_py_examples' build argument 'cmake_target_skip_unavailable' from command line to 'False'
[1.149s] Level 5:colcon.colcon_core.verb:set package 'arduinobot_py_examples' build argument 'cmake_clean_cache' from command line to 'False'
[1.149s] Level 5:colcon.colcon_core.verb:set package 'arduinobot_py_examples' build argument 'cmake_clean_first' from command line to 'False'
[1.149s] Level 5:colcon.colcon_core.verb:set package 'arduinobot_py_examples' build argument 'cmake_force_configure' from command line to 'False'
[1.149s] Level 5:colcon.colcon_core.verb:set package 'arduinobot_py_examples' build argument 'ament_cmake_args' from command line to 'None'
[1.149s] Level 5:colcon.colcon_core.verb:set package 'arduinobot_py_examples' build argument 'catkin_cmake_args' from command line to 'None'
[1.149s] Level 5:colcon.colcon_core.verb:set package 'arduinobot_py_examples' build argument 'catkin_skip_building_tests' from command line to 'False'
[1.149s] DEBUG:colcon.colcon_core.verb:Building package 'arduinobot_py_examples' with the following arguments: {'ament_cmake_args': None, 'build_base': '/home/hari22/ros2_ws_db/build/arduinobot_py_examples', 'catkin_cmake_args': None, 'catkin_skip_building_tests': False, 'cmake_args': None, 'cmake_clean_cache': False, 'cmake_clean_first': False, 'cmake_force_configure': False, 'cmake_target': None, 'cmake_target_skip_unavailable': False, 'install_base': '/home/hari22/ros2_ws_db/install/arduinobot_py_examples', 'merge_install': False, 'path': '/home/hari22/ros2_ws_db/src/arduinobot_py_examples', 'symlink_install': False, 'test_result_base': None}
[1.162s] Level 5:colcon.colcon_core.verb:set package 'hari_snake_package' build argument 'cmake_args' from command line to 'None'
[1.162s] Level 5:colcon.colcon_core.verb:set package 'hari_snake_package' build argument 'cmake_target' from command line to 'None'
[1.162s] Level 5:colcon.colcon_core.verb:set package 'hari_snake_package' build argument 'cmake_target_skip_unavailable' from command line to 'False'
[1.163s] Level 5:colcon.colcon_core.verb:set package 'hari_snake_package' build argument 'cmake_clean_cache' from command line to 'False'
[1.163s] Level 5:colcon.colcon_core.verb:set package 'hari_snake_package' build argument 'cmake_clean_first' from command line to 'False'
[1.163s] Level 5:colcon.colcon_core.verb:set package 'hari_snake_package' build argument 'cmake_force_configure' from command line to 'False'
[1.163s] Level 5:colcon.colcon_core.verb:set package 'hari_snake_package' build argument 'ament_cmake_args' from command line to 'None'
[1.163s] Level 5:colcon.colcon_core.verb:set package 'hari_snake_package' build argument 'catkin_cmake_args' from command line to 'None'
[1.163s] Level 5:colcon.colcon_core.verb:set package 'hari_snake_package' build argument 'catkin_skip_building_tests' from command line to 'False'
[1.163s] DEBUG:colcon.colcon_core.verb:Building package 'hari_snake_package' with the following arguments: {'ament_cmake_args': None, 'build_base': '/home/hari22/ros2_ws_db/build/hari_snake_package', 'catkin_cmake_args': None, 'catkin_skip_building_tests': False, 'cmake_args': None, 'cmake_clean_cache': False, 'cmake_clean_first': False, 'cmake_force_configure': False, 'cmake_target': None, 'cmake_target_skip_unavailable': False, 'install_base': '/home/hari22/ros2_ws_db/install/hari_snake_package', 'merge_install': False, 'path': '/home/hari22/ros2_ws_db/src/hari_snake_package', 'symlink_install': False, 'test_result_base': None}
[1.177s] Level 5:colcon.colcon_core.verb:set package 'snake_cpp_py_pkg' build argument 'cmake_args' from command line to 'None'
[1.177s] Level 5:colcon.colcon_core.verb:set package 'snake_cpp_py_pkg' build argument 'cmake_target' from command line to 'None'
[1.177s] Level 5:colcon.colcon_core.verb:set package 'snake_cpp_py_pkg' build argument 'cmake_target_skip_unavailable' from command line to 'False'
[1.177s] Level 5:colcon.colcon_core.verb:set package 'snake_cpp_py_pkg' build argument 'cmake_clean_cache' from command line to 'False'
[1.177s] Level 5:colcon.colcon_core.verb:set package 'snake_cpp_py_pkg' build argument 'cmake_clean_first' from command line to 'False'
[1.177s] Level 5:colcon.colcon_core.verb:set package 'snake_cpp_py_pkg' build argument 'cmake_force_configure' from command line to 'False'
[1.177s] Level 5:colcon.colcon_core.verb:set package 'snake_cpp_py_pkg' build argument 'ament_cmake_args' from command line to 'None'
[1.177s] Level 5:colcon.colcon_core.verb:set package 'snake_cpp_py_pkg' build argument 'catkin_cmake_args' from command line to 'None'
[1.177s] Level 5:colcon.colcon_core.verb:set package 'snake_cpp_py_pkg' build argument 'catkin_skip_building_tests' from command line to 'False'
[1.177s] DEBUG:colcon.colcon_core.verb:Building package 'snake_cpp_py_pkg' with the following arguments: {'ament_cmake_args': None, 'build_base': '/home/hari22/ros2_ws_db/build/snake_cpp_py_pkg', 'catkin_cmake_args': None, 'catkin_skip_building_tests': False, 'cmake_args': None, 'cmake_clean_cache': False, 'cmake_clean_first': False, 'cmake_force_configure': False, 'cmake_target': None, 'cmake_target_skip_unavailable': False, 'install_base': '/home/hari22/ros2_ws_db/install/snake_cpp_py_pkg', 'merge_install': False, 'path': '/home/hari22/ros2_ws_db/src/snake_cpp_py_pkg', 'symlink_install': False, 'test_result_base': None}
[1.191s] INFO:colcon.colcon_core.executor:Executing jobs using 'parallel' executor
[1.206s] DEBUG:colcon.colcon_parallel_executor.executor.parallel:run_until_complete
[1.206s] INFO:colcon.colcon_ros.task.ament_cmake.build:Building ROS package in '/home/hari22/ros2_ws_db/src/arduinobot_cpp_examples' with build type 'ament_cmake'
[1.206s] INFO:colcon.colcon_cmake.task.cmake.build:Building CMake package in '/home/hari22/ros2_ws_db/src/arduinobot_cpp_examples'
[1.222s] INFO:colcon.colcon_core.plugin_system:Skipping extension 'colcon_core.shell.bat': Not used on non-Windows systems
[1.222s] INFO:colcon.colcon_core.shell:Skip shell extension 'powershell' for command environment: Not usable outside of PowerShell
[1.222s] DEBUG:colcon.colcon_core.shell:Skip shell extension 'dsv' for command environment
[1.267s] INFO:colcon.colcon_ros.task.ament_cmake.build:Building ROS package in '/home/hari22/ros2_ws_db/src/arduinobot_description' with build type 'ament_cmake'
[1.267s] INFO:colcon.colcon_cmake.task.cmake.build:Building CMake package in '/home/hari22/ros2_ws_db/src/arduinobot_description'
[1.281s] INFO:colcon.colcon_core.shell:Skip shell extension 'powershell' for command environment: Not usable outside of PowerShell
[1.281s] DEBUG:colcon.colcon_core.shell:Skip shell extension 'dsv' for command environment
[1.326s] INFO:colcon.colcon_ros.task.ament_python.build:Building ROS package in '/home/hari22/ros2_ws_db/src/arduinobot_py_examples' with build type 'ament_python'
[1.326s] Level 1:colcon.colcon_core.shell:create_environment_hook('arduinobot_py_examples', 'ament_prefix_path')
[1.341s] INFO:colcon.colcon_core.shell:Creating environment hook '/home/hari22/ros2_ws_db/install/arduinobot_py_examples/share/arduinobot_py_examples/hook/ament_prefix_path.ps1'
[1.341s] INFO:colcon.colcon_core.shell:Creating environment descriptor '/home/hari22/ros2_ws_db/install/arduinobot_py_examples/share/arduinobot_py_examples/hook/ament_prefix_path.dsv'
[1.342s] INFO:colcon.colcon_core.shell:Creating environment hook '/home/hari22/ros2_ws_db/install/arduinobot_py_examples/share/arduinobot_py_examples/hook/ament_prefix_path.sh'
[1.356s] INFO:colcon.colcon_core.shell:Skip shell extension 'powershell' for command environment: Not usable outside of PowerShell
[1.356s] DEBUG:colcon.colcon_core.shell:Skip shell extension 'dsv' for command environment
[1.398s] INFO:colcon.colcon_ros.task.ament_python.build:Building ROS package in '/home/hari22/ros2_ws_db/src/hari_snake_package' with build type 'ament_python'
[1.398s] Level 1:colcon.colcon_core.shell:create_environment_hook('hari_snake_package', 'ament_prefix_path')
[1.412s] INFO:colcon.colcon_core.shell:Creating environment hook '/home/hari22/ros2_ws_db/install/hari_snake_package/share/hari_snake_package/hook/ament_prefix_path.ps1'
[1.413s] INFO:colcon.colcon_core.shell:Creating environment descriptor '/home/hari22/ros2_ws_db/install/hari_snake_package/share/hari_snake_package/hook/ament_prefix_path.dsv'
[1.413s] INFO:colcon.colcon_core.shell:Creating environment hook '/home/hari22/ros2_ws_db/install/hari_snake_package/share/hari_snake_package/hook/ament_prefix_path.sh'
[1.427s] INFO:colcon.colcon_core.shell:Skip shell extension 'powershell' for command environment: Not usable outside of PowerShell
[1.427s] DEBUG:colcon.colcon_core.shell:Skip shell extension 'dsv' for command environment
[1.476s] INFO:colcon.colcon_ros.task.ament_cmake.build:Building ROS package in '/home/hari22/ros2_ws_db/src/snake_cpp_py_pkg' with build type 'ament_cmake'
[1.476s] INFO:colcon.colcon_cmake.task.cmake.build:Building CMake package in '/home/hari22/ros2_ws_db/src/snake_cpp_py_pkg'
[1.491s] INFO:colcon.colcon_core.shell:Skip shell extension 'powershell' for command environment: Not usable outside of PowerShell
[1.491s] DEBUG:colcon.colcon_core.shell:Skip shell extension 'dsv' for command environment
[1.540s] DEBUG:colcon.colcon_core.event_handler.log_command:Invoking command in '/home/hari22/ros2_ws_db/build/arduinobot_cpp_examples': CMAKE_PREFIX_PATH=${CMAKE_PREFIX_PATH}:/home/hari22/ros2_ws_db/install/hari_snake_package:/home/hari22/ros2_ws_db/install/arduinobot_py_examples:/opt/ros/humble /usr/bin/cmake --build /home/hari22/ros2_ws_db/build/arduinobot_cpp_examples -- -j16 -l16
[1.544s] DEBUG:colcon.colcon_core.event_handler.log_command:Invoking command in '/home/hari22/ros2_ws_db/build/arduinobot_description': CMAKE_PREFIX_PATH=${CMAKE_PREFIX_PATH}:/home/hari22/ros2_ws_db/install/hari_snake_package:/home/hari22/ros2_ws_db/install/arduinobot_py_examples:/opt/ros/humble /usr/bin/cmake --build /home/hari22/ros2_ws_db/build/arduinobot_description -- -j16 -l16
[1.746s] INFO:colcon.colcon_core.task.python.build:Building Python package in '/home/hari22/ros2_ws_db/src/arduinobot_py_examples'
[1.760s] INFO:colcon.colcon_core.shell:Skip shell extension 'powershell' for command environment: Not usable outside of PowerShell
[1.760s] DEBUG:colcon.colcon_core.shell:Skip shell extension 'dsv' for command environment
[1.998s] INFO:colcon.colcon_core.task.python.build:Building Python package in '/home/hari22/ros2_ws_db/src/hari_snake_package'
[2.012s] INFO:colcon.colcon_core.shell:Skip shell extension 'powershell' for command environment: Not usable outside of PowerShell
[2.012s] DEBUG:colcon.colcon_core.shell:Skip shell extension 'dsv' for command environment
[2.060s] DEBUG:colcon.colcon_core.event_handler.log_command:Invoking command in '/home/hari22/ros2_ws_db/build/snake_cpp_py_pkg': CMAKE_PREFIX_PATH=${CMAKE_PREFIX_PATH}:/home/hari22/ros2_ws_db/install/hari_snake_package:/home/hari22/ros2_ws_db/install/arduinobot_py_examples:/opt/ros/humble /usr/bin/cmake --build /home/hari22/ros2_ws_db/build/snake_cpp_py_pkg -- -j16 -l16
[2.060s] DEBUG:colcon.colcon_core.event_handler.log_command:Invoked command in '/home/hari22/ros2_ws_db/build/arduinobot_cpp_examples' returned '0': CMAKE_PREFIX_PATH=${CMAKE_PREFIX_PATH}:/home/hari22/ros2_ws_db/install/hari_snake_package:/home/hari22/ros2_ws_db/install/arduinobot_py_examples:/opt/ros/humble /usr/bin/cmake --build /home/hari22/ros2_ws_db/build/arduinobot_cpp_examples -- -j16 -l16
[2.061s] DEBUG:colcon.colcon_core.event_handler.log_command:Invoked command in '/home/hari22/ros2_ws_db/build/arduinobot_description' returned '0': CMAKE_PREFIX_PATH=${CMAKE_PREFIX_PATH}:/home/hari22/ros2_ws_db/install/hari_snake_package:/home/hari22/ros2_ws_db/install/arduinobot_py_examples:/opt/ros/humble /usr/bin/cmake --build /home/hari22/ros2_ws_db/build/arduinobot_description -- -j16 -l16
[2.082s] DEBUG:colcon.colcon_core.event_handler.log_command:Invoking command in '/home/hari22/ros2_ws_db/build/arduinobot_description': CMAKE_PREFIX_PATH=${CMAKE_PREFIX_PATH}:/home/hari22/ros2_ws_db/install/hari_snake_package:/home/hari22/ros2_ws_db/install/arduinobot_py_examples:/opt/ros/humble /usr/bin/cmake --install /home/hari22/ros2_ws_db/build/arduinobot_description
[2.084s] DEBUG:colcon.colcon_core.event_handler.log_command:Invoking command in '/home/hari22/ros2_ws_db/build/arduinobot_cpp_examples': CMAKE_PREFIX_PATH=${CMAKE_PREFIX_PATH}:/home/hari22/ros2_ws_db/install/hari_snake_package:/home/hari22/ros2_ws_db/install/arduinobot_py_examples:/opt/ros/humble /usr/bin/cmake --install /home/hari22/ros2_ws_db/build/arduinobot_cpp_examples
[2.091s] Level 1:colcon.colcon_core.environment:create_environment_scripts_only(arduinobot_cpp_examples)
[2.095s] DEBUG:colcon.colcon_core.event_handler.log_command:Invoked command in '/home/hari22/ros2_ws_db/build/arduinobot_cpp_examples' returned '0': CMAKE_PREFIX_PATH=${CMAKE_PREFIX_PATH}:/home/hari22/ros2_ws_db/install/hari_snake_package:/home/hari22/ros2_ws_db/install/arduinobot_py_examples:/opt/ros/humble /usr/bin/cmake --install /home/hari22/ros2_ws_db/build/arduinobot_cpp_examples
[2.111s] Level 1:colcon.colcon_core.environment:checking '/home/hari22/ros2_ws_db/install/arduinobot_cpp_examples' for CMake module files
[2.112s] Level 1:colcon.colcon_core.environment:checking '/home/hari22/ros2_ws_db/install/arduinobot_cpp_examples' for CMake config files
[2.112s] Level 1:colcon.colcon_core.shell:create_environment_hook('arduinobot_cpp_examples', 'cmake_prefix_path')
[2.127s] INFO:colcon.colcon_core.shell:Creating environment hook '/home/hari22/ros2_ws_db/install/arduinobot_cpp_examples/share/arduinobot_cpp_examples/hook/cmake_prefix_path.ps1'
[2.127s] INFO:colcon.colcon_core.shell:Creating environment descriptor '/home/hari22/ros2_ws_db/install/arduinobot_cpp_examples/share/arduinobot_cpp_examples/hook/cmake_prefix_path.dsv'
[2.127s] INFO:colcon.colcon_core.shell:Creating environment hook '/home/hari22/ros2_ws_db/install/arduinobot_cpp_examples/share/arduinobot_cpp_examples/hook/cmake_prefix_path.sh'
[2.128s] Level 1:colcon.colcon_core.environment:checking '/home/hari22/ros2_ws_db/install/arduinobot_cpp_examples/bin'
[2.128s] Level 1:colcon.colcon_core.environment:checking '/home/hari22/ros2_ws_db/install/arduinobot_cpp_examples/lib/pkgconfig/arduinobot_cpp_examples.pc'
[2.128s] Level 1:colcon.colcon_core.environment:checking '/home/hari22/ros2_ws_db/install/arduinobot_cpp_examples/lib/python3.10/site-packages'
[2.128s] Level 1:colcon.colcon_core.environment:checking '/home/hari22/ros2_ws_db/install/arduinobot_cpp_examples/bin'
[2.144s] INFO:colcon.colcon_core.shell:Creating package script '/home/hari22/ros2_ws_db/install/arduinobot_cpp_examples/share/arduinobot_cpp_examples/package.ps1'
[2.144s] INFO:colcon.colcon_core.shell:Creating package descriptor '/home/hari22/ros2_ws_db/install/arduinobot_cpp_examples/share/arduinobot_cpp_examples/package.dsv'
[2.145s] INFO:colcon.colcon_core.shell:Creating package script '/home/hari22/ros2_ws_db/install/arduinobot_cpp_examples/share/arduinobot_cpp_examples/package.sh'
[2.145s] INFO:colcon.colcon_core.shell:Creating package script '/home/hari22/ros2_ws_db/install/arduinobot_cpp_examples/share/arduinobot_cpp_examples/package.bash'
[2.146s] INFO:colcon.colcon_core.shell:Creating package script '/home/hari22/ros2_ws_db/install/arduinobot_cpp_examples/share/arduinobot_cpp_examples/package.zsh'
[2.146s] Level 1:colcon.colcon_core.environment:create_file_with_runtime_dependencies(/home/hari22/ros2_ws_db/install/arduinobot_cpp_examples/share/colcon-core/packages/arduinobot_cpp_examples)
[2.147s] Level 1:colcon.colcon_core.environment:create_environment_scripts_only(arduinobot_description)
[2.148s] DEBUG:colcon.colcon_core.event_handler.log_command:Invoked command in '/home/hari22/ros2_ws_db/build/arduinobot_description' returned '0': CMAKE_PREFIX_PATH=${CMAKE_PREFIX_PATH}:/home/hari22/ros2_ws_db/install/hari_snake_package:/home/hari22/ros2_ws_db/install/arduinobot_py_examples:/opt/ros/humble /usr/bin/cmake --install /home/hari22/ros2_ws_db/build/arduinobot_description
[2.166s] Level 1:colcon.colcon_core.environment:checking '/home/hari22/ros2_ws_db/install/arduinobot_description' for CMake module files
[2.166s] Level 1:colcon.colcon_core.environment:checking '/home/hari22/ros2_ws_db/install/arduinobot_description' for CMake config files
[2.166s] Level 1:colcon.colcon_core.shell:create_environment_hook('arduinobot_description', 'cmake_prefix_path')
[2.181s] INFO:colcon.colcon_core.shell:Creating environment hook '/home/hari22/ros2_ws_db/install/arduinobot_description/share/arduinobot_description/hook/cmake_prefix_path.ps1'
[2.182s] INFO:colcon.colcon_core.shell:Creating environment descriptor '/home/hari22/ros2_ws_db/install/arduinobot_description/share/arduinobot_description/hook/cmake_prefix_path.dsv'
[2.182s] INFO:colcon.colcon_core.shell:Creating environment hook '/home/hari22/ros2_ws_db/install/arduinobot_description/share/arduinobot_description/hook/cmake_prefix_path.sh'
[2.182s] Level 1:colcon.colcon_core.environment:checking '/home/hari22/ros2_ws_db/install/arduinobot_description/bin'
[2.182s] Level 1:colcon.colcon_core.environment:checking '/home/hari22/ros2_ws_db/install/arduinobot_description/lib/pkgconfig/arduinobot_description.pc'
[2.183s] Level 1:colcon.colcon_core.environment:checking '/home/hari22/ros2_ws_db/install/arduinobot_description/lib/python3.10/site-packages'
[2.183s] Level 1:colcon.colcon_core.environment:checking '/home/hari22/ros2_ws_db/install/arduinobot_description/bin'
[2.198s] INFO:colcon.colcon_core.shell:Creating package script '/home/hari22/ros2_ws_db/install/arduinobot_description/share/arduinobot_description/package.ps1'
[2.198s] INFO:colcon.colcon_core.shell:Creating package descriptor '/home/hari22/ros2_ws_db/install/arduinobot_description/share/arduinobot_description/package.dsv'
[2.199s] INFO:colcon.colcon_core.shell:Creating package script '/home/hari22/ros2_ws_db/install/arduinobot_description/share/arduinobot_description/package.sh'
[2.199s] INFO:colcon.colcon_core.shell:Creating package script '/home/hari22/ros2_ws_db/install/arduinobot_description/share/arduinobot_description/package.bash'
[2.200s] INFO:colcon.colcon_core.shell:Creating package script '/home/hari22/ros2_ws_db/install/arduinobot_description/share/arduinobot_description/package.zsh'
[2.200s] Level 1:colcon.colcon_core.environment:create_file_with_runtime_dependencies(/home/hari22/ros2_ws_db/install/arduinobot_description/share/colcon-core/packages/arduinobot_description)
[2.218s] Level 1:colcon.colcon_core.environment:create_environment_scripts_only(arduinobot_cpp_examples)
[2.232s] Level 1:colcon.colcon_core.environment:checking '/home/hari22/ros2_ws_db/install/arduinobot_cpp_examples' for CMake module files
[2.233s] Level 1:colcon.colcon_core.environment:checking '/home/hari22/ros2_ws_db/install/arduinobot_cpp_examples' for CMake config files
[2.233s] Level 1:colcon.colcon_core.shell:create_environment_hook('arduinobot_cpp_examples', 'cmake_prefix_path')
[2.248s] INFO:colcon.colcon_core.shell:Creating environment hook '/home/hari22/ros2_ws_db/install/arduinobot_cpp_examples/share/arduinobot_cpp_examples/hook/cmake_prefix_path.ps1'
[2.248s] INFO:colcon.colcon_core.shell:Creating environment descriptor '/home/hari22/ros2_ws_db/install/arduinobot_cpp_examples/share/arduinobot_cpp_examples/hook/cmake_prefix_path.dsv'
[2.249s] INFO:colcon.colcon_core.shell:Creating environment hook '/home/hari22/ros2_ws_db/install/arduinobot_cpp_examples/share/arduinobot_cpp_examples/hook/cmake_prefix_path.sh'
[2.249s] Level 1:colcon.colcon_core.environment:checking '/home/hari22/ros2_ws_db/install/arduinobot_cpp_examples/bin'
[2.249s] Level 1:colcon.colcon_core.environment:checking '/home/hari22/ros2_ws_db/install/arduinobot_cpp_examples/lib/pkgconfig/arduinobot_cpp_examples.pc'
[2.249s] Level 1:colcon.colcon_core.environment:checking '/home/hari22/ros2_ws_db/install/arduinobot_cpp_examples/lib/python3.10/site-packages'
[2.250s] Level 1:colcon.colcon_core.environment:checking '/home/hari22/ros2_ws_db/install/arduinobot_cpp_examples/bin'
[2.273s] INFO:colcon.colcon_core.shell:Creating package script '/home/hari22/ros2_ws_db/install/arduinobot_cpp_examples/share/arduinobot_cpp_examples/package.ps1'
[2.274s] INFO:colcon.colcon_core.shell:Creating package descriptor '/home/hari22/ros2_ws_db/install/arduinobot_cpp_examples/share/arduinobot_cpp_examples/package.dsv'
[2.274s] INFO:colcon.colcon_core.shell:Creating package script '/home/hari22/ros2_ws_db/install/arduinobot_cpp_examples/share/arduinobot_cpp_examples/package.sh'
[2.274s] INFO:colcon.colcon_core.shell:Creating package script '/home/hari22/ros2_ws_db/install/arduinobot_cpp_examples/share/arduinobot_cpp_examples/package.bash'
[2.275s] INFO:colcon.colcon_core.shell:Creating package script '/home/hari22/ros2_ws_db/install/arduinobot_cpp_examples/share/arduinobot_cpp_examples/package.zsh'
[2.275s] Level 1:colcon.colcon_core.environment:create_file_with_runtime_dependencies(/home/hari22/ros2_ws_db/install/arduinobot_cpp_examples/share/colcon-core/packages/arduinobot_cpp_examples)
[2.291s] Level 1:colcon.colcon_core.environment:create_environment_scripts_only(arduinobot_description)
[2.306s] Level 1:colcon.colcon_core.environment:checking '/home/hari22/ros2_ws_db/install/arduinobot_description' for CMake module files
[2.307s] Level 1:colcon.colcon_core.environment:checking '/home/hari22/ros2_ws_db/install/arduinobot_description' for CMake config files
[2.307s] Level 1:colcon.colcon_core.shell:create_environment_hook('arduinobot_description', 'cmake_prefix_path')
[2.324s] INFO:colcon.colcon_core.shell:Creating environment hook '/home/hari22/ros2_ws_db/install/arduinobot_description/share/arduinobot_description/hook/cmake_prefix_path.ps1'
[2.325s] INFO:colcon.colcon_core.shell:Creating environment descriptor '/home/hari22/ros2_ws_db/install/arduinobot_description/share/arduinobot_description/hook/cmake_prefix_path.dsv'
[2.325s] INFO:colcon.colcon_core.shell:Creating environment hook '/home/hari22/ros2_ws_db/install/arduinobot_description/share/arduinobot_description/hook/cmake_prefix_path.sh'
[2.325s] Level 1:colcon.colcon_core.environment:checking '/home/hari22/ros2_ws_db/install/arduinobot_description/bin'
[2.325s] Level 1:colcon.colcon_core.environment:checking '/home/hari22/ros2_ws_db/install/arduinobot_description/lib/pkgconfig/arduinobot_description.pc'
[2.326s] Level 1:colcon.colcon_core.environment:checking '/home/hari22/ros2_ws_db/install/arduinobot_description/lib/python3.10/site-packages'
[2.326s] Level 1:colcon.colcon_core.environment:checking '/home/hari22/ros2_ws_db/install/arduinobot_description/bin'
[2.343s] INFO:colcon.colcon_core.shell:Creating package script '/home/hari22/ros2_ws_db/install/arduinobot_description/share/arduinobot_description/package.ps1'
[2.343s] INFO:colcon.colcon_core.shell:Creating package descriptor '/home/hari22/ros2_ws_db/install/arduinobot_description/share/arduinobot_description/package.dsv'
[2.343s] INFO:colcon.colcon_core.shell:Creating package script '/home/hari22/ros2_ws_db/install/arduinobot_description/share/arduinobot_description/package.sh'
[2.344s] INFO:colcon.colcon_core.shell:Creating package script '/home/hari22/ros2_ws_db/install/arduinobot_description/share/arduinobot_description/package.bash'
[2.344s] INFO:colcon.colcon_core.shell:Creating package script '/home/hari22/ros2_ws_db/install/arduinobot_description/share/arduinobot_description/package.zsh'
[2.344s] Level 1:colcon.colcon_core.environment:create_file_with_runtime_dependencies(/home/hari22/ros2_ws_db/install/arduinobot_description/share/colcon-core/packages/arduinobot_description)
[2.348s] DEBUG:colcon.colcon_core.event_handler.log_command:Invoked command in '/home/hari22/ros2_ws_db/build/snake_cpp_py_pkg' returned '0': CMAKE_PREFIX_PATH=${CMAKE_PREFIX_PATH}:/home/hari22/ros2_ws_db/install/hari_snake_package:/home/hari22/ros2_ws_db/install/arduinobot_py_examples:/opt/ros/humble /usr/bin/cmake --build /home/hari22/ros2_ws_db/build/snake_cpp_py_pkg -- -j16 -l16
[2.368s] DEBUG:colcon.colcon_core.event_handler.log_command:Invoking command in '/home/hari22/ros2_ws_db/build/snake_cpp_py_pkg': CMAKE_PREFIX_PATH=${CMAKE_PREFIX_PATH}:/home/hari22/ros2_ws_db/install/hari_snake_package:/home/hari22/ros2_ws_db/install/arduinobot_py_examples:/opt/ros/humble /usr/bin/cmake --install /home/hari22/ros2_ws_db/build/snake_cpp_py_pkg
[2.374s] DEBUG:colcon.colcon_core.event_handler.log_command:Invoking command in '/home/hari22/ros2_ws_db/src/arduinobot_py_examples': PYTHONPATH=/home/hari22/ros2_ws_db/build/arduinobot_py_examples/prefix_override:/home/hari22/ros2_ws_db/install/arduinobot_py_examples/lib/python3.10/site-packages:${PYTHONPATH} /usr/bin/python3 setup.py egg_info --egg-base ../../build/arduinobot_py_examples build --build-base /home/hari22/ros2_ws_db/build/arduinobot_py_examples/build install --record /home/hari22/ros2_ws_db/build/arduinobot_py_examples/install.log --single-version-externally-managed
[2.386s] DEBUG:colcon.colcon_core.event_handler.log_command:Invoking command in '/home/hari22/ros2_ws_db/src/hari_snake_package': PYTHONPATH=/home/hari22/ros2_ws_db/build/hari_snake_package/prefix_override:/home/hari22/ros2_ws_db/install/hari_snake_package/lib/python3.10/site-packages:${PYTHONPATH} /usr/bin/python3 setup.py egg_info --egg-base ../../build/hari_snake_package build --build-base /home/hari22/ros2_ws_db/build/hari_snake_package/build install --record /home/hari22/ros2_ws_db/build/hari_snake_package/install.log --single-version-externally-managed
[2.407s] Level 1:colcon.colcon_core.environment:create_environment_scripts_only(snake_cpp_py_pkg)
[2.408s] DEBUG:colcon.colcon_core.event_handler.log_command:Invoked command in '/home/hari22/ros2_ws_db/build/snake_cpp_py_pkg' returned '0': CMAKE_PREFIX_PATH=${CMAKE_PREFIX_PATH}:/home/hari22/ros2_ws_db/install/hari_snake_package:/home/hari22/ros2_ws_db/install/arduinobot_py_examples:/opt/ros/humble /usr/bin/cmake --install /home/hari22/ros2_ws_db/build/snake_cpp_py_pkg
[2.423s] Level 1:colcon.colcon_core.environment:checking '/home/hari22/ros2_ws_db/install/snake_cpp_py_pkg' for CMake module files
[2.423s] Level 1:colcon.colcon_core.environment:checking '/home/hari22/ros2_ws_db/install/snake_cpp_py_pkg' for CMake config files
[2.423s] Level 1:colcon.colcon_core.shell:create_environment_hook('snake_cpp_py_pkg', 'cmake_prefix_path')
[2.439s] INFO:colcon.colcon_core.shell:Creating environment hook '/home/hari22/ros2_ws_db/install/snake_cpp_py_pkg/share/snake_cpp_py_pkg/hook/cmake_prefix_path.ps1'
[2.439s] INFO:colcon.colcon_core.shell:Creating environment descriptor '/home/hari22/ros2_ws_db/install/snake_cpp_py_pkg/share/snake_cpp_py_pkg/hook/cmake_prefix_path.dsv'
[2.440s] INFO:colcon.colcon_core.shell:Creating environment hook '/home/hari22/ros2_ws_db/install/snake_cpp_py_pkg/share/snake_cpp_py_pkg/hook/cmake_prefix_path.sh'
[2.440s] Level 1:colcon.colcon_core.environment:checking '/home/hari22/ros2_ws_db/install/snake_cpp_py_pkg/lib'
[2.440s] Level 1:colcon.colcon_core.environment:checking '/home/hari22/ros2_ws_db/install/snake_cpp_py_pkg/bin'
[2.440s] Level 1:colcon.colcon_core.environment:checking '/home/hari22/ros2_ws_db/install/snake_cpp_py_pkg/lib/pkgconfig/snake_cpp_py_pkg.pc'
[2.440s] Level 1:colcon.colcon_core.environment:checking '/home/hari22/ros2_ws_db/install/snake_cpp_py_pkg/lib/python3.10/site-packages'
[2.441s] Level 1:colcon.colcon_core.environment:checking '/home/hari22/ros2_ws_db/install/snake_cpp_py_pkg/bin'
[2.455s] INFO:colcon.colcon_core.shell:Creating package script '/home/hari22/ros2_ws_db/install/snake_cpp_py_pkg/share/snake_cpp_py_pkg/package.ps1'
[2.455s] INFO:colcon.colcon_core.shell:Creating package descriptor '/home/hari22/ros2_ws_db/install/snake_cpp_py_pkg/share/snake_cpp_py_pkg/package.dsv'
[2.456s] INFO:colcon.colcon_core.shell:Creating package script '/home/hari22/ros2_ws_db/install/snake_cpp_py_pkg/share/snake_cpp_py_pkg/package.sh'
[2.456s] INFO:colcon.colcon_core.shell:Creating package script '/home/hari22/ros2_ws_db/install/snake_cpp_py_pkg/share/snake_cpp_py_pkg/package.bash'
[2.456s] INFO:colcon.colcon_core.shell:Creating package script '/home/hari22/ros2_ws_db/install/snake_cpp_py_pkg/share/snake_cpp_py_pkg/package.zsh'
[2.456s] Level 1:colcon.colcon_core.environment:create_file_with_runtime_dependencies(/home/hari22/ros2_ws_db/install/snake_cpp_py_pkg/share/colcon-core/packages/snake_cpp_py_pkg)
[2.485s] Level 1:colcon.colcon_core.environment:create_environment_scripts_only(snake_cpp_py_pkg)
[2.499s] Level 1:colcon.colcon_core.environment:checking '/home/hari22/ros2_ws_db/install/snake_cpp_py_pkg' for CMake module files
[2.500s] Level 1:colcon.colcon_core.environment:checking '/home/hari22/ros2_ws_db/install/snake_cpp_py_pkg' for CMake config files
[2.500s] Level 1:colcon.colcon_core.shell:create_environment_hook('snake_cpp_py_pkg', 'cmake_prefix_path')
[2.514s] INFO:colcon.colcon_core.shell:Creating environment hook '/home/hari22/ros2_ws_db/install/snake_cpp_py_pkg/share/snake_cpp_py_pkg/hook/cmake_prefix_path.ps1'
[2.515s] INFO:colcon.colcon_core.shell:Creating environment descriptor '/home/hari22/ros2_ws_db/install/snake_cpp_py_pkg/share/snake_cpp_py_pkg/hook/cmake_prefix_path.dsv'
[2.515s] INFO:colcon.colcon_core.shell:Creating environment hook '/home/hari22/ros2_ws_db/install/snake_cpp_py_pkg/share/snake_cpp_py_pkg/hook/cmake_prefix_path.sh'
[2.515s] Level 1:colcon.colcon_core.environment:checking '/home/hari22/ros2_ws_db/install/snake_cpp_py_pkg/lib'
[2.515s] Level 1:colcon.colcon_core.environment:checking '/home/hari22/ros2_ws_db/install/snake_cpp_py_pkg/bin'
[2.515s] Level 1:colcon.colcon_core.environment:checking '/home/hari22/ros2_ws_db/install/snake_cpp_py_pkg/lib/pkgconfig/snake_cpp_py_pkg.pc'
[2.515s] Level 1:colcon.colcon_core.environment:checking '/home/hari22/ros2_ws_db/install/snake_cpp_py_pkg/lib/python3.10/site-packages'
[2.516s] Level 1:colcon.colcon_core.environment:checking '/home/hari22/ros2_ws_db/install/snake_cpp_py_pkg/bin'
[2.530s] INFO:colcon.colcon_core.shell:Creating package script '/home/hari22/ros2_ws_db/install/snake_cpp_py_pkg/share/snake_cpp_py_pkg/package.ps1'
[2.530s] INFO:colcon.colcon_core.shell:Creating package descriptor '/home/hari22/ros2_ws_db/install/snake_cpp_py_pkg/share/snake_cpp_py_pkg/package.dsv'
[2.531s] INFO:colcon.colcon_core.shell:Creating package script '/home/hari22/ros2_ws_db/install/snake_cpp_py_pkg/share/snake_cpp_py_pkg/package.sh'
[2.531s] INFO:colcon.colcon_core.shell:Creating package script '/home/hari22/ros2_ws_db/install/snake_cpp_py_pkg/share/snake_cpp_py_pkg/package.bash'
[2.531s] INFO:colcon.colcon_core.shell:Creating package script '/home/hari22/ros2_ws_db/install/snake_cpp_py_pkg/share/snake_cpp_py_pkg/package.zsh'
[2.531s] Level 1:colcon.colcon_core.environment:create_file_with_runtime_dependencies(/home/hari22/ros2_ws_db/install/snake_cpp_py_pkg/share/colcon-core/packages/snake_cpp_py_pkg)
[2.620s] DEBUG:colcon.colcon_core.event_handler.log_command:Invoked command in '/home/hari22/ros2_ws_db/src/arduinobot_py_examples' returned '0': PYTHONPATH=/home/hari22/ros2_ws_db/build/arduinobot_py_examples/prefix_override:/home/hari22/ros2_ws_db/install/arduinobot_py_examples/lib/python3.10/site-packages:${PYTHONPATH} /usr/bin/python3 setup.py egg_info --egg-base ../../build/arduinobot_py_examples build --build-base /home/hari22/ros2_ws_db/build/arduinobot_py_examples/build install --record /home/hari22/ros2_ws_db/build/arduinobot_py_examples/install.log --single-version-externally-managed
[2.635s] Level 1:colcon.colcon_core.environment:checking '/home/hari22/ros2_ws_db/install/arduinobot_py_examples' for CMake module files
[2.635s] Level 1:colcon.colcon_core.environment:checking '/home/hari22/ros2_ws_db/install/arduinobot_py_examples' for CMake config files
[2.636s] Level 1:colcon.colcon_core.environment:checking '/home/hari22/ros2_ws_db/install/arduinobot_py_examples/lib'
[2.636s] Level 1:colcon.colcon_core.environment:checking '/home/hari22/ros2_ws_db/install/arduinobot_py_examples/bin'
[2.636s] Level 1:colcon.colcon_core.environment:checking '/home/hari22/ros2_ws_db/install/arduinobot_py_examples/lib/pkgconfig/arduinobot_py_examples.pc'
[2.636s] Level 1:colcon.colcon_core.environment:checking '/home/hari22/ros2_ws_db/install/arduinobot_py_examples/lib/python3.10/site-packages'
[2.636s] Level 1:colcon.colcon_core.shell:create_environment_hook('arduinobot_py_examples', 'pythonpath')
[2.650s] INFO:colcon.colcon_core.shell:Creating environment hook '/home/hari22/ros2_ws_db/install/arduinobot_py_examples/share/arduinobot_py_examples/hook/pythonpath.ps1'
[2.650s] INFO:colcon.colcon_core.shell:Creating environment descriptor '/home/hari22/ros2_ws_db/install/arduinobot_py_examples/share/arduinobot_py_examples/hook/pythonpath.dsv'
[2.651s] INFO:colcon.colcon_core.shell:Creating environment hook '/home/hari22/ros2_ws_db/install/arduinobot_py_examples/share/arduinobot_py_examples/hook/pythonpath.sh'
[2.651s] Level 1:colcon.colcon_core.environment:checking '/home/hari22/ros2_ws_db/install/arduinobot_py_examples/bin'
[2.651s] Level 1:colcon.colcon_core.environment:create_environment_scripts_only(arduinobot_py_examples)
[2.665s] INFO:colcon.colcon_core.shell:Creating package script '/home/hari22/ros2_ws_db/install/arduinobot_py_examples/share/arduinobot_py_examples/package.ps1'
[2.665s] INFO:colcon.colcon_core.shell:Creating package descriptor '/home/hari22/ros2_ws_db/install/arduinobot_py_examples/share/arduinobot_py_examples/package.dsv'
[2.666s] INFO:colcon.colcon_core.shell:Creating package script '/home/hari22/ros2_ws_db/install/arduinobot_py_examples/share/arduinobot_py_examples/package.sh'
[2.666s] INFO:colcon.colcon_core.shell:Creating package script '/home/hari22/ros2_ws_db/install/arduinobot_py_examples/share/arduinobot_py_examples/package.bash'
[2.666s] INFO:colcon.colcon_core.shell:Creating package script '/home/hari22/ros2_ws_db/install/arduinobot_py_examples/share/arduinobot_py_examples/package.zsh'
[2.666s] Level 1:colcon.colcon_core.environment:create_file_with_runtime_dependencies(/home/hari22/ros2_ws_db/install/arduinobot_py_examples/share/colcon-core/packages/arduinobot_py_examples)
[2.668s] DEBUG:colcon.colcon_core.event_handler.log_command:Invoked command in '/home/hari22/ros2_ws_db/src/hari_snake_package' returned '0': PYTHONPATH=/home/hari22/ros2_ws_db/build/hari_snake_package/prefix_override:/home/hari22/ros2_ws_db/install/hari_snake_package/lib/python3.10/site-packages:${PYTHONPATH} /usr/bin/python3 setup.py egg_info --egg-base ../../build/hari_snake_package build --build-base /home/hari22/ros2_ws_db/build/hari_snake_package/build install --record /home/hari22/ros2_ws_db/build/hari_snake_package/install.log --single-version-externally-managed
[2.682s] Level 1:colcon.colcon_core.environment:checking '/home/hari22/ros2_ws_db/install/hari_snake_package' for CMake module files
[2.682s] Level 1:colcon.colcon_core.environment:checking '/home/hari22/ros2_ws_db/install/hari_snake_package' for CMake config files
[2.682s] Level 1:colcon.colcon_core.environment:checking '/home/hari22/ros2_ws_db/install/hari_snake_package/lib'
[2.682s] Level 1:colcon.colcon_core.environment:checking '/home/hari22/ros2_ws_db/install/hari_snake_package/bin'
[2.683s] Level 1:colcon.colcon_core.environment:checking '/home/hari22/ros2_ws_db/install/hari_snake_package/lib/pkgconfig/hari_snake_package.pc'
[2.683s] Level 1:colcon.colcon_core.environment:checking '/home/hari22/ros2_ws_db/install/hari_snake_package/lib/python3.10/site-packages'
[2.683s] Level 1:colcon.colcon_core.shell:create_environment_hook('hari_snake_package', 'pythonpath')
[2.696s] INFO:colcon.colcon_core.shell:Creating environment hook '/home/hari22/ros2_ws_db/install/hari_snake_package/share/hari_snake_package/hook/pythonpath.ps1'
[2.697s] INFO:colcon.colcon_core.shell:Creating environment descriptor '/home/hari22/ros2_ws_db/install/hari_snake_package/share/hari_snake_package/hook/pythonpath.dsv'
[2.697s] INFO:colcon.colcon_core.shell:Creating environment hook '/home/hari22/ros2_ws_db/install/hari_snake_package/share/hari_snake_package/hook/pythonpath.sh'
[2.697s] Level 1:colcon.colcon_core.environment:checking '/home/hari22/ros2_ws_db/install/hari_snake_package/bin'
[2.697s] Level 1:colcon.colcon_core.environment:create_environment_scripts_only(hari_snake_package)
[2.711s] INFO:colcon.colcon_core.shell:Creating package script '/home/hari22/ros2_ws_db/install/hari_snake_package/share/hari_snake_package/package.ps1'
[2.712s] INFO:colcon.colcon_core.shell:Creating package descriptor '/home/hari22/ros2_ws_db/install/hari_snake_package/share/hari_snake_package/package.dsv'
[2.712s] INFO:colcon.colcon_core.shell:Creating package script '/home/hari22/ros2_ws_db/install/hari_snake_package/share/hari_snake_package/package.sh'
[2.712s] INFO:colcon.colcon_core.shell:Creating package script '/home/hari22/ros2_ws_db/install/hari_snake_package/share/hari_snake_package/package.bash'
[2.712s] INFO:colcon.colcon_core.shell:Creating package script '/home/hari22/ros2_ws_db/install/hari_snake_package/share/hari_snake_package/package.zsh'
[2.713s] Level 1:colcon.colcon_core.environment:create_file_with_runtime_dependencies(/home/hari22/ros2_ws_db/install/hari_snake_package/share/colcon-core/packages/hari_snake_package)
[2.713s] DEBUG:colcon.colcon_parallel_executor.executor.parallel:closing loop
[2.713s] DEBUG:colcon.colcon_parallel_executor.executor.parallel:loop closed
[2.713s] DEBUG:colcon.colcon_parallel_executor.executor.parallel:run_until_complete finished with '0'
[2.713s] DEBUG:colcon.colcon_core.event_reactor:joining thread
[2.732s] INFO:colcon.colcon_core.plugin_system:Skipping extension 'colcon_notification.desktop_notification.terminal_notifier': Not used on non-Darwin systems
[2.732s] INFO:colcon.colcon_core.plugin_system:Skipping extension 'colcon_notification.desktop_notification.win32': Not used on non-Windows systems
[2.732s] INFO:colcon.colcon_notification.desktop_notification:Sending desktop notification using 'notify2'
[2.740s] DEBUG:colcon.colcon_core.event_reactor:joined thread
[2.754s] INFO:colcon.colcon_core.shell:Creating prefix script '/home/hari22/ros2_ws_db/install/local_setup.ps1'
[2.754s] INFO:colcon.colcon_core.shell:Creating prefix util module '/home/hari22/ros2_ws_db/install/_local_setup_util_ps1.py'
[2.755s] INFO:colcon.colcon_core.shell:Creating prefix chain script '/home/hari22/ros2_ws_db/install/setup.ps1'
[2.770s] INFO:colcon.colcon_core.shell:Creating prefix script '/home/hari22/ros2_ws_db/install/local_setup.sh'
[2.770s] INFO:colcon.colcon_core.shell:Creating prefix util module '/home/hari22/ros2_ws_db/install/_local_setup_util_sh.py'
[2.770s] INFO:colcon.colcon_core.shell:Creating prefix chain script '/home/hari22/ros2_ws_db/install/setup.sh'
[2.784s] INFO:colcon.colcon_core.shell:Creating prefix script '/home/hari22/ros2_ws_db/install/local_setup.bash'
[2.785s] INFO:colcon.colcon_core.shell:Creating prefix chain script '/home/hari22/ros2_ws_db/install/setup.bash'
[2.799s] INFO:colcon.colcon_core.shell:Creating prefix script '/home/hari22/ros2_ws_db/install/local_setup.zsh'
[2.799s] INFO:colcon.colcon_core.shell:Creating prefix chain script '/home/hari22/ros2_ws_db/install/setup.zsh'
