[0.897s] DEBUG:colcon:Command line arguments: ['/usr/bin/colcon', 'build']
[0.897s] DEBUG:colcon:Parsed command line arguments: Namespace(log_base=None, log_level=None, verb_name='build', build_base='build', install_base='install', merge_install=False, symlink_install=False, test_result_base=None, continue_on_error=False, executor='parallel', parallel_workers=16, event_handlers=None, ignore_user_meta=False, metas=['./colcon.meta'], base_paths=['.'], packages_ignore=None, packages_ignore_regex=None, paths=None, packages_up_to=None, packages_up_to_regex=None, packages_above=None, packages_above_and_dependencies=None, packages_above_depth=None, packages_select_by_dep=None, packages_skip_by_dep=None, packages_skip_up_to=None, packages_select_build_failed=False, packages_skip_build_finished=False, packages_select_test_failures=False, packages_skip_test_passed=False, packages_select=None, packages_skip=None, packages_select_regex=None, packages_skip_regex=None, packages_start=None, packages_end=None, allow_overriding=[], cmake_args=None, cmake_target=None, cmake_target_skip_unavailable=False, cmake_clean_cache=False, cmake_clean_first=False, cmake_force_configure=False, ament_cmake_args=None, catkin_cmake_args=None, catkin_skip_building_tests=False, verb_parser=<colcon_defaults.argument_parser.defaults.DefaultArgumentsDecorator object at 0x7f2080d93340>, verb_extension=<colcon_core.verb.build.BuildVerb object at 0x7f2080d91db0>, main=<bound method BuildVerb.main of <colcon_core.verb.build.BuildVerb object at 0x7f2080d91db0>>)
[0.937s] Level 1:colcon.colcon_core.package_discovery:discover_packages(colcon_meta) check parameters
[0.937s] Level 1:colcon.colcon_core.package_discovery:discover_packages(recursive) check parameters
[0.937s] Level 1:colcon.colcon_core.package_discovery:discover_packages(ignore) check parameters
[0.937s] Level 1:colcon.colcon_core.package_discovery:discover_packages(path) check parameters
[0.937s] Level 1:colcon.colcon_core.package_discovery:discover_packages(colcon_meta) discover
[0.937s] Level 1:colcon.colcon_core.package_discovery:discover_packages(recursive) discover
[0.937s] INFO:colcon.colcon_core.package_discovery:Crawling recursively for packages in '/home/hari22/ros2_ws_db'
[0.937s] Level 1:colcon.colcon_core.package_identification:_identify(.) by extensions ['ignore', 'ignore_ament_install']
[0.937s] Level 1:colcon.colcon_core.package_identification:_identify(.) by extension 'ignore'
[0.937s] Level 1:colcon.colcon_core.package_identification:_identify(.) by extension 'ignore_ament_install'
[0.937s] Level 1:colcon.colcon_core.package_identification:_identify(.) by extensions ['colcon_pkg']
[0.937s] Level 1:colcon.colcon_core.package_identification:_identify(.) by extension 'colcon_pkg'
[0.937s] Level 1:colcon.colcon_core.package_identification:_identify(.) by extensions ['colcon_meta']
[0.937s] Level 1:colcon.colcon_core.package_identification:_identify(.) by extension 'colcon_meta'
[0.937s] Level 1:colcon.colcon_core.package_identification:_identify(.) by extensions ['ros']
[0.937s] Level 1:colcon.colcon_core.package_identification:_identify(.) by extension 'ros'
[0.945s] Level 1:colcon.colcon_core.package_identification:_identify(.) by extensions ['cmake', 'python']
[0.945s] Level 1:colcon.colcon_core.package_identification:_identify(.) by extension 'cmake'
[0.945s] Level 1:colcon.colcon_core.package_identification:_identify(.) by extension 'python'
[0.945s] Level 1:colcon.colcon_core.package_identification:_identify(.) by extensions ['python_setup_py']
[0.945s] Level 1:colcon.colcon_core.package_identification:_identify(.) by extension 'python_setup_py'
[0.945s] Level 1:colcon.colcon_core.package_identification:_identify(build) by extensions ['ignore', 'ignore_ament_install']
[0.945s] Level 1:colcon.colcon_core.package_identification:_identify(build) by extension 'ignore'
[0.945s] Level 1:colcon.colcon_core.package_identification:_identify(build) ignored
[0.945s] Level 1:colcon.colcon_core.package_identification:_identify(install) by extensions ['ignore', 'ignore_ament_install']
[0.945s] Level 1:colcon.colcon_core.package_identification:_identify(install) by extension 'ignore'
[0.945s] Level 1:colcon.colcon_core.package_identification:_identify(install) ignored
[0.945s] Level 1:colcon.colcon_core.package_identification:_identify(log) by extensions ['ignore', 'ignore_ament_install']
[0.945s] Level 1:colcon.colcon_core.package_identification:_identify(log) by extension 'ignore'
[0.945s] Level 1:colcon.colcon_core.package_identification:_identify(log) ignored
[0.946s] Level 1:colcon.colcon_core.package_identification:_identify(src) by extensions ['ignore', 'ignore_ament_install']
[0.946s] Level 1:colcon.colcon_core.package_identification:_identify(src) by extension 'ignore'
[0.946s] Level 1:colcon.colcon_core.package_identification:_identify(src) by extension 'ignore_ament_install'
[0.946s] Level 1:colcon.colcon_core.package_identification:_identify(src) by extensions ['colcon_pkg']
[0.946s] Level 1:colcon.colcon_core.package_identification:_identify(src) by extension 'colcon_pkg'
[0.946s] Level 1:colcon.colcon_core.package_identification:_identify(src) by extensions ['colcon_meta']
[0.946s] Level 1:colcon.colcon_core.package_identification:_identify(src) by extension 'colcon_meta'
[0.946s] Level 1:colcon.colcon_core.package_identification:_identify(src) by extensions ['ros']
[0.946s] Level 1:colcon.colcon_core.package_identification:_identify(src) by extension 'ros'
[0.946s] Level 1:colcon.colcon_core.package_identification:_identify(src) by extensions ['cmake', 'python']
[0.946s] Level 1:colcon.colcon_core.package_identification:_identify(src) by extension 'cmake'
[0.946s] Level 1:colcon.colcon_core.package_identification:_identify(src) by extension 'python'
[0.946s] Level 1:colcon.colcon_core.package_identification:_identify(src) by extensions ['python_setup_py']
[0.946s] Level 1:colcon.colcon_core.package_identification:_identify(src) by extension 'python_setup_py'
[0.946s] Level 1:colcon.colcon_core.package_identification:_identify(src/arduinobot_cpp_examples) by extensions ['ignore', 'ignore_ament_install']
[0.946s] Level 1:colcon.colcon_core.package_identification:_identify(src/arduinobot_cpp_examples) by extension 'ignore'
[0.946s] Level 1:colcon.colcon_core.package_identification:_identify(src/arduinobot_cpp_examples) by extension 'ignore_ament_install'
[0.946s] Level 1:colcon.colcon_core.package_identification:_identify(src/arduinobot_cpp_examples) by extensions ['colcon_pkg']
[0.946s] Level 1:colcon.colcon_core.package_identification:_identify(src/arduinobot_cpp_examples) by extension 'colcon_pkg'
[0.946s] Level 1:colcon.colcon_core.package_identification:_identify(src/arduinobot_cpp_examples) by extensions ['colcon_meta']
[0.946s] Level 1:colcon.colcon_core.package_identification:_identify(src/arduinobot_cpp_examples) by extension 'colcon_meta'
[0.946s] Level 1:colcon.colcon_core.package_identification:_identify(src/arduinobot_cpp_examples) by extensions ['ros']
[0.946s] Level 1:colcon.colcon_core.package_identification:_identify(src/arduinobot_cpp_examples) by extension 'ros'
[0.948s] DEBUG:colcon.colcon_core.package_identification:Package 'src/arduinobot_cpp_examples' with type 'ros.ament_cmake' and name 'arduinobot_cpp_examples'
[0.948s] Level 1:colcon.colcon_core.package_identification:_identify(src/arduinobot_description) by extensions ['ignore', 'ignore_ament_install']
[0.948s] Level 1:colcon.colcon_core.package_identification:_identify(src/arduinobot_description) by extension 'ignore'
[0.948s] Level 1:colcon.colcon_core.package_identification:_identify(src/arduinobot_description) by extension 'ignore_ament_install'
[0.948s] Level 1:colcon.colcon_core.package_identification:_identify(src/arduinobot_description) by extensions ['colcon_pkg']
[0.948s] Level 1:colcon.colcon_core.package_identification:_identify(src/arduinobot_description) by extension 'colcon_pkg'
[0.948s] Level 1:colcon.colcon_core.package_identification:_identify(src/arduinobot_description) by extensions ['colcon_meta']
[0.948s] Level 1:colcon.colcon_core.package_identification:_identify(src/arduinobot_description) by extension 'colcon_meta'
[0.948s] Level 1:colcon.colcon_core.package_identification:_identify(src/arduinobot_description) by extensions ['ros']
[0.948s] Level 1:colcon.colcon_core.package_identification:_identify(src/arduinobot_description) by extension 'ros'
[0.949s] DEBUG:colcon.colcon_core.package_identification:Package 'src/arduinobot_description' with type 'ros.ament_cmake' and name 'arduinobot_description'
[0.949s] Level 1:colcon.colcon_core.package_identification:_identify(src/arduinobot_py_examples) by extensions ['ignore', 'ignore_ament_install']
[0.949s] Level 1:colcon.colcon_core.package_identification:_identify(src/arduinobot_py_examples) by extension 'ignore'
[0.949s] Level 1:colcon.colcon_core.package_identification:_identify(src/arduinobot_py_examples) by extension 'ignore_ament_install'
[0.949s] Level 1:colcon.colcon_core.package_identification:_identify(src/arduinobot_py_examples) by extensions ['colcon_pkg']
[0.949s] Level 1:colcon.colcon_core.package_identification:_identify(src/arduinobot_py_examples) by extension 'colcon_pkg'
[0.949s] Level 1:colcon.colcon_core.package_identification:_identify(src/arduinobot_py_examples) by extensions ['colcon_meta']
[0.949s] Level 1:colcon.colcon_core.package_identification:_identify(src/arduinobot_py_examples) by extension 'colcon_meta'
[0.949s] Level 1:colcon.colcon_core.package_identification:_identify(src/arduinobot_py_examples) by extensions ['ros']
[0.949s] Level 1:colcon.colcon_core.package_identification:_identify(src/arduinobot_py_examples) by extension 'ros'
[0.949s] DEBUG:colcon.colcon_core.package_identification:Package 'src/arduinobot_py_examples' with type 'ros.ament_python' and name 'arduinobot_py_examples'
[0.949s] Level 1:colcon.colcon_core.package_discovery:discover_packages(recursive) using defaults
[0.949s] Level 1:colcon.colcon_core.package_discovery:discover_packages(ignore) discover
[0.950s] Level 1:colcon.colcon_core.package_discovery:discover_packages(ignore) using defaults
[0.950s] Level 1:colcon.colcon_core.package_discovery:discover_packages(path) discover
[0.950s] Level 1:colcon.colcon_core.package_discovery:discover_packages(path) using defaults
[1.030s] Level 1:colcon.colcon_core.package_discovery:discover_packages(prefix_path) check parameters
[1.030s] Level 1:colcon.colcon_core.package_discovery:discover_packages(prefix_path) discover
[1.058s] DEBUG:colcon.colcon_installed_package_information.package_discovery:Found 3 installed packages in /home/hari22/ros2_ws_db/install
[1.078s] DEBUG:colcon.colcon_installed_package_information.package_discovery:Found 1 installed packages in /home/hari22/dev_ws/install
[1.092s] DEBUG:colcon.colcon_installed_package_information.package_discovery:Found 364 installed packages in /opt/ros/humble
[1.093s] Level 1:colcon.colcon_core.package_discovery:discover_packages(prefix_path) using defaults
[1.174s] Level 5:colcon.colcon_core.verb:set package 'arduinobot_cpp_examples' build argument 'cmake_args' from command line to 'None'
[1.174s] Level 5:colcon.colcon_core.verb:set package 'arduinobot_cpp_examples' build argument 'cmake_target' from command line to 'None'
[1.174s] Level 5:colcon.colcon_core.verb:set package 'arduinobot_cpp_examples' build argument 'cmake_target_skip_unavailable' from command line to 'False'
[1.174s] Level 5:colcon.colcon_core.verb:set package 'arduinobot_cpp_examples' build argument 'cmake_clean_cache' from command line to 'False'
[1.174s] Level 5:colcon.colcon_core.verb:set package 'arduinobot_cpp_examples' build argument 'cmake_clean_first' from command line to 'False'
[1.174s] Level 5:colcon.colcon_core.verb:set package 'arduinobot_cpp_examples' build argument 'cmake_force_configure' from command line to 'False'
[1.175s] Level 5:colcon.colcon_core.verb:set package 'arduinobot_cpp_examples' build argument 'ament_cmake_args' from command line to 'None'
[1.175s] Level 5:colcon.colcon_core.verb:set package 'arduinobot_cpp_examples' build argument 'catkin_cmake_args' from command line to 'None'
[1.175s] Level 5:colcon.colcon_core.verb:set package 'arduinobot_cpp_examples' build argument 'catkin_skip_building_tests' from command line to 'False'
[1.175s] DEBUG:colcon.colcon_core.verb:Building package 'arduinobot_cpp_examples' with the following arguments: {'ament_cmake_args': None, 'build_base': '/home/hari22/ros2_ws_db/build/arduinobot_cpp_examples', 'catkin_cmake_args': None, 'catkin_skip_building_tests': False, 'cmake_args': None, 'cmake_clean_cache': False, 'cmake_clean_first': False, 'cmake_force_configure': False, 'cmake_target': None, 'cmake_target_skip_unavailable': False, 'install_base': '/home/hari22/ros2_ws_db/install/arduinobot_cpp_examples', 'merge_install': False, 'path': '/home/hari22/ros2_ws_db/src/arduinobot_cpp_examples', 'symlink_install': False, 'test_result_base': None}
[1.188s] Level 5:colcon.colcon_core.verb:set package 'arduinobot_description' build argument 'cmake_args' from command line to 'None'
[1.188s] Level 5:colcon.colcon_core.verb:set package 'arduinobot_description' build argument 'cmake_target' from command line to 'None'
[1.188s] Level 5:colcon.colcon_core.verb:set package 'arduinobot_description' build argument 'cmake_target_skip_unavailable' from command line to 'False'
[1.189s] Level 5:colcon.colcon_core.verb:set package 'arduinobot_description' build argument 'cmake_clean_cache' from command line to 'False'
[1.189s] Level 5:colcon.colcon_core.verb:set package 'arduinobot_description' build argument 'cmake_clean_first' from command line to 'False'
[1.189s] Level 5:colcon.colcon_core.verb:set package 'arduinobot_description' build argument 'cmake_force_configure' from command line to 'False'
[1.189s] Level 5:colcon.colcon_core.verb:set package 'arduinobot_description' build argument 'ament_cmake_args' from command line to 'None'
[1.189s] Level 5:colcon.colcon_core.verb:set package 'arduinobot_description' build argument 'catkin_cmake_args' from command line to 'None'
[1.189s] Level 5:colcon.colcon_core.verb:set package 'arduinobot_description' build argument 'catkin_skip_building_tests' from command line to 'False'
[1.189s] DEBUG:colcon.colcon_core.verb:Building package 'arduinobot_description' with the following arguments: {'ament_cmake_args': None, 'build_base': '/home/hari22/ros2_ws_db/build/arduinobot_description', 'catkin_cmake_args': None, 'catkin_skip_building_tests': False, 'cmake_args': None, 'cmake_clean_cache': False, 'cmake_clean_first': False, 'cmake_force_configure': False, 'cmake_target': None, 'cmake_target_skip_unavailable': False, 'install_base': '/home/hari22/ros2_ws_db/install/arduinobot_description', 'merge_install': False, 'path': '/home/hari22/ros2_ws_db/src/arduinobot_description', 'symlink_install': False, 'test_result_base': None}
[1.202s] Level 5:colcon.colcon_core.verb:set package 'arduinobot_py_examples' build argument 'cmake_args' from command line to 'None'
[1.202s] Level 5:colcon.colcon_core.verb:set package 'arduinobot_py_examples' build argument 'cmake_target' from command line to 'None'
[1.202s] Level 5:colcon.colcon_core.verb:set package 'arduinobot_py_examples' build argument 'cmake_target_skip_unavailable' from command line to 'False'
[1.202s] Level 5:colcon.colcon_core.verb:set package 'arduinobot_py_examples' build argument 'cmake_clean_cache' from command line to 'False'
[1.202s] Level 5:colcon.colcon_core.verb:set package 'arduinobot_py_examples' build argument 'cmake_clean_first' from command line to 'False'
[1.202s] Level 5:colcon.colcon_core.verb:set package 'arduinobot_py_examples' build argument 'cmake_force_configure' from command line to 'False'
[1.202s] Level 5:colcon.colcon_core.verb:set package 'arduinobot_py_examples' build argument 'ament_cmake_args' from command line to 'None'
[1.202s] Level 5:colcon.colcon_core.verb:set package 'arduinobot_py_examples' build argument 'catkin_cmake_args' from command line to 'None'
[1.202s] Level 5:colcon.colcon_core.verb:set package 'arduinobot_py_examples' build argument 'catkin_skip_building_tests' from command line to 'False'
[1.202s] DEBUG:colcon.colcon_core.verb:Building package 'arduinobot_py_examples' with the following arguments: {'ament_cmake_args': None, 'build_base': '/home/hari22/ros2_ws_db/build/arduinobot_py_examples', 'catkin_cmake_args': None, 'catkin_skip_building_tests': False, 'cmake_args': None, 'cmake_clean_cache': False, 'cmake_clean_first': False, 'cmake_force_configure': False, 'cmake_target': None, 'cmake_target_skip_unavailable': False, 'install_base': '/home/hari22/ros2_ws_db/install/arduinobot_py_examples', 'merge_install': False, 'path': '/home/hari22/ros2_ws_db/src/arduinobot_py_examples', 'symlink_install': False, 'test_result_base': None}
[1.216s] INFO:colcon.colcon_core.executor:Executing jobs using 'parallel' executor
[1.230s] DEBUG:colcon.colcon_parallel_executor.executor.parallel:run_until_complete
[1.230s] INFO:colcon.colcon_ros.task.ament_cmake.build:Building ROS package in '/home/hari22/ros2_ws_db/src/arduinobot_cpp_examples' with build type 'ament_cmake'
[1.230s] INFO:colcon.colcon_cmake.task.cmake.build:Building CMake package in '/home/hari22/ros2_ws_db/src/arduinobot_cpp_examples'
[1.246s] INFO:colcon.colcon_core.plugin_system:Skipping extension 'colcon_core.shell.bat': Not used on non-Windows systems
[1.246s] INFO:colcon.colcon_core.shell:Skip shell extension 'powershell' for command environment: Not usable outside of PowerShell
[1.246s] DEBUG:colcon.colcon_core.shell:Skip shell extension 'dsv' for command environment
[1.305s] INFO:colcon.colcon_ros.task.ament_cmake.build:Building ROS package in '/home/hari22/ros2_ws_db/src/arduinobot_description' with build type 'ament_cmake'
[1.305s] INFO:colcon.colcon_cmake.task.cmake.build:Building CMake package in '/home/hari22/ros2_ws_db/src/arduinobot_description'
[1.320s] INFO:colcon.colcon_core.shell:Skip shell extension 'powershell' for command environment: Not usable outside of PowerShell
[1.320s] DEBUG:colcon.colcon_core.shell:Skip shell extension 'dsv' for command environment
[1.381s] INFO:colcon.colcon_ros.task.ament_python.build:Building ROS package in '/home/hari22/ros2_ws_db/src/arduinobot_py_examples' with build type 'ament_python'
[1.381s] Level 1:colcon.colcon_core.shell:create_environment_hook('arduinobot_py_examples', 'ament_prefix_path')
[1.396s] INFO:colcon.colcon_core.shell:Creating environment hook '/home/hari22/ros2_ws_db/install/arduinobot_py_examples/share/arduinobot_py_examples/hook/ament_prefix_path.ps1'
[1.397s] INFO:colcon.colcon_core.shell:Creating environment descriptor '/home/hari22/ros2_ws_db/install/arduinobot_py_examples/share/arduinobot_py_examples/hook/ament_prefix_path.dsv'
[1.397s] INFO:colcon.colcon_core.shell:Creating environment hook '/home/hari22/ros2_ws_db/install/arduinobot_py_examples/share/arduinobot_py_examples/hook/ament_prefix_path.sh'
[1.412s] INFO:colcon.colcon_core.shell:Skip shell extension 'powershell' for command environment: Not usable outside of PowerShell
[1.412s] DEBUG:colcon.colcon_core.shell:Skip shell extension 'dsv' for command environment
[1.478s] DEBUG:colcon.colcon_core.event_handler.log_command:Invoking command in '/home/hari22/ros2_ws_db/build/arduinobot_cpp_examples': CMAKE_PREFIX_PATH=${CMAKE_PREFIX_PATH}:/home/hari22/ros2_ws_db/install/arduinobot_py_examples:/opt/ros/humble /usr/bin/cmake --build /home/hari22/ros2_ws_db/build/arduinobot_cpp_examples -- -j16 -l16
[1.480s] DEBUG:colcon.colcon_core.event_handler.log_command:Invoking command in '/home/hari22/ros2_ws_db/build/arduinobot_description': CMAKE_PREFIX_PATH=${CMAKE_PREFIX_PATH}:/home/hari22/ros2_ws_db/install/arduinobot_py_examples:/opt/ros/humble /usr/bin/cmake --build /home/hari22/ros2_ws_db/build/arduinobot_description -- -j16 -l16
[1.697s] INFO:colcon.colcon_core.task.python.build:Building Python package in '/home/hari22/ros2_ws_db/src/arduinobot_py_examples'
[1.711s] INFO:colcon.colcon_core.shell:Skip shell extension 'powershell' for command environment: Not usable outside of PowerShell
[1.711s] DEBUG:colcon.colcon_core.shell:Skip shell extension 'dsv' for command environment
[1.770s] DEBUG:colcon.colcon_core.event_handler.log_command:Invoked command in '/home/hari22/ros2_ws_db/build/arduinobot_cpp_examples' returned '0': CMAKE_PREFIX_PATH=${CMAKE_PREFIX_PATH}:/home/hari22/ros2_ws_db/install/arduinobot_py_examples:/opt/ros/humble /usr/bin/cmake --build /home/hari22/ros2_ws_db/build/arduinobot_cpp_examples -- -j16 -l16
[1.772s] DEBUG:colcon.colcon_core.event_handler.log_command:Invoked command in '/home/hari22/ros2_ws_db/build/arduinobot_description' returned '0': CMAKE_PREFIX_PATH=${CMAKE_PREFIX_PATH}:/home/hari22/ros2_ws_db/install/arduinobot_py_examples:/opt/ros/humble /usr/bin/cmake --build /home/hari22/ros2_ws_db/build/arduinobot_description -- -j16 -l16
[1.816s] DEBUG:colcon.colcon_core.event_handler.log_command:Invoking command in '/home/hari22/ros2_ws_db/build/arduinobot_cpp_examples': CMAKE_PREFIX_PATH=${CMAKE_PREFIX_PATH}:/home/hari22/ros2_ws_db/install/arduinobot_py_examples:/opt/ros/humble /usr/bin/cmake --install /home/hari22/ros2_ws_db/build/arduinobot_cpp_examples
[1.818s] DEBUG:colcon.colcon_core.event_handler.log_command:Invoking command in '/home/hari22/ros2_ws_db/build/arduinobot_description': CMAKE_PREFIX_PATH=${CMAKE_PREFIX_PATH}:/home/hari22/ros2_ws_db/install/arduinobot_py_examples:/opt/ros/humble /usr/bin/cmake --install /home/hari22/ros2_ws_db/build/arduinobot_description
[1.826s] Level 1:colcon.colcon_core.environment:create_environment_scripts_only(arduinobot_cpp_examples)
[1.828s] DEBUG:colcon.colcon_core.event_handler.log_command:Invoked command in '/home/hari22/ros2_ws_db/build/arduinobot_cpp_examples' returned '0': CMAKE_PREFIX_PATH=${CMAKE_PREFIX_PATH}:/home/hari22/ros2_ws_db/install/arduinobot_py_examples:/opt/ros/humble /usr/bin/cmake --install /home/hari22/ros2_ws_db/build/arduinobot_cpp_examples
[1.886s] Level 1:colcon.colcon_core.environment:checking '/home/hari22/ros2_ws_db/install/arduinobot_cpp_examples' for CMake module files
[1.887s] Level 1:colcon.colcon_core.environment:checking '/home/hari22/ros2_ws_db/install/arduinobot_cpp_examples' for CMake config files
[1.887s] Level 1:colcon.colcon_core.shell:create_environment_hook('arduinobot_cpp_examples', 'cmake_prefix_path')
[1.901s] INFO:colcon.colcon_core.shell:Creating environment hook '/home/hari22/ros2_ws_db/install/arduinobot_cpp_examples/share/arduinobot_cpp_examples/hook/cmake_prefix_path.ps1'
[1.901s] INFO:colcon.colcon_core.shell:Creating environment descriptor '/home/hari22/ros2_ws_db/install/arduinobot_cpp_examples/share/arduinobot_cpp_examples/hook/cmake_prefix_path.dsv'
[1.901s] INFO:colcon.colcon_core.shell:Creating environment hook '/home/hari22/ros2_ws_db/install/arduinobot_cpp_examples/share/arduinobot_cpp_examples/hook/cmake_prefix_path.sh'
[1.902s] Level 1:colcon.colcon_core.environment:checking '/home/hari22/ros2_ws_db/install/arduinobot_cpp_examples/bin'
[1.902s] Level 1:colcon.colcon_core.environment:checking '/home/hari22/ros2_ws_db/install/arduinobot_cpp_examples/lib/pkgconfig/arduinobot_cpp_examples.pc'
[1.902s] Level 1:colcon.colcon_core.environment:checking '/home/hari22/ros2_ws_db/install/arduinobot_cpp_examples/lib/python3.10/site-packages'
[1.902s] Level 1:colcon.colcon_core.environment:checking '/home/hari22/ros2_ws_db/install/arduinobot_cpp_examples/bin'
[1.917s] INFO:colcon.colcon_core.shell:Creating package script '/home/hari22/ros2_ws_db/install/arduinobot_cpp_examples/share/arduinobot_cpp_examples/package.ps1'
[1.917s] INFO:colcon.colcon_core.shell:Creating package descriptor '/home/hari22/ros2_ws_db/install/arduinobot_cpp_examples/share/arduinobot_cpp_examples/package.dsv'
[1.918s] INFO:colcon.colcon_core.shell:Creating package script '/home/hari22/ros2_ws_db/install/arduinobot_cpp_examples/share/arduinobot_cpp_examples/package.sh'
[1.918s] INFO:colcon.colcon_core.shell:Creating package script '/home/hari22/ros2_ws_db/install/arduinobot_cpp_examples/share/arduinobot_cpp_examples/package.bash'
[1.918s] INFO:colcon.colcon_core.shell:Creating package script '/home/hari22/ros2_ws_db/install/arduinobot_cpp_examples/share/arduinobot_cpp_examples/package.zsh'
[1.919s] Level 1:colcon.colcon_core.environment:create_file_with_runtime_dependencies(/home/hari22/ros2_ws_db/install/arduinobot_cpp_examples/share/colcon-core/packages/arduinobot_cpp_examples)
[1.920s] Level 1:colcon.colcon_core.environment:create_environment_scripts_only(arduinobot_description)
[1.921s] DEBUG:colcon.colcon_core.event_handler.log_command:Invoked command in '/home/hari22/ros2_ws_db/build/arduinobot_description' returned '0': CMAKE_PREFIX_PATH=${CMAKE_PREFIX_PATH}:/home/hari22/ros2_ws_db/install/arduinobot_py_examples:/opt/ros/humble /usr/bin/cmake --install /home/hari22/ros2_ws_db/build/arduinobot_description
[1.967s] Level 1:colcon.colcon_core.environment:checking '/home/hari22/ros2_ws_db/install/arduinobot_description' for CMake module files
[1.967s] Level 1:colcon.colcon_core.environment:checking '/home/hari22/ros2_ws_db/install/arduinobot_description' for CMake config files
[1.967s] Level 1:colcon.colcon_core.shell:create_environment_hook('arduinobot_description', 'cmake_prefix_path')
[1.985s] INFO:colcon.colcon_core.shell:Creating environment hook '/home/hari22/ros2_ws_db/install/arduinobot_description/share/arduinobot_description/hook/cmake_prefix_path.ps1'
[1.985s] INFO:colcon.colcon_core.shell:Creating environment descriptor '/home/hari22/ros2_ws_db/install/arduinobot_description/share/arduinobot_description/hook/cmake_prefix_path.dsv'
[1.985s] INFO:colcon.colcon_core.shell:Creating environment hook '/home/hari22/ros2_ws_db/install/arduinobot_description/share/arduinobot_description/hook/cmake_prefix_path.sh'
[1.985s] Level 1:colcon.colcon_core.environment:checking '/home/hari22/ros2_ws_db/install/arduinobot_description/bin'
[1.985s] Level 1:colcon.colcon_core.environment:checking '/home/hari22/ros2_ws_db/install/arduinobot_description/lib/pkgconfig/arduinobot_description.pc'
[1.986s] Level 1:colcon.colcon_core.environment:checking '/home/hari22/ros2_ws_db/install/arduinobot_description/lib/python3.10/site-packages'
[1.986s] Level 1:colcon.colcon_core.environment:checking '/home/hari22/ros2_ws_db/install/arduinobot_description/bin'
[2.001s] INFO:colcon.colcon_core.shell:Creating package script '/home/hari22/ros2_ws_db/install/arduinobot_description/share/arduinobot_description/package.ps1'
[2.001s] INFO:colcon.colcon_core.shell:Creating package descriptor '/home/hari22/ros2_ws_db/install/arduinobot_description/share/arduinobot_description/package.dsv'
[2.001s] INFO:colcon.colcon_core.shell:Creating package script '/home/hari22/ros2_ws_db/install/arduinobot_description/share/arduinobot_description/package.sh'
[2.001s] INFO:colcon.colcon_core.shell:Creating package script '/home/hari22/ros2_ws_db/install/arduinobot_description/share/arduinobot_description/package.bash'
[2.001s] INFO:colcon.colcon_core.shell:Creating package script '/home/hari22/ros2_ws_db/install/arduinobot_description/share/arduinobot_description/package.zsh'
[2.002s] Level 1:colcon.colcon_core.environment:create_file_with_runtime_dependencies(/home/hari22/ros2_ws_db/install/arduinobot_description/share/colcon-core/packages/arduinobot_description)
[2.044s] Level 1:colcon.colcon_core.environment:create_environment_scripts_only(arduinobot_cpp_examples)
[2.064s] Level 1:colcon.colcon_core.environment:checking '/home/hari22/ros2_ws_db/install/arduinobot_cpp_examples' for CMake module files
[2.065s] Level 1:colcon.colcon_core.environment:checking '/home/hari22/ros2_ws_db/install/arduinobot_cpp_examples' for CMake config files
[2.065s] Level 1:colcon.colcon_core.shell:create_environment_hook('arduinobot_cpp_examples', 'cmake_prefix_path')
[2.080s] INFO:colcon.colcon_core.shell:Creating environment hook '/home/hari22/ros2_ws_db/install/arduinobot_cpp_examples/share/arduinobot_cpp_examples/hook/cmake_prefix_path.ps1'
[2.080s] INFO:colcon.colcon_core.shell:Creating environment descriptor '/home/hari22/ros2_ws_db/install/arduinobot_cpp_examples/share/arduinobot_cpp_examples/hook/cmake_prefix_path.dsv'
[2.080s] INFO:colcon.colcon_core.shell:Creating environment hook '/home/hari22/ros2_ws_db/install/arduinobot_cpp_examples/share/arduinobot_cpp_examples/hook/cmake_prefix_path.sh'
[2.081s] Level 1:colcon.colcon_core.environment:checking '/home/hari22/ros2_ws_db/install/arduinobot_cpp_examples/bin'
[2.081s] Level 1:colcon.colcon_core.environment:checking '/home/hari22/ros2_ws_db/install/arduinobot_cpp_examples/lib/pkgconfig/arduinobot_cpp_examples.pc'
[2.081s] Level 1:colcon.colcon_core.environment:checking '/home/hari22/ros2_ws_db/install/arduinobot_cpp_examples/lib/python3.10/site-packages'
[2.081s] Level 1:colcon.colcon_core.environment:checking '/home/hari22/ros2_ws_db/install/arduinobot_cpp_examples/bin'
[2.095s] INFO:colcon.colcon_core.shell:Creating package script '/home/hari22/ros2_ws_db/install/arduinobot_cpp_examples/share/arduinobot_cpp_examples/package.ps1'
[2.095s] INFO:colcon.colcon_core.shell:Creating package descriptor '/home/hari22/ros2_ws_db/install/arduinobot_cpp_examples/share/arduinobot_cpp_examples/package.dsv'
[2.096s] INFO:colcon.colcon_core.shell:Creating package script '/home/hari22/ros2_ws_db/install/arduinobot_cpp_examples/share/arduinobot_cpp_examples/package.sh'
[2.096s] INFO:colcon.colcon_core.shell:Creating package script '/home/hari22/ros2_ws_db/install/arduinobot_cpp_examples/share/arduinobot_cpp_examples/package.bash'
[2.096s] INFO:colcon.colcon_core.shell:Creating package script '/home/hari22/ros2_ws_db/install/arduinobot_cpp_examples/share/arduinobot_cpp_examples/package.zsh'
[2.097s] Level 1:colcon.colcon_core.environment:create_file_with_runtime_dependencies(/home/hari22/ros2_ws_db/install/arduinobot_cpp_examples/share/colcon-core/packages/arduinobot_cpp_examples)
[2.143s] Level 1:colcon.colcon_core.environment:create_environment_scripts_only(arduinobot_description)
[2.161s] Level 1:colcon.colcon_core.environment:checking '/home/hari22/ros2_ws_db/install/arduinobot_description' for CMake module files
[2.162s] Level 1:colcon.colcon_core.environment:checking '/home/hari22/ros2_ws_db/install/arduinobot_description' for CMake config files
[2.162s] Level 1:colcon.colcon_core.shell:create_environment_hook('arduinobot_description', 'cmake_prefix_path')
[2.176s] INFO:colcon.colcon_core.shell:Creating environment hook '/home/hari22/ros2_ws_db/install/arduinobot_description/share/arduinobot_description/hook/cmake_prefix_path.ps1'
[2.176s] INFO:colcon.colcon_core.shell:Creating environment descriptor '/home/hari22/ros2_ws_db/install/arduinobot_description/share/arduinobot_description/hook/cmake_prefix_path.dsv'
[2.177s] INFO:colcon.colcon_core.shell:Creating environment hook '/home/hari22/ros2_ws_db/install/arduinobot_description/share/arduinobot_description/hook/cmake_prefix_path.sh'
[2.177s] Level 1:colcon.colcon_core.environment:checking '/home/hari22/ros2_ws_db/install/arduinobot_description/bin'
[2.177s] Level 1:colcon.colcon_core.environment:checking '/home/hari22/ros2_ws_db/install/arduinobot_description/lib/pkgconfig/arduinobot_description.pc'
[2.177s] Level 1:colcon.colcon_core.environment:checking '/home/hari22/ros2_ws_db/install/arduinobot_description/lib/python3.10/site-packages'
[2.177s] Level 1:colcon.colcon_core.environment:checking '/home/hari22/ros2_ws_db/install/arduinobot_description/bin'
[2.191s] INFO:colcon.colcon_core.shell:Creating package script '/home/hari22/ros2_ws_db/install/arduinobot_description/share/arduinobot_description/package.ps1'
[2.192s] INFO:colcon.colcon_core.shell:Creating package descriptor '/home/hari22/ros2_ws_db/install/arduinobot_description/share/arduinobot_description/package.dsv'
[2.192s] INFO:colcon.colcon_core.shell:Creating package script '/home/hari22/ros2_ws_db/install/arduinobot_description/share/arduinobot_description/package.sh'
[2.193s] INFO:colcon.colcon_core.shell:Creating package script '/home/hari22/ros2_ws_db/install/arduinobot_description/share/arduinobot_description/package.bash'
[2.193s] INFO:colcon.colcon_core.shell:Creating package script '/home/hari22/ros2_ws_db/install/arduinobot_description/share/arduinobot_description/package.zsh'
[2.193s] Level 1:colcon.colcon_core.environment:create_file_with_runtime_dependencies(/home/hari22/ros2_ws_db/install/arduinobot_description/share/colcon-core/packages/arduinobot_description)
[2.210s] DEBUG:colcon.colcon_core.event_handler.log_command:Invoking command in '/home/hari22/ros2_ws_db/src/arduinobot_py_examples': PYTHONPATH=/home/hari22/ros2_ws_db/build/arduinobot_py_examples/prefix_override:/home/hari22/ros2_ws_db/install/arduinobot_py_examples/lib/python3.10/site-packages:${PYTHONPATH} /usr/bin/python3 setup.py egg_info --egg-base ../../build/arduinobot_py_examples build --build-base /home/hari22/ros2_ws_db/build/arduinobot_py_examples/build install --record /home/hari22/ros2_ws_db/build/arduinobot_py_examples/install.log --single-version-externally-managed
[2.458s] DEBUG:colcon.colcon_core.event_handler.log_command:Invoked command in '/home/hari22/ros2_ws_db/src/arduinobot_py_examples' returned '0': PYTHONPATH=/home/hari22/ros2_ws_db/build/arduinobot_py_examples/prefix_override:/home/hari22/ros2_ws_db/install/arduinobot_py_examples/lib/python3.10/site-packages:${PYTHONPATH} /usr/bin/python3 setup.py egg_info --egg-base ../../build/arduinobot_py_examples build --build-base /home/hari22/ros2_ws_db/build/arduinobot_py_examples/build install --record /home/hari22/ros2_ws_db/build/arduinobot_py_examples/install.log --single-version-externally-managed
[2.473s] Level 1:colcon.colcon_core.environment:checking '/home/hari22/ros2_ws_db/install/arduinobot_py_examples' for CMake module files
[2.473s] Level 1:colcon.colcon_core.environment:checking '/home/hari22/ros2_ws_db/install/arduinobot_py_examples' for CMake config files
[2.473s] Level 1:colcon.colcon_core.environment:checking '/home/hari22/ros2_ws_db/install/arduinobot_py_examples/lib'
[2.474s] Level 1:colcon.colcon_core.environment:checking '/home/hari22/ros2_ws_db/install/arduinobot_py_examples/bin'
[2.474s] Level 1:colcon.colcon_core.environment:checking '/home/hari22/ros2_ws_db/install/arduinobot_py_examples/lib/pkgconfig/arduinobot_py_examples.pc'
[2.474s] Level 1:colcon.colcon_core.environment:checking '/home/hari22/ros2_ws_db/install/arduinobot_py_examples/lib/python3.10/site-packages'
[2.474s] Level 1:colcon.colcon_core.shell:create_environment_hook('arduinobot_py_examples', 'pythonpath')
[2.489s] INFO:colcon.colcon_core.shell:Creating environment hook '/home/hari22/ros2_ws_db/install/arduinobot_py_examples/share/arduinobot_py_examples/hook/pythonpath.ps1'
[2.490s] INFO:colcon.colcon_core.shell:Creating environment descriptor '/home/hari22/ros2_ws_db/install/arduinobot_py_examples/share/arduinobot_py_examples/hook/pythonpath.dsv'
[2.490s] INFO:colcon.colcon_core.shell:Creating environment hook '/home/hari22/ros2_ws_db/install/arduinobot_py_examples/share/arduinobot_py_examples/hook/pythonpath.sh'
[2.490s] Level 1:colcon.colcon_core.environment:checking '/home/hari22/ros2_ws_db/install/arduinobot_py_examples/bin'
[2.490s] Level 1:colcon.colcon_core.environment:create_environment_scripts_only(arduinobot_py_examples)
[2.504s] INFO:colcon.colcon_core.shell:Creating package script '/home/hari22/ros2_ws_db/install/arduinobot_py_examples/share/arduinobot_py_examples/package.ps1'
[2.505s] INFO:colcon.colcon_core.shell:Creating package descriptor '/home/hari22/ros2_ws_db/install/arduinobot_py_examples/share/arduinobot_py_examples/package.dsv'
[2.505s] INFO:colcon.colcon_core.shell:Creating package script '/home/hari22/ros2_ws_db/install/arduinobot_py_examples/share/arduinobot_py_examples/package.sh'
[2.506s] INFO:colcon.colcon_core.shell:Creating package script '/home/hari22/ros2_ws_db/install/arduinobot_py_examples/share/arduinobot_py_examples/package.bash'
[2.506s] INFO:colcon.colcon_core.shell:Creating package script '/home/hari22/ros2_ws_db/install/arduinobot_py_examples/share/arduinobot_py_examples/package.zsh'
[2.506s] Level 1:colcon.colcon_core.environment:create_file_with_runtime_dependencies(/home/hari22/ros2_ws_db/install/arduinobot_py_examples/share/colcon-core/packages/arduinobot_py_examples)
[2.506s] DEBUG:colcon.colcon_parallel_executor.executor.parallel:closing loop
[2.507s] DEBUG:colcon.colcon_parallel_executor.executor.parallel:loop closed
[2.507s] DEBUG:colcon.colcon_parallel_executor.executor.parallel:run_until_complete finished with '0'
[2.507s] DEBUG:colcon.colcon_core.event_reactor:joining thread
[2.525s] INFO:colcon.colcon_core.plugin_system:Skipping extension 'colcon_notification.desktop_notification.terminal_notifier': Not used on non-Darwin systems
[2.525s] INFO:colcon.colcon_core.plugin_system:Skipping extension 'colcon_notification.desktop_notification.win32': Not used on non-Windows systems
[2.525s] INFO:colcon.colcon_notification.desktop_notification:Sending desktop notification using 'notify2'
[2.533s] DEBUG:colcon.colcon_core.event_reactor:joined thread
[2.548s] INFO:colcon.colcon_core.shell:Creating prefix script '/home/hari22/ros2_ws_db/install/local_setup.ps1'
[2.549s] INFO:colcon.colcon_core.shell:Creating prefix util module '/home/hari22/ros2_ws_db/install/_local_setup_util_ps1.py'
[2.550s] INFO:colcon.colcon_core.shell:Creating prefix chain script '/home/hari22/ros2_ws_db/install/setup.ps1'
[2.565s] INFO:colcon.colcon_core.shell:Creating prefix script '/home/hari22/ros2_ws_db/install/local_setup.sh'
[2.565s] INFO:colcon.colcon_core.shell:Creating prefix util module '/home/hari22/ros2_ws_db/install/_local_setup_util_sh.py'
[2.565s] INFO:colcon.colcon_core.shell:Creating prefix chain script '/home/hari22/ros2_ws_db/install/setup.sh'
[2.588s] INFO:colcon.colcon_core.shell:Creating prefix script '/home/hari22/ros2_ws_db/install/local_setup.bash'
[2.588s] INFO:colcon.colcon_core.shell:Creating prefix chain script '/home/hari22/ros2_ws_db/install/setup.bash'
[2.603s] INFO:colcon.colcon_core.shell:Creating prefix script '/home/hari22/ros2_ws_db/install/local_setup.zsh'
[2.603s] INFO:colcon.colcon_core.shell:Creating prefix chain script '/home/hari22/ros2_ws_db/install/setup.zsh'
