[1.822s] Invoking command in '/home/hari22/ros2_ws_db/src/hari_snake_package': PYTHONPATH=/home/hari22/ros2_ws_db/build/hari_snake_package/prefix_override:/home/hari22/ros2_ws_db/install/hari_snake_package/lib/python3.10/site-packages:${PYTHONPATH} /usr/bin/python3 setup.py egg_info --egg-base ../../build/hari_snake_package build --build-base /home/hari22/ros2_ws_db/build/hari_snake_package/build install --record /home/hari22/ros2_ws_db/build/hari_snake_package/install.log --single-version-externally-managed
[2.373s] running egg_info
[2.374s] writing ../../build/hari_snake_package/hari_snake_package.egg-info/PKG-INFO
[2.374s] writing dependency_links to ../../build/hari_snake_package/hari_snake_package.egg-info/dependency_links.txt
[2.374s] writing entry points to ../../build/hari_snake_package/hari_snake_package.egg-info/entry_points.txt
[2.374s] writing requirements to ../../build/hari_snake_package/hari_snake_package.egg-info/requires.txt
[2.374s] writing top-level names to ../../build/hari_snake_package/hari_snake_package.egg-info/top_level.txt
[2.381s] reading manifest file '../../build/hari_snake_package/hari_snake_package.egg-info/SOURCES.txt'
[2.385s] writing manifest file '../../build/hari_snake_package/hari_snake_package.egg-info/SOURCES.txt'
[2.385s] running build
[2.386s] running build_py
[2.387s] running install
[2.387s] /usr/lib/python3/dist-packages/setuptools/command/install.py:34: SetuptoolsDeprecationWarning: setup.py install is deprecated. Use build and pip and other standards-based tools.
[2.388s]   warnings.warn(
[2.388s] running install_lib
[2.392s] running install_data
[2.396s] running install_egg_info
[2.398s] removing '/home/hari22/ros2_ws_db/install/hari_snake_package/lib/python3.10/site-packages/hari_snake_package-0.0.0-py3.10.egg-info' (and everything under it)
[2.398s] Copying ../../build/hari_snake_package/hari_snake_package.egg-info to /home/hari22/ros2_ws_db/install/hari_snake_package/lib/python3.10/site-packages/hari_snake_package-0.0.0-py3.10.egg-info
[2.399s] running install_scripts
[2.433s] writing list of installed files to '/home/hari22/ros2_ws_db/build/hari_snake_package/install.log'
[2.452s] Invoked command in '/home/hari22/ros2_ws_db/src/hari_snake_package' returned '0': PYTHONPATH=/home/hari22/ros2_ws_db/build/hari_snake_package/prefix_override:/home/hari22/ros2_ws_db/install/hari_snake_package/lib/python3.10/site-packages:${PYTHONPATH} /usr/bin/python3 setup.py egg_info --egg-base ../../build/hari_snake_package build --build-base /home/hari22/ros2_ws_db/build/hari_snake_package/build install --record /home/hari22/ros2_ws_db/build/hari_snake_package/install.log --single-version-externally-managed
