[0.908s] DEBUG:colcon:Command line arguments: ['/usr/bin/colcon', 'build']
[0.909s] DEBUG:colcon:Parsed command line arguments: Namespace(log_base=None, log_level=None, verb_name='build', build_base='build', install_base='install', merge_install=False, symlink_install=False, test_result_base=None, continue_on_error=False, executor='parallel', parallel_workers=16, event_handlers=None, ignore_user_meta=False, metas=['./colcon.meta'], base_paths=['.'], packages_ignore=None, packages_ignore_regex=None, paths=None, packages_up_to=None, packages_up_to_regex=None, packages_above=None, packages_above_and_dependencies=None, packages_above_depth=None, packages_select_by_dep=None, packages_skip_by_dep=None, packages_skip_up_to=None, packages_select_build_failed=False, packages_skip_build_finished=False, packages_select_test_failures=False, packages_skip_test_passed=False, packages_select=None, packages_skip=None, packages_select_regex=None, packages_skip_regex=None, packages_start=None, packages_end=None, allow_overriding=[], cmake_args=None, cmake_target=None, cmake_target_skip_unavailable=False, cmake_clean_cache=False, cmake_clean_first=False, cmake_force_configure=False, ament_cmake_args=None, catkin_cmake_args=None, catkin_skip_building_tests=False, verb_parser=<colcon_defaults.argument_parser.defaults.DefaultArgumentsDecorator object at 0x7f8191df1b40>, verb_extension=<colcon_core.verb.build.BuildVerb object at 0x7f8191df0160>, main=<bound method BuildVerb.main of <colcon_core.verb.build.BuildVerb object at 0x7f8191df0160>>)
[0.950s] Level 1:colcon.colcon_core.package_discovery:discover_packages(colcon_meta) check parameters
[0.950s] Level 1:colcon.colcon_core.package_discovery:discover_packages(recursive) check parameters
[0.950s] Level 1:colcon.colcon_core.package_discovery:discover_packages(ignore) check parameters
[0.950s] Level 1:colcon.colcon_core.package_discovery:discover_packages(path) check parameters
[0.950s] Level 1:colcon.colcon_core.package_discovery:discover_packages(colcon_meta) discover
[0.950s] Level 1:colcon.colcon_core.package_discovery:discover_packages(recursive) discover
[0.950s] INFO:colcon.colcon_core.package_discovery:Crawling recursively for packages in '/home/hari22/ros2_ws_db'
[0.950s] Level 1:colcon.colcon_core.package_identification:_identify(.) by extensions ['ignore', 'ignore_ament_install']
[0.951s] Level 1:colcon.colcon_core.package_identification:_identify(.) by extension 'ignore'
[0.951s] Level 1:colcon.colcon_core.package_identification:_identify(.) by extension 'ignore_ament_install'
[0.951s] Level 1:colcon.colcon_core.package_identification:_identify(.) by extensions ['colcon_pkg']
[0.951s] Level 1:colcon.colcon_core.package_identification:_identify(.) by extension 'colcon_pkg'
[0.951s] Level 1:colcon.colcon_core.package_identification:_identify(.) by extensions ['colcon_meta']
[0.951s] Level 1:colcon.colcon_core.package_identification:_identify(.) by extension 'colcon_meta'
[0.951s] Level 1:colcon.colcon_core.package_identification:_identify(.) by extensions ['ros']
[0.951s] Level 1:colcon.colcon_core.package_identification:_identify(.) by extension 'ros'
[0.962s] Level 1:colcon.colcon_core.package_identification:_identify(.) by extensions ['cmake', 'python']
[0.962s] Level 1:colcon.colcon_core.package_identification:_identify(.) by extension 'cmake'
[0.962s] Level 1:colcon.colcon_core.package_identification:_identify(.) by extension 'python'
[0.962s] Level 1:colcon.colcon_core.package_identification:_identify(.) by extensions ['python_setup_py']
[0.962s] Level 1:colcon.colcon_core.package_identification:_identify(.) by extension 'python_setup_py'
[0.962s] Level 1:colcon.colcon_core.package_identification:_identify(build) by extensions ['ignore', 'ignore_ament_install']
[0.962s] Level 1:colcon.colcon_core.package_identification:_identify(build) by extension 'ignore'
[0.963s] Level 1:colcon.colcon_core.package_identification:_identify(build) ignored
[0.963s] Level 1:colcon.colcon_core.package_identification:_identify(install) by extensions ['ignore', 'ignore_ament_install']
[0.963s] Level 1:colcon.colcon_core.package_identification:_identify(install) by extension 'ignore'
[0.963s] Level 1:colcon.colcon_core.package_identification:_identify(install) ignored
[0.963s] Level 1:colcon.colcon_core.package_identification:_identify(log) by extensions ['ignore', 'ignore_ament_install']
[0.963s] Level 1:colcon.colcon_core.package_identification:_identify(log) by extension 'ignore'
[0.963s] Level 1:colcon.colcon_core.package_identification:_identify(log) ignored
[0.963s] Level 1:colcon.colcon_core.package_identification:_identify(src) by extensions ['ignore', 'ignore_ament_install']
[0.963s] Level 1:colcon.colcon_core.package_identification:_identify(src) by extension 'ignore'
[0.963s] Level 1:colcon.colcon_core.package_identification:_identify(src) by extension 'ignore_ament_install'
[0.963s] Level 1:colcon.colcon_core.package_identification:_identify(src) by extensions ['colcon_pkg']
[0.963s] Level 1:colcon.colcon_core.package_identification:_identify(src) by extension 'colcon_pkg'
[0.963s] Level 1:colcon.colcon_core.package_identification:_identify(src) by extensions ['colcon_meta']
[0.963s] Level 1:colcon.colcon_core.package_identification:_identify(src) by extension 'colcon_meta'
[0.963s] Level 1:colcon.colcon_core.package_identification:_identify(src) by extensions ['ros']
[0.963s] Level 1:colcon.colcon_core.package_identification:_identify(src) by extension 'ros'
[0.963s] Level 1:colcon.colcon_core.package_identification:_identify(src) by extensions ['cmake', 'python']
[0.963s] Level 1:colcon.colcon_core.package_identification:_identify(src) by extension 'cmake'
[0.963s] Level 1:colcon.colcon_core.package_identification:_identify(src) by extension 'python'
[0.963s] Level 1:colcon.colcon_core.package_identification:_identify(src) by extensions ['python_setup_py']
[0.963s] Level 1:colcon.colcon_core.package_identification:_identify(src) by extension 'python_setup_py'
[0.964s] Level 1:colcon.colcon_core.package_identification:_identify(src/arduinobot_cpp_examples) by extensions ['ignore', 'ignore_ament_install']
[0.964s] Level 1:colcon.colcon_core.package_identification:_identify(src/arduinobot_cpp_examples) by extension 'ignore'
[0.964s] Level 1:colcon.colcon_core.package_identification:_identify(src/arduinobot_cpp_examples) by extension 'ignore_ament_install'
[0.964s] Level 1:colcon.colcon_core.package_identification:_identify(src/arduinobot_cpp_examples) by extensions ['colcon_pkg']
[0.964s] Level 1:colcon.colcon_core.package_identification:_identify(src/arduinobot_cpp_examples) by extension 'colcon_pkg'
[0.964s] Level 1:colcon.colcon_core.package_identification:_identify(src/arduinobot_cpp_examples) by extensions ['colcon_meta']
[0.964s] Level 1:colcon.colcon_core.package_identification:_identify(src/arduinobot_cpp_examples) by extension 'colcon_meta'
[0.964s] Level 1:colcon.colcon_core.package_identification:_identify(src/arduinobot_cpp_examples) by extensions ['ros']
[0.964s] Level 1:colcon.colcon_core.package_identification:_identify(src/arduinobot_cpp_examples) by extension 'ros'
[0.966s] DEBUG:colcon.colcon_core.package_identification:Package 'src/arduinobot_cpp_examples' with type 'ros.ament_cmake' and name 'arduinobot_cpp_examples'
[0.966s] Level 1:colcon.colcon_core.package_identification:_identify(src/arduinobot_description) by extensions ['ignore', 'ignore_ament_install']
[0.966s] Level 1:colcon.colcon_core.package_identification:_identify(src/arduinobot_description) by extension 'ignore'
[0.966s] Level 1:colcon.colcon_core.package_identification:_identify(src/arduinobot_description) by extension 'ignore_ament_install'
[0.966s] Level 1:colcon.colcon_core.package_identification:_identify(src/arduinobot_description) by extensions ['colcon_pkg']
[0.966s] Level 1:colcon.colcon_core.package_identification:_identify(src/arduinobot_description) by extension 'colcon_pkg'
[0.966s] Level 1:colcon.colcon_core.package_identification:_identify(src/arduinobot_description) by extensions ['colcon_meta']
[0.966s] Level 1:colcon.colcon_core.package_identification:_identify(src/arduinobot_description) by extension 'colcon_meta'
[0.966s] Level 1:colcon.colcon_core.package_identification:_identify(src/arduinobot_description) by extensions ['ros']
[0.966s] Level 1:colcon.colcon_core.package_identification:_identify(src/arduinobot_description) by extension 'ros'
[0.966s] DEBUG:colcon.colcon_core.package_identification:Package 'src/arduinobot_description' with type 'ros.ament_cmake' and name 'arduinobot_description'
[0.967s] Level 1:colcon.colcon_core.package_identification:_identify(src/arduinobot_py_examples) by extensions ['ignore', 'ignore_ament_install']
[0.967s] Level 1:colcon.colcon_core.package_identification:_identify(src/arduinobot_py_examples) by extension 'ignore'
[0.967s] Level 1:colcon.colcon_core.package_identification:_identify(src/arduinobot_py_examples) by extension 'ignore_ament_install'
[0.967s] Level 1:colcon.colcon_core.package_identification:_identify(src/arduinobot_py_examples) by extensions ['colcon_pkg']
[0.967s] Level 1:colcon.colcon_core.package_identification:_identify(src/arduinobot_py_examples) by extension 'colcon_pkg'
[0.967s] Level 1:colcon.colcon_core.package_identification:_identify(src/arduinobot_py_examples) by extensions ['colcon_meta']
[0.967s] Level 1:colcon.colcon_core.package_identification:_identify(src/arduinobot_py_examples) by extension 'colcon_meta'
[0.967s] Level 1:colcon.colcon_core.package_identification:_identify(src/arduinobot_py_examples) by extensions ['ros']
[0.967s] Level 1:colcon.colcon_core.package_identification:_identify(src/arduinobot_py_examples) by extension 'ros'
[0.967s] DEBUG:colcon.colcon_core.package_identification:Package 'src/arduinobot_py_examples' with type 'ros.ament_python' and name 'arduinobot_py_examples'
[0.967s] Level 1:colcon.colcon_core.package_discovery:discover_packages(recursive) using defaults
[0.967s] Level 1:colcon.colcon_core.package_discovery:discover_packages(ignore) discover
[0.967s] Level 1:colcon.colcon_core.package_discovery:discover_packages(ignore) using defaults
[0.967s] Level 1:colcon.colcon_core.package_discovery:discover_packages(path) discover
[0.967s] Level 1:colcon.colcon_core.package_discovery:discover_packages(path) using defaults
[1.049s] Level 1:colcon.colcon_core.package_discovery:discover_packages(prefix_path) check parameters
[1.049s] Level 1:colcon.colcon_core.package_discovery:discover_packages(prefix_path) discover
[1.076s] DEBUG:colcon.colcon_installed_package_information.package_discovery:Found 3 installed packages in /home/hari22/ros2_ws_db/install
[1.097s] DEBUG:colcon.colcon_installed_package_information.package_discovery:Found 358 installed packages in /opt/ros/humble
[1.098s] Level 1:colcon.colcon_core.package_discovery:discover_packages(prefix_path) using defaults
[1.180s] Level 5:colcon.colcon_core.verb:set package 'arduinobot_cpp_examples' build argument 'cmake_args' from command line to 'None'
[1.180s] Level 5:colcon.colcon_core.verb:set package 'arduinobot_cpp_examples' build argument 'cmake_target' from command line to 'None'
[1.180s] Level 5:colcon.colcon_core.verb:set package 'arduinobot_cpp_examples' build argument 'cmake_target_skip_unavailable' from command line to 'False'
[1.180s] Level 5:colcon.colcon_core.verb:set package 'arduinobot_cpp_examples' build argument 'cmake_clean_cache' from command line to 'False'
[1.180s] Level 5:colcon.colcon_core.verb:set package 'arduinobot_cpp_examples' build argument 'cmake_clean_first' from command line to 'False'
[1.180s] Level 5:colcon.colcon_core.verb:set package 'arduinobot_cpp_examples' build argument 'cmake_force_configure' from command line to 'False'
[1.180s] Level 5:colcon.colcon_core.verb:set package 'arduinobot_cpp_examples' build argument 'ament_cmake_args' from command line to 'None'
[1.180s] Level 5:colcon.colcon_core.verb:set package 'arduinobot_cpp_examples' build argument 'catkin_cmake_args' from command line to 'None'
[1.180s] Level 5:colcon.colcon_core.verb:set package 'arduinobot_cpp_examples' build argument 'catkin_skip_building_tests' from command line to 'False'
[1.180s] DEBUG:colcon.colcon_core.verb:Building package 'arduinobot_cpp_examples' with the following arguments: {'ament_cmake_args': None, 'build_base': '/home/hari22/ros2_ws_db/build/arduinobot_cpp_examples', 'catkin_cmake_args': None, 'catkin_skip_building_tests': False, 'cmake_args': None, 'cmake_clean_cache': False, 'cmake_clean_first': False, 'cmake_force_configure': False, 'cmake_target': None, 'cmake_target_skip_unavailable': False, 'install_base': '/home/hari22/ros2_ws_db/install/arduinobot_cpp_examples', 'merge_install': False, 'path': '/home/hari22/ros2_ws_db/src/arduinobot_cpp_examples', 'symlink_install': False, 'test_result_base': None}
[1.195s] Level 5:colcon.colcon_core.verb:set package 'arduinobot_description' build argument 'cmake_args' from command line to 'None'
[1.195s] Level 5:colcon.colcon_core.verb:set package 'arduinobot_description' build argument 'cmake_target' from command line to 'None'
[1.195s] Level 5:colcon.colcon_core.verb:set package 'arduinobot_description' build argument 'cmake_target_skip_unavailable' from command line to 'False'
[1.195s] Level 5:colcon.colcon_core.verb:set package 'arduinobot_description' build argument 'cmake_clean_cache' from command line to 'False'
[1.195s] Level 5:colcon.colcon_core.verb:set package 'arduinobot_description' build argument 'cmake_clean_first' from command line to 'False'
[1.195s] Level 5:colcon.colcon_core.verb:set package 'arduinobot_description' build argument 'cmake_force_configure' from command line to 'False'
[1.195s] Level 5:colcon.colcon_core.verb:set package 'arduinobot_description' build argument 'ament_cmake_args' from command line to 'None'
[1.195s] Level 5:colcon.colcon_core.verb:set package 'arduinobot_description' build argument 'catkin_cmake_args' from command line to 'None'
[1.195s] Level 5:colcon.colcon_core.verb:set package 'arduinobot_description' build argument 'catkin_skip_building_tests' from command line to 'False'
[1.195s] DEBUG:colcon.colcon_core.verb:Building package 'arduinobot_description' with the following arguments: {'ament_cmake_args': None, 'build_base': '/home/hari22/ros2_ws_db/build/arduinobot_description', 'catkin_cmake_args': None, 'catkin_skip_building_tests': False, 'cmake_args': None, 'cmake_clean_cache': False, 'cmake_clean_first': False, 'cmake_force_configure': False, 'cmake_target': None, 'cmake_target_skip_unavailable': False, 'install_base': '/home/hari22/ros2_ws_db/install/arduinobot_description', 'merge_install': False, 'path': '/home/hari22/ros2_ws_db/src/arduinobot_description', 'symlink_install': False, 'test_result_base': None}
[1.213s] Level 5:colcon.colcon_core.verb:set package 'arduinobot_py_examples' build argument 'cmake_args' from command line to 'None'
[1.213s] Level 5:colcon.colcon_core.verb:set package 'arduinobot_py_examples' build argument 'cmake_target' from command line to 'None'
[1.213s] Level 5:colcon.colcon_core.verb:set package 'arduinobot_py_examples' build argument 'cmake_target_skip_unavailable' from command line to 'False'
[1.213s] Level 5:colcon.colcon_core.verb:set package 'arduinobot_py_examples' build argument 'cmake_clean_cache' from command line to 'False'
[1.213s] Level 5:colcon.colcon_core.verb:set package 'arduinobot_py_examples' build argument 'cmake_clean_first' from command line to 'False'
[1.213s] Level 5:colcon.colcon_core.verb:set package 'arduinobot_py_examples' build argument 'cmake_force_configure' from command line to 'False'
[1.213s] Level 5:colcon.colcon_core.verb:set package 'arduinobot_py_examples' build argument 'ament_cmake_args' from command line to 'None'
[1.213s] Level 5:colcon.colcon_core.verb:set package 'arduinobot_py_examples' build argument 'catkin_cmake_args' from command line to 'None'
[1.213s] Level 5:colcon.colcon_core.verb:set package 'arduinobot_py_examples' build argument 'catkin_skip_building_tests' from command line to 'False'
[1.213s] DEBUG:colcon.colcon_core.verb:Building package 'arduinobot_py_examples' with the following arguments: {'ament_cmake_args': None, 'build_base': '/home/hari22/ros2_ws_db/build/arduinobot_py_examples', 'catkin_cmake_args': None, 'catkin_skip_building_tests': False, 'cmake_args': None, 'cmake_clean_cache': False, 'cmake_clean_first': False, 'cmake_force_configure': False, 'cmake_target': None, 'cmake_target_skip_unavailable': False, 'install_base': '/home/hari22/ros2_ws_db/install/arduinobot_py_examples', 'merge_install': False, 'path': '/home/hari22/ros2_ws_db/src/arduinobot_py_examples', 'symlink_install': False, 'test_result_base': None}
[1.227s] INFO:colcon.colcon_core.executor:Executing jobs using 'parallel' executor
[1.242s] DEBUG:colcon.colcon_parallel_executor.executor.parallel:run_until_complete
[1.242s] INFO:colcon.colcon_ros.task.ament_cmake.build:Building ROS package in '/home/hari22/ros2_ws_db/src/arduinobot_cpp_examples' with build type 'ament_cmake'
[1.242s] INFO:colcon.colcon_cmake.task.cmake.build:Building CMake package in '/home/hari22/ros2_ws_db/src/arduinobot_cpp_examples'
[1.257s] INFO:colcon.colcon_core.plugin_system:Skipping extension 'colcon_core.shell.bat': Not used on non-Windows systems
[1.258s] INFO:colcon.colcon_core.shell:Skip shell extension 'powershell' for command environment: Not usable outside of PowerShell
[1.258s] DEBUG:colcon.colcon_core.shell:Skip shell extension 'dsv' for command environment
[1.301s] INFO:colcon.colcon_ros.task.ament_cmake.build:Building ROS package in '/home/hari22/ros2_ws_db/src/arduinobot_description' with build type 'ament_cmake'
[1.301s] INFO:colcon.colcon_cmake.task.cmake.build:Building CMake package in '/home/hari22/ros2_ws_db/src/arduinobot_description'
[1.316s] INFO:colcon.colcon_core.shell:Skip shell extension 'powershell' for command environment: Not usable outside of PowerShell
[1.316s] DEBUG:colcon.colcon_core.shell:Skip shell extension 'dsv' for command environment
[1.361s] INFO:colcon.colcon_ros.task.ament_python.build:Building ROS package in '/home/hari22/ros2_ws_db/src/arduinobot_py_examples' with build type 'ament_python'
[1.361s] Level 1:colcon.colcon_core.shell:create_environment_hook('arduinobot_py_examples', 'ament_prefix_path')
[1.376s] INFO:colcon.colcon_core.shell:Creating environment hook '/home/hari22/ros2_ws_db/install/arduinobot_py_examples/share/arduinobot_py_examples/hook/ament_prefix_path.ps1'
[1.377s] INFO:colcon.colcon_core.shell:Creating environment descriptor '/home/hari22/ros2_ws_db/install/arduinobot_py_examples/share/arduinobot_py_examples/hook/ament_prefix_path.dsv'
[1.377s] INFO:colcon.colcon_core.shell:Creating environment hook '/home/hari22/ros2_ws_db/install/arduinobot_py_examples/share/arduinobot_py_examples/hook/ament_prefix_path.sh'
[1.392s] INFO:colcon.colcon_core.shell:Skip shell extension 'powershell' for command environment: Not usable outside of PowerShell
[1.392s] DEBUG:colcon.colcon_core.shell:Skip shell extension 'dsv' for command environment
[1.440s] DEBUG:colcon.colcon_core.event_handler.log_command:Invoking command in '/home/hari22/ros2_ws_db/build/arduinobot_cpp_examples': CMAKE_PREFIX_PATH=${CMAKE_PREFIX_PATH}:/home/hari22/ros2_ws_db/install/arduinobot_py_examples:/opt/ros/humble /usr/bin/cmake --build /home/hari22/ros2_ws_db/build/arduinobot_cpp_examples -- -j16 -l16
[1.442s] DEBUG:colcon.colcon_core.event_handler.log_command:Invoking command in '/home/hari22/ros2_ws_db/build/arduinobot_description': CMAKE_PREFIX_PATH=${CMAKE_PREFIX_PATH}:/home/hari22/ros2_ws_db/install/arduinobot_py_examples:/opt/ros/humble /usr/bin/cmake --build /home/hari22/ros2_ws_db/build/arduinobot_description -- -j16 -l16
[1.643s] INFO:colcon.colcon_core.task.python.build:Building Python package in '/home/hari22/ros2_ws_db/src/arduinobot_py_examples'
[1.657s] INFO:colcon.colcon_core.shell:Skip shell extension 'powershell' for command environment: Not usable outside of PowerShell
[1.657s] DEBUG:colcon.colcon_core.shell:Skip shell extension 'dsv' for command environment
[1.706s] DEBUG:colcon.colcon_core.event_handler.log_command:Invoked command in '/home/hari22/ros2_ws_db/build/arduinobot_description' returned '0': CMAKE_PREFIX_PATH=${CMAKE_PREFIX_PATH}:/home/hari22/ros2_ws_db/install/arduinobot_py_examples:/opt/ros/humble /usr/bin/cmake --build /home/hari22/ros2_ws_db/build/arduinobot_description -- -j16 -l16
[1.707s] DEBUG:colcon.colcon_core.event_handler.log_command:Invoked command in '/home/hari22/ros2_ws_db/build/arduinobot_cpp_examples' returned '0': CMAKE_PREFIX_PATH=${CMAKE_PREFIX_PATH}:/home/hari22/ros2_ws_db/install/arduinobot_py_examples:/opt/ros/humble /usr/bin/cmake --build /home/hari22/ros2_ws_db/build/arduinobot_cpp_examples -- -j16 -l16
[1.728s] DEBUG:colcon.colcon_core.event_handler.log_command:Invoking command in '/home/hari22/ros2_ws_db/build/arduinobot_description': CMAKE_PREFIX_PATH=${CMAKE_PREFIX_PATH}:/home/hari22/ros2_ws_db/install/arduinobot_py_examples:/opt/ros/humble /usr/bin/cmake --install /home/hari22/ros2_ws_db/build/arduinobot_description
[1.729s] DEBUG:colcon.colcon_core.event_handler.log_command:Invoking command in '/home/hari22/ros2_ws_db/build/arduinobot_cpp_examples': CMAKE_PREFIX_PATH=${CMAKE_PREFIX_PATH}:/home/hari22/ros2_ws_db/install/arduinobot_py_examples:/opt/ros/humble /usr/bin/cmake --install /home/hari22/ros2_ws_db/build/arduinobot_cpp_examples
[1.734s] Level 1:colcon.colcon_core.environment:create_environment_scripts_only(arduinobot_description)
[1.741s] DEBUG:colcon.colcon_core.event_handler.log_command:Invoked command in '/home/hari22/ros2_ws_db/build/arduinobot_description' returned '0': CMAKE_PREFIX_PATH=${CMAKE_PREFIX_PATH}:/home/hari22/ros2_ws_db/install/arduinobot_py_examples:/opt/ros/humble /usr/bin/cmake --install /home/hari22/ros2_ws_db/build/arduinobot_description
[1.756s] Level 1:colcon.colcon_core.environment:checking '/home/hari22/ros2_ws_db/install/arduinobot_description' for CMake module files
[1.756s] Level 1:colcon.colcon_core.environment:checking '/home/hari22/ros2_ws_db/install/arduinobot_description' for CMake config files
[1.756s] Level 1:colcon.colcon_core.shell:create_environment_hook('arduinobot_description', 'cmake_prefix_path')
[1.770s] INFO:colcon.colcon_core.shell:Creating environment hook '/home/hari22/ros2_ws_db/install/arduinobot_description/share/arduinobot_description/hook/cmake_prefix_path.ps1'
[1.771s] INFO:colcon.colcon_core.shell:Creating environment descriptor '/home/hari22/ros2_ws_db/install/arduinobot_description/share/arduinobot_description/hook/cmake_prefix_path.dsv'
[1.771s] INFO:colcon.colcon_core.shell:Creating environment hook '/home/hari22/ros2_ws_db/install/arduinobot_description/share/arduinobot_description/hook/cmake_prefix_path.sh'
[1.772s] Level 1:colcon.colcon_core.environment:checking '/home/hari22/ros2_ws_db/install/arduinobot_description/bin'
[1.772s] Level 1:colcon.colcon_core.environment:checking '/home/hari22/ros2_ws_db/install/arduinobot_description/lib/pkgconfig/arduinobot_description.pc'
[1.772s] Level 1:colcon.colcon_core.environment:checking '/home/hari22/ros2_ws_db/install/arduinobot_description/lib/python3.10/site-packages'
[1.772s] Level 1:colcon.colcon_core.environment:checking '/home/hari22/ros2_ws_db/install/arduinobot_description/bin'
[1.787s] INFO:colcon.colcon_core.shell:Creating package script '/home/hari22/ros2_ws_db/install/arduinobot_description/share/arduinobot_description/package.ps1'
[1.787s] INFO:colcon.colcon_core.shell:Creating package descriptor '/home/hari22/ros2_ws_db/install/arduinobot_description/share/arduinobot_description/package.dsv'
[1.787s] INFO:colcon.colcon_core.shell:Creating package script '/home/hari22/ros2_ws_db/install/arduinobot_description/share/arduinobot_description/package.sh'
[1.788s] INFO:colcon.colcon_core.shell:Creating package script '/home/hari22/ros2_ws_db/install/arduinobot_description/share/arduinobot_description/package.bash'
[1.788s] INFO:colcon.colcon_core.shell:Creating package script '/home/hari22/ros2_ws_db/install/arduinobot_description/share/arduinobot_description/package.zsh'
[1.789s] Level 1:colcon.colcon_core.environment:create_file_with_runtime_dependencies(/home/hari22/ros2_ws_db/install/arduinobot_description/share/colcon-core/packages/arduinobot_description)
[1.790s] Level 1:colcon.colcon_core.environment:create_environment_scripts_only(arduinobot_cpp_examples)
[1.791s] DEBUG:colcon.colcon_core.event_handler.log_command:Invoked command in '/home/hari22/ros2_ws_db/build/arduinobot_cpp_examples' returned '0': CMAKE_PREFIX_PATH=${CMAKE_PREFIX_PATH}:/home/hari22/ros2_ws_db/install/arduinobot_py_examples:/opt/ros/humble /usr/bin/cmake --install /home/hari22/ros2_ws_db/build/arduinobot_cpp_examples
[1.807s] Level 1:colcon.colcon_core.environment:checking '/home/hari22/ros2_ws_db/install/arduinobot_cpp_examples' for CMake module files
[1.807s] Level 1:colcon.colcon_core.environment:checking '/home/hari22/ros2_ws_db/install/arduinobot_cpp_examples' for CMake config files
[1.807s] Level 1:colcon.colcon_core.shell:create_environment_hook('arduinobot_cpp_examples', 'cmake_prefix_path')
[1.821s] INFO:colcon.colcon_core.shell:Creating environment hook '/home/hari22/ros2_ws_db/install/arduinobot_cpp_examples/share/arduinobot_cpp_examples/hook/cmake_prefix_path.ps1'
[1.822s] INFO:colcon.colcon_core.shell:Creating environment descriptor '/home/hari22/ros2_ws_db/install/arduinobot_cpp_examples/share/arduinobot_cpp_examples/hook/cmake_prefix_path.dsv'
[1.822s] INFO:colcon.colcon_core.shell:Creating environment hook '/home/hari22/ros2_ws_db/install/arduinobot_cpp_examples/share/arduinobot_cpp_examples/hook/cmake_prefix_path.sh'
[1.822s] Level 1:colcon.colcon_core.environment:checking '/home/hari22/ros2_ws_db/install/arduinobot_cpp_examples/bin'
[1.822s] Level 1:colcon.colcon_core.environment:checking '/home/hari22/ros2_ws_db/install/arduinobot_cpp_examples/lib/pkgconfig/arduinobot_cpp_examples.pc'
[1.823s] Level 1:colcon.colcon_core.environment:checking '/home/hari22/ros2_ws_db/install/arduinobot_cpp_examples/lib/python3.10/site-packages'
[1.823s] Level 1:colcon.colcon_core.environment:checking '/home/hari22/ros2_ws_db/install/arduinobot_cpp_examples/bin'
[1.837s] INFO:colcon.colcon_core.shell:Creating package script '/home/hari22/ros2_ws_db/install/arduinobot_cpp_examples/share/arduinobot_cpp_examples/package.ps1'
[1.837s] INFO:colcon.colcon_core.shell:Creating package descriptor '/home/hari22/ros2_ws_db/install/arduinobot_cpp_examples/share/arduinobot_cpp_examples/package.dsv'
[1.837s] INFO:colcon.colcon_core.shell:Creating package script '/home/hari22/ros2_ws_db/install/arduinobot_cpp_examples/share/arduinobot_cpp_examples/package.sh'
[1.838s] INFO:colcon.colcon_core.shell:Creating package script '/home/hari22/ros2_ws_db/install/arduinobot_cpp_examples/share/arduinobot_cpp_examples/package.bash'
[1.838s] INFO:colcon.colcon_core.shell:Creating package script '/home/hari22/ros2_ws_db/install/arduinobot_cpp_examples/share/arduinobot_cpp_examples/package.zsh'
[1.838s] Level 1:colcon.colcon_core.environment:create_file_with_runtime_dependencies(/home/hari22/ros2_ws_db/install/arduinobot_cpp_examples/share/colcon-core/packages/arduinobot_cpp_examples)
[1.854s] Level 1:colcon.colcon_core.environment:create_environment_scripts_only(arduinobot_description)
[1.868s] Level 1:colcon.colcon_core.environment:checking '/home/hari22/ros2_ws_db/install/arduinobot_description' for CMake module files
[1.869s] Level 1:colcon.colcon_core.environment:checking '/home/hari22/ros2_ws_db/install/arduinobot_description' for CMake config files
[1.869s] Level 1:colcon.colcon_core.shell:create_environment_hook('arduinobot_description', 'cmake_prefix_path')
[1.884s] INFO:colcon.colcon_core.shell:Creating environment hook '/home/hari22/ros2_ws_db/install/arduinobot_description/share/arduinobot_description/hook/cmake_prefix_path.ps1'
[1.884s] INFO:colcon.colcon_core.shell:Creating environment descriptor '/home/hari22/ros2_ws_db/install/arduinobot_description/share/arduinobot_description/hook/cmake_prefix_path.dsv'
[1.884s] INFO:colcon.colcon_core.shell:Creating environment hook '/home/hari22/ros2_ws_db/install/arduinobot_description/share/arduinobot_description/hook/cmake_prefix_path.sh'
[1.884s] Level 1:colcon.colcon_core.environment:checking '/home/hari22/ros2_ws_db/install/arduinobot_description/bin'
[1.884s] Level 1:colcon.colcon_core.environment:checking '/home/hari22/ros2_ws_db/install/arduinobot_description/lib/pkgconfig/arduinobot_description.pc'
[1.885s] Level 1:colcon.colcon_core.environment:checking '/home/hari22/ros2_ws_db/install/arduinobot_description/lib/python3.10/site-packages'
[1.885s] Level 1:colcon.colcon_core.environment:checking '/home/hari22/ros2_ws_db/install/arduinobot_description/bin'
[1.899s] INFO:colcon.colcon_core.shell:Creating package script '/home/hari22/ros2_ws_db/install/arduinobot_description/share/arduinobot_description/package.ps1'
[1.900s] INFO:colcon.colcon_core.shell:Creating package descriptor '/home/hari22/ros2_ws_db/install/arduinobot_description/share/arduinobot_description/package.dsv'
[1.900s] INFO:colcon.colcon_core.shell:Creating package script '/home/hari22/ros2_ws_db/install/arduinobot_description/share/arduinobot_description/package.sh'
[1.900s] INFO:colcon.colcon_core.shell:Creating package script '/home/hari22/ros2_ws_db/install/arduinobot_description/share/arduinobot_description/package.bash'
[1.900s] INFO:colcon.colcon_core.shell:Creating package script '/home/hari22/ros2_ws_db/install/arduinobot_description/share/arduinobot_description/package.zsh'
[1.901s] Level 1:colcon.colcon_core.environment:create_file_with_runtime_dependencies(/home/hari22/ros2_ws_db/install/arduinobot_description/share/colcon-core/packages/arduinobot_description)
[1.916s] Level 1:colcon.colcon_core.environment:create_environment_scripts_only(arduinobot_cpp_examples)
[1.930s] Level 1:colcon.colcon_core.environment:checking '/home/hari22/ros2_ws_db/install/arduinobot_cpp_examples' for CMake module files
[1.930s] Level 1:colcon.colcon_core.environment:checking '/home/hari22/ros2_ws_db/install/arduinobot_cpp_examples' for CMake config files
[1.931s] Level 1:colcon.colcon_core.shell:create_environment_hook('arduinobot_cpp_examples', 'cmake_prefix_path')
[1.945s] INFO:colcon.colcon_core.shell:Creating environment hook '/home/hari22/ros2_ws_db/install/arduinobot_cpp_examples/share/arduinobot_cpp_examples/hook/cmake_prefix_path.ps1'
[1.945s] INFO:colcon.colcon_core.shell:Creating environment descriptor '/home/hari22/ros2_ws_db/install/arduinobot_cpp_examples/share/arduinobot_cpp_examples/hook/cmake_prefix_path.dsv'
[1.946s] INFO:colcon.colcon_core.shell:Creating environment hook '/home/hari22/ros2_ws_db/install/arduinobot_cpp_examples/share/arduinobot_cpp_examples/hook/cmake_prefix_path.sh'
[1.946s] Level 1:colcon.colcon_core.environment:checking '/home/hari22/ros2_ws_db/install/arduinobot_cpp_examples/bin'
[1.946s] Level 1:colcon.colcon_core.environment:checking '/home/hari22/ros2_ws_db/install/arduinobot_cpp_examples/lib/pkgconfig/arduinobot_cpp_examples.pc'
[1.946s] Level 1:colcon.colcon_core.environment:checking '/home/hari22/ros2_ws_db/install/arduinobot_cpp_examples/lib/python3.10/site-packages'
[1.946s] Level 1:colcon.colcon_core.environment:checking '/home/hari22/ros2_ws_db/install/arduinobot_cpp_examples/bin'
[1.966s] INFO:colcon.colcon_core.shell:Creating package script '/home/hari22/ros2_ws_db/install/arduinobot_cpp_examples/share/arduinobot_cpp_examples/package.ps1'
[1.966s] INFO:colcon.colcon_core.shell:Creating package descriptor '/home/hari22/ros2_ws_db/install/arduinobot_cpp_examples/share/arduinobot_cpp_examples/package.dsv'
[1.967s] INFO:colcon.colcon_core.shell:Creating package script '/home/hari22/ros2_ws_db/install/arduinobot_cpp_examples/share/arduinobot_cpp_examples/package.sh'
[1.967s] INFO:colcon.colcon_core.shell:Creating package script '/home/hari22/ros2_ws_db/install/arduinobot_cpp_examples/share/arduinobot_cpp_examples/package.bash'
[1.967s] INFO:colcon.colcon_core.shell:Creating package script '/home/hari22/ros2_ws_db/install/arduinobot_cpp_examples/share/arduinobot_cpp_examples/package.zsh'
[1.967s] Level 1:colcon.colcon_core.environment:create_file_with_runtime_dependencies(/home/hari22/ros2_ws_db/install/arduinobot_cpp_examples/share/colcon-core/packages/arduinobot_cpp_examples)
[1.985s] DEBUG:colcon.colcon_core.event_handler.log_command:Invoking command in '/home/hari22/ros2_ws_db/src/arduinobot_py_examples': PYTHONPATH=/home/hari22/ros2_ws_db/build/arduinobot_py_examples/prefix_override:/home/hari22/ros2_ws_db/install/arduinobot_py_examples/lib/python3.10/site-packages:${PYTHONPATH} /usr/bin/python3 setup.py egg_info --egg-base ../../build/arduinobot_py_examples build --build-base /home/hari22/ros2_ws_db/build/arduinobot_py_examples/build install --record /home/hari22/ros2_ws_db/build/arduinobot_py_examples/install.log --single-version-externally-managed
[2.197s] DEBUG:colcon.colcon_core.event_handler.log_command:Invoked command in '/home/hari22/ros2_ws_db/src/arduinobot_py_examples' returned '0': PYTHONPATH=/home/hari22/ros2_ws_db/build/arduinobot_py_examples/prefix_override:/home/hari22/ros2_ws_db/install/arduinobot_py_examples/lib/python3.10/site-packages:${PYTHONPATH} /usr/bin/python3 setup.py egg_info --egg-base ../../build/arduinobot_py_examples build --build-base /home/hari22/ros2_ws_db/build/arduinobot_py_examples/build install --record /home/hari22/ros2_ws_db/build/arduinobot_py_examples/install.log --single-version-externally-managed
[2.215s] Level 1:colcon.colcon_core.environment:checking '/home/hari22/ros2_ws_db/install/arduinobot_py_examples' for CMake module files
[2.215s] Level 1:colcon.colcon_core.environment:checking '/home/hari22/ros2_ws_db/install/arduinobot_py_examples' for CMake config files
[2.215s] Level 1:colcon.colcon_core.environment:checking '/home/hari22/ros2_ws_db/install/arduinobot_py_examples/lib'
[2.216s] Level 1:colcon.colcon_core.environment:checking '/home/hari22/ros2_ws_db/install/arduinobot_py_examples/bin'
[2.216s] Level 1:colcon.colcon_core.environment:checking '/home/hari22/ros2_ws_db/install/arduinobot_py_examples/lib/pkgconfig/arduinobot_py_examples.pc'
[2.216s] Level 1:colcon.colcon_core.environment:checking '/home/hari22/ros2_ws_db/install/arduinobot_py_examples/lib/python3.10/site-packages'
[2.216s] Level 1:colcon.colcon_core.shell:create_environment_hook('arduinobot_py_examples', 'pythonpath')
[2.230s] INFO:colcon.colcon_core.shell:Creating environment hook '/home/hari22/ros2_ws_db/install/arduinobot_py_examples/share/arduinobot_py_examples/hook/pythonpath.ps1'
[2.230s] INFO:colcon.colcon_core.shell:Creating environment descriptor '/home/hari22/ros2_ws_db/install/arduinobot_py_examples/share/arduinobot_py_examples/hook/pythonpath.dsv'
[2.230s] INFO:colcon.colcon_core.shell:Creating environment hook '/home/hari22/ros2_ws_db/install/arduinobot_py_examples/share/arduinobot_py_examples/hook/pythonpath.sh'
[2.231s] Level 1:colcon.colcon_core.environment:checking '/home/hari22/ros2_ws_db/install/arduinobot_py_examples/bin'
[2.231s] Level 1:colcon.colcon_core.environment:create_environment_scripts_only(arduinobot_py_examples)
[2.244s] INFO:colcon.colcon_core.shell:Creating package script '/home/hari22/ros2_ws_db/install/arduinobot_py_examples/share/arduinobot_py_examples/package.ps1'
[2.245s] INFO:colcon.colcon_core.shell:Creating package descriptor '/home/hari22/ros2_ws_db/install/arduinobot_py_examples/share/arduinobot_py_examples/package.dsv'
[2.245s] INFO:colcon.colcon_core.shell:Creating package script '/home/hari22/ros2_ws_db/install/arduinobot_py_examples/share/arduinobot_py_examples/package.sh'
[2.245s] INFO:colcon.colcon_core.shell:Creating package script '/home/hari22/ros2_ws_db/install/arduinobot_py_examples/share/arduinobot_py_examples/package.bash'
[2.246s] INFO:colcon.colcon_core.shell:Creating package script '/home/hari22/ros2_ws_db/install/arduinobot_py_examples/share/arduinobot_py_examples/package.zsh'
[2.246s] Level 1:colcon.colcon_core.environment:create_file_with_runtime_dependencies(/home/hari22/ros2_ws_db/install/arduinobot_py_examples/share/colcon-core/packages/arduinobot_py_examples)
[2.246s] DEBUG:colcon.colcon_parallel_executor.executor.parallel:closing loop
[2.246s] DEBUG:colcon.colcon_parallel_executor.executor.parallel:loop closed
[2.246s] DEBUG:colcon.colcon_parallel_executor.executor.parallel:run_until_complete finished with '0'
[2.246s] DEBUG:colcon.colcon_core.event_reactor:joining thread
[2.264s] INFO:colcon.colcon_core.plugin_system:Skipping extension 'colcon_notification.desktop_notification.terminal_notifier': Not used on non-Darwin systems
[2.264s] INFO:colcon.colcon_core.plugin_system:Skipping extension 'colcon_notification.desktop_notification.win32': Not used on non-Windows systems
[2.264s] INFO:colcon.colcon_notification.desktop_notification:Sending desktop notification using 'notify2'
[2.273s] DEBUG:colcon.colcon_core.event_reactor:joined thread
[2.288s] INFO:colcon.colcon_core.shell:Creating prefix script '/home/hari22/ros2_ws_db/install/local_setup.ps1'
[2.289s] INFO:colcon.colcon_core.shell:Creating prefix util module '/home/hari22/ros2_ws_db/install/_local_setup_util_ps1.py'
[2.290s] INFO:colcon.colcon_core.shell:Creating prefix chain script '/home/hari22/ros2_ws_db/install/setup.ps1'
[2.304s] INFO:colcon.colcon_core.shell:Creating prefix script '/home/hari22/ros2_ws_db/install/local_setup.sh'
[2.305s] INFO:colcon.colcon_core.shell:Creating prefix util module '/home/hari22/ros2_ws_db/install/_local_setup_util_sh.py'
[2.305s] INFO:colcon.colcon_core.shell:Creating prefix chain script '/home/hari22/ros2_ws_db/install/setup.sh'
[2.320s] INFO:colcon.colcon_core.shell:Creating prefix script '/home/hari22/ros2_ws_db/install/local_setup.bash'
[2.320s] INFO:colcon.colcon_core.shell:Creating prefix chain script '/home/hari22/ros2_ws_db/install/setup.bash'
[2.335s] INFO:colcon.colcon_core.shell:Creating prefix script '/home/hari22/ros2_ws_db/install/local_setup.zsh'
[2.335s] INFO:colcon.colcon_core.shell:Creating prefix chain script '/home/hari22/ros2_ws_db/install/setup.zsh'
