[0.607s] Invoking command in '/home/hari22/ros2_ws_db/build/snake_cpp_py_pkg': CMAKE_PREFIX_PATH=${CMAKE_PREFIX_PATH}:/home/hari22/ros2_ws_db/install/hari_snake_package:/home/hari22/ros2_ws_db/install/arduinobot_py_examples:/opt/ros/humble /usr/bin/cmake --build /home/hari22/ros2_ws_db/build/snake_cpp_py_pkg -- -j16 -l16
[0.744s] Built target ament_cmake_python_copy_snake_cpp_py_pkg
[1.467s] running egg_info
[1.468s] writing snake_cpp_py_pkg.egg-info/PKG-INFO
[1.471s] writing dependency_links to snake_cpp_py_pkg.egg-info/dependency_links.txt
[1.472s] writing top-level names to snake_cpp_py_pkg.egg-info/top_level.txt
[1.484s] reading manifest file 'snake_cpp_py_pkg.egg-info/SOURCES.txt'
[1.486s] writing manifest file 'snake_cpp_py_pkg.egg-info/SOURCES.txt'
[1.558s] Built target ament_cmake_python_build_snake_cpp_py_pkg_egg
[1.614s] Invoked command in '/home/hari22/ros2_ws_db/build/snake_cpp_py_pkg' returned '0': CMAKE_PREFIX_PATH=${CMAKE_PREFIX_PATH}:/home/hari22/ros2_ws_db/install/hari_snake_package:/home/hari22/ros2_ws_db/install/arduinobot_py_examples:/opt/ros/humble /usr/bin/cmake --build /home/hari22/ros2_ws_db/build/snake_cpp_py_pkg -- -j16 -l16
[1.648s] Invoking command in '/home/hari22/ros2_ws_db/build/snake_cpp_py_pkg': CMAKE_PREFIX_PATH=${CMAKE_PREFIX_PATH}:/home/hari22/ros2_ws_db/install/hari_snake_package:/home/hari22/ros2_ws_db/install/arduinobot_py_examples:/opt/ros/humble /usr/bin/cmake --install /home/hari22/ros2_ws_db/build/snake_cpp_py_pkg
[1.667s] -- Install configuration: ""
[1.667s] -- Installing: /home/hari22/ros2_ws_db/install/snake_cpp_py_pkg/lib/snake_cpp_py_pkg/publisher_node.py
[1.668s] -- Up-to-date: /home/hari22/ros2_ws_db/install/snake_cpp_py_pkg/lib/snake_cpp_py_pkg/ui_simulation_bridge.py
[1.669s] -- Up-to-date: /home/hari22/ros2_ws_db/install/snake_cpp_py_pkg/share/snake_cpp_py_pkg/config
[1.670s] -- Up-to-date: /home/hari22/ros2_ws_db/install/snake_cpp_py_pkg/share/snake_cpp_py_pkg/config/my_controllers.yaml
[1.671s] -- Up-to-date: /home/hari22/ros2_ws_db/install/snake_cpp_py_pkg/share/snake_cpp_py_pkg/description
[1.671s] -- Up-to-date: /home/hari22/ros2_ws_db/install/snake_cpp_py_pkg/share/snake_cpp_py_pkg/description/inertial_macros.xacro
[1.672s] -- Up-to-date: /home/hari22/ros2_ws_db/install/snake_cpp_py_pkg/share/snake_cpp_py_pkg/description/snake_robot_core.xacro
[1.672s] -- Up-to-date: /home/hari22/ros2_ws_db/install/snake_cpp_py_pkg/share/snake_cpp_py_pkg/description/materials.xacro
[1.672s] -- Up-to-date: /home/hari22/ros2_ws_db/install/snake_cpp_py_pkg/share/snake_cpp_py_pkg/description/ros2_control.xacro
[1.672s] -- Up-to-date: /home/hari22/ros2_ws_db/install/snake_cpp_py_pkg/share/snake_cpp_py_pkg/launch
[1.672s] -- Up-to-date: /home/hari22/ros2_ws_db/install/snake_cpp_py_pkg/share/snake_cpp_py_pkg/launch/launch_sim.launch.py
[1.672s] -- Up-to-date: /home/hari22/ros2_ws_db/install/snake_cpp_py_pkg/share/snake_cpp_py_pkg/launch/rsp.launch.py
[1.673s] -- Up-to-date: /home/hari22/ros2_ws_db/install/snake_cpp_py_pkg/share/snake_cpp_py_pkg/worlds
[1.673s] -- Up-to-date: /home/hari22/ros2_ws_db/install/snake_cpp_py_pkg/share/snake_cpp_py_pkg/worlds/empty.world
[1.673s] -- Up-to-date: /home/hari22/ros2_ws_db/install/snake_cpp_py_pkg/share/snake_cpp_py_pkg/rviz
[1.673s] -- Up-to-date: /home/hari22/ros2_ws_db/install/snake_cpp_py_pkg/share/snake_cpp_py_pkg/rviz/snake.rviz
[1.673s] -- Up-to-date: /home/hari22/ros2_ws_db/install/snake_cpp_py_pkg/share/snake_cpp_py_pkg/environment/pythonpath.sh
[1.673s] -- Up-to-date: /home/hari22/ros2_ws_db/install/snake_cpp_py_pkg/share/snake_cpp_py_pkg/environment/pythonpath.dsv
[1.673s] -- Up-to-date: /home/hari22/ros2_ws_db/install/snake_cpp_py_pkg/local/lib/python3.10/dist-packages/snake_cpp_py_pkg-0.0.0-py3.10.egg-info
[1.673s] -- Installing: /home/hari22/ros2_ws_db/install/snake_cpp_py_pkg/local/lib/python3.10/dist-packages/snake_cpp_py_pkg-0.0.0-py3.10.egg-info/top_level.txt
[1.674s] -- Installing: /home/hari22/ros2_ws_db/install/snake_cpp_py_pkg/local/lib/python3.10/dist-packages/snake_cpp_py_pkg-0.0.0-py3.10.egg-info/dependency_links.txt
[1.674s] -- Installing: /home/hari22/ros2_ws_db/install/snake_cpp_py_pkg/local/lib/python3.10/dist-packages/snake_cpp_py_pkg-0.0.0-py3.10.egg-info/SOURCES.txt
[1.674s] -- Installing: /home/hari22/ros2_ws_db/install/snake_cpp_py_pkg/local/lib/python3.10/dist-packages/snake_cpp_py_pkg-0.0.0-py3.10.egg-info/PKG-INFO
[1.674s] -- Up-to-date: /home/hari22/ros2_ws_db/install/snake_cpp_py_pkg/local/lib/python3.10/dist-packages/snake_cpp_py_pkg
[1.674s] -- Up-to-date: /home/hari22/ros2_ws_db/install/snake_cpp_py_pkg/local/lib/python3.10/dist-packages/snake_cpp_py_pkg/__init__.py
[1.751s] Listing '/home/hari22/ros2_ws_db/install/snake_cpp_py_pkg/local/lib/python3.10/dist-packages/snake_cpp_py_pkg'...
[1.755s] -- Up-to-date: /home/hari22/ros2_ws_db/install/snake_cpp_py_pkg/share/ament_index/resource_index/package_run_dependencies/snake_cpp_py_pkg
[1.755s] -- Up-to-date: /home/hari22/ros2_ws_db/install/snake_cpp_py_pkg/share/ament_index/resource_index/parent_prefix_path/snake_cpp_py_pkg
[1.755s] -- Up-to-date: /home/hari22/ros2_ws_db/install/snake_cpp_py_pkg/share/snake_cpp_py_pkg/environment/ament_prefix_path.sh
[1.756s] -- Up-to-date: /home/hari22/ros2_ws_db/install/snake_cpp_py_pkg/share/snake_cpp_py_pkg/environment/ament_prefix_path.dsv
[1.757s] -- Up-to-date: /home/hari22/ros2_ws_db/install/snake_cpp_py_pkg/share/snake_cpp_py_pkg/environment/path.sh
[1.757s] -- Up-to-date: /home/hari22/ros2_ws_db/install/snake_cpp_py_pkg/share/snake_cpp_py_pkg/environment/path.dsv
[1.758s] -- Up-to-date: /home/hari22/ros2_ws_db/install/snake_cpp_py_pkg/share/snake_cpp_py_pkg/local_setup.bash
[1.758s] -- Up-to-date: /home/hari22/ros2_ws_db/install/snake_cpp_py_pkg/share/snake_cpp_py_pkg/local_setup.sh
[1.758s] -- Up-to-date: /home/hari22/ros2_ws_db/install/snake_cpp_py_pkg/share/snake_cpp_py_pkg/local_setup.zsh
[1.759s] -- Up-to-date: /home/hari22/ros2_ws_db/install/snake_cpp_py_pkg/share/snake_cpp_py_pkg/local_setup.dsv
[1.759s] -- Up-to-date: /home/hari22/ros2_ws_db/install/snake_cpp_py_pkg/share/snake_cpp_py_pkg/package.dsv
[1.759s] -- Up-to-date: /home/hari22/ros2_ws_db/install/snake_cpp_py_pkg/share/ament_index/resource_index/packages/snake_cpp_py_pkg
[1.759s] -- Up-to-date: /home/hari22/ros2_ws_db/install/snake_cpp_py_pkg/share/snake_cpp_py_pkg/cmake/snake_cpp_py_pkgConfig.cmake
[1.760s] -- Up-to-date: /home/hari22/ros2_ws_db/install/snake_cpp_py_pkg/share/snake_cpp_py_pkg/cmake/snake_cpp_py_pkgConfig-version.cmake
[1.760s] -- Up-to-date: /home/hari22/ros2_ws_db/install/snake_cpp_py_pkg/share/snake_cpp_py_pkg/package.xml
[1.766s] Invoked command in '/home/hari22/ros2_ws_db/build/snake_cpp_py_pkg' returned '0': CMAKE_PREFIX_PATH=${CMAKE_PREFIX_PATH}:/home/hari22/ros2_ws_db/install/hari_snake_package:/home/hari22/ros2_ws_db/install/arduinobot_py_examples:/opt/ros/humble /usr/bin/cmake --install /home/hari22/ros2_ws_db/build/snake_cpp_py_pkg
