[0.612s] Invoking command in '/home/hari22/ros2_ws_db/build/snake_cpp_py_pkg': CMAKE_PREFIX_PATH=${CMAKE_PREFIX_PATH}:/home/hari22/ros2_ws_db/install/hari_snake_package:/home/hari22/ros2_ws_db/install/arduinobot_py_examples:/opt/ros/humble /usr/bin/cmake --build /home/hari22/ros2_ws_db/build/snake_cpp_py_pkg -- -j16 -l16
[0.646s] -- Found ament_cmake: 1.3.6 (/opt/ros/humble/share/ament_cmake/cmake)
[0.772s] -- Found rclcpp: 16.0.7 (/opt/ros/humble/share/rclcpp/cmake)
[0.803s] -- Found rosidl_generator_c: 3.1.5 (/opt/ros/humble/share/rosidl_generator_c/cmake)
[0.805s] -- Found rosidl_adapter: 3.1.5 (/opt/ros/humble/share/rosidl_adapter/cmake)
[0.813s] -- Found rosidl_generator_cpp: 3.1.5 (/opt/ros/humble/share/rosidl_generator_cpp/cmake)
[0.823s] -- Using all available rosidl_typesupport_c: rosidl_typesupport_fastrtps_c;rosidl_typesupport_introspection_c
[0.847s] -- Using all available rosidl_typesupport_cpp: rosidl_typesupport_fastrtps_cpp;rosidl_typesupport_introspection_cpp
[0.897s] -- Found rmw_implementation_cmake: 6.1.1 (/opt/ros/humble/share/rmw_implementation_cmake/cmake)
[0.898s] -- Found rmw_fastrtps_cpp: 6.2.5 (/opt/ros/humble/share/rmw_fastrtps_cpp/cmake)
[0.998s] -- Using RMW implementation 'rmw_fastrtps_cpp' as default
[1.134s] -- Found rclpy: 3.3.11 (/opt/ros/humble/share/rclpy/cmake)
[1.183s] -- Found ament_lint_auto: 0.12.9 (/opt/ros/humble/share/ament_lint_auto/cmake)
[1.244s] -- Added test 'flake8' to check Python code syntax and style conventions
[1.245s] -- Added test 'lint_cmake' to check CMake code style
[1.245s] -- Added test 'pep257' to check Python code against some of the docstring style conventions in PEP 257
[1.246s] -- Added test 'xmllint' to check XML markup files
[1.247s] -- Configuring done
[1.253s] -- Generating done
[1.254s] -- Build files have been written to: /home/hari22/ros2_ws_db/build/snake_cpp_py_pkg
[1.282s] Built target ament_cmake_python_copy_snake_cpp_py_pkg
[1.477s] running egg_info
[1.478s] writing snake_cpp_py_pkg.egg-info/PKG-INFO
[1.478s] writing dependency_links to snake_cpp_py_pkg.egg-info/dependency_links.txt
[1.478s] writing top-level names to snake_cpp_py_pkg.egg-info/top_level.txt
[1.480s] reading manifest file 'snake_cpp_py_pkg.egg-info/SOURCES.txt'
[1.488s] writing manifest file 'snake_cpp_py_pkg.egg-info/SOURCES.txt'
[1.504s] Built target ament_cmake_python_build_snake_cpp_py_pkg_egg
[1.511s] Invoked command in '/home/hari22/ros2_ws_db/build/snake_cpp_py_pkg' returned '0': CMAKE_PREFIX_PATH=${CMAKE_PREFIX_PATH}:/home/hari22/ros2_ws_db/install/hari_snake_package:/home/hari22/ros2_ws_db/install/arduinobot_py_examples:/opt/ros/humble /usr/bin/cmake --build /home/hari22/ros2_ws_db/build/snake_cpp_py_pkg -- -j16 -l16
[1.525s] Invoking command in '/home/hari22/ros2_ws_db/build/snake_cpp_py_pkg': CMAKE_PREFIX_PATH=${CMAKE_PREFIX_PATH}:/home/hari22/ros2_ws_db/install/hari_snake_package:/home/hari22/ros2_ws_db/install/arduinobot_py_examples:/opt/ros/humble /usr/bin/cmake --install /home/hari22/ros2_ws_db/build/snake_cpp_py_pkg
[1.529s] -- Install configuration: ""
[1.530s] -- Up-to-date: /home/hari22/ros2_ws_db/install/snake_cpp_py_pkg/lib/snake_cpp_py_pkg/publisher_node.py
[1.530s] -- Up-to-date: /home/hari22/ros2_ws_db/install/snake_cpp_py_pkg/lib/snake_cpp_py_pkg/ui_simulation_bridge.py
[1.530s] -- Up-to-date: /home/hari22/ros2_ws_db/install/snake_cpp_py_pkg/share/snake_cpp_py_pkg/config
[1.530s] -- Up-to-date: /home/hari22/ros2_ws_db/install/snake_cpp_py_pkg/share/snake_cpp_py_pkg/config/my_controllers.yaml
[1.530s] -- Up-to-date: /home/hari22/ros2_ws_db/install/snake_cpp_py_pkg/share/snake_cpp_py_pkg/description
[1.530s] -- Up-to-date: /home/hari22/ros2_ws_db/install/snake_cpp_py_pkg/share/snake_cpp_py_pkg/description/inertial_macros.xacro
[1.530s] -- Up-to-date: /home/hari22/ros2_ws_db/install/snake_cpp_py_pkg/share/snake_cpp_py_pkg/description/snake_robot_core.xacro
[1.530s] -- Up-to-date: /home/hari22/ros2_ws_db/install/snake_cpp_py_pkg/share/snake_cpp_py_pkg/description/materials.xacro
[1.530s] -- Up-to-date: /home/hari22/ros2_ws_db/install/snake_cpp_py_pkg/share/snake_cpp_py_pkg/description/ros2_control.xacro
[1.530s] -- Up-to-date: /home/hari22/ros2_ws_db/install/snake_cpp_py_pkg/share/snake_cpp_py_pkg/launch
[1.530s] -- Up-to-date: /home/hari22/ros2_ws_db/install/snake_cpp_py_pkg/share/snake_cpp_py_pkg/launch/launch_sim.launch.py
[1.530s] -- Up-to-date: /home/hari22/ros2_ws_db/install/snake_cpp_py_pkg/share/snake_cpp_py_pkg/launch/rsp.launch.py
[1.530s] -- Up-to-date: /home/hari22/ros2_ws_db/install/snake_cpp_py_pkg/share/snake_cpp_py_pkg/worlds
[1.531s] -- Up-to-date: /home/hari22/ros2_ws_db/install/snake_cpp_py_pkg/share/snake_cpp_py_pkg/worlds/empty.world
[1.531s] -- Up-to-date: /home/hari22/ros2_ws_db/install/snake_cpp_py_pkg/share/snake_cpp_py_pkg/rviz
[1.531s] -- Up-to-date: /home/hari22/ros2_ws_db/install/snake_cpp_py_pkg/share/snake_cpp_py_pkg/rviz/snake.rviz
[1.531s] -- Up-to-date: /home/hari22/ros2_ws_db/install/snake_cpp_py_pkg/share/snake_cpp_py_pkg/environment/pythonpath.sh
[1.531s] -- Installing: /home/hari22/ros2_ws_db/install/snake_cpp_py_pkg/share/snake_cpp_py_pkg/environment/pythonpath.dsv
[1.531s] -- Up-to-date: /home/hari22/ros2_ws_db/install/snake_cpp_py_pkg/local/lib/python3.10/dist-packages/snake_cpp_py_pkg-0.0.0-py3.10.egg-info
[1.531s] -- Installing: /home/hari22/ros2_ws_db/install/snake_cpp_py_pkg/local/lib/python3.10/dist-packages/snake_cpp_py_pkg-0.0.0-py3.10.egg-info/top_level.txt
[1.531s] -- Installing: /home/hari22/ros2_ws_db/install/snake_cpp_py_pkg/local/lib/python3.10/dist-packages/snake_cpp_py_pkg-0.0.0-py3.10.egg-info/dependency_links.txt
[1.531s] -- Installing: /home/hari22/ros2_ws_db/install/snake_cpp_py_pkg/local/lib/python3.10/dist-packages/snake_cpp_py_pkg-0.0.0-py3.10.egg-info/SOURCES.txt
[1.531s] -- Installing: /home/hari22/ros2_ws_db/install/snake_cpp_py_pkg/local/lib/python3.10/dist-packages/snake_cpp_py_pkg-0.0.0-py3.10.egg-info/PKG-INFO
[1.531s] -- Up-to-date: /home/hari22/ros2_ws_db/install/snake_cpp_py_pkg/local/lib/python3.10/dist-packages/snake_cpp_py_pkg
[1.531s] -- Up-to-date: /home/hari22/ros2_ws_db/install/snake_cpp_py_pkg/local/lib/python3.10/dist-packages/snake_cpp_py_pkg/__init__.py
[1.554s] Listing '/home/hari22/ros2_ws_db/install/snake_cpp_py_pkg/local/lib/python3.10/dist-packages/snake_cpp_py_pkg'...
[1.557s] -- Up-to-date: /home/hari22/ros2_ws_db/install/snake_cpp_py_pkg/share/ament_index/resource_index/package_run_dependencies/snake_cpp_py_pkg
[1.557s] -- Up-to-date: /home/hari22/ros2_ws_db/install/snake_cpp_py_pkg/share/ament_index/resource_index/parent_prefix_path/snake_cpp_py_pkg
[1.557s] -- Up-to-date: /home/hari22/ros2_ws_db/install/snake_cpp_py_pkg/share/snake_cpp_py_pkg/environment/ament_prefix_path.sh
[1.557s] -- Installing: /home/hari22/ros2_ws_db/install/snake_cpp_py_pkg/share/snake_cpp_py_pkg/environment/ament_prefix_path.dsv
[1.557s] -- Up-to-date: /home/hari22/ros2_ws_db/install/snake_cpp_py_pkg/share/snake_cpp_py_pkg/environment/path.sh
[1.557s] -- Installing: /home/hari22/ros2_ws_db/install/snake_cpp_py_pkg/share/snake_cpp_py_pkg/environment/path.dsv
[1.557s] -- Up-to-date: /home/hari22/ros2_ws_db/install/snake_cpp_py_pkg/share/snake_cpp_py_pkg/local_setup.bash
[1.557s] -- Up-to-date: /home/hari22/ros2_ws_db/install/snake_cpp_py_pkg/share/snake_cpp_py_pkg/local_setup.sh
[1.557s] -- Up-to-date: /home/hari22/ros2_ws_db/install/snake_cpp_py_pkg/share/snake_cpp_py_pkg/local_setup.zsh
[1.557s] -- Installing: /home/hari22/ros2_ws_db/install/snake_cpp_py_pkg/share/snake_cpp_py_pkg/local_setup.dsv
[1.558s] -- Installing: /home/hari22/ros2_ws_db/install/snake_cpp_py_pkg/share/snake_cpp_py_pkg/package.dsv
[1.558s] -- Up-to-date: /home/hari22/ros2_ws_db/install/snake_cpp_py_pkg/share/ament_index/resource_index/packages/snake_cpp_py_pkg
[1.558s] -- Up-to-date: /home/hari22/ros2_ws_db/install/snake_cpp_py_pkg/share/snake_cpp_py_pkg/cmake/snake_cpp_py_pkgConfig.cmake
[1.558s] -- Up-to-date: /home/hari22/ros2_ws_db/install/snake_cpp_py_pkg/share/snake_cpp_py_pkg/cmake/snake_cpp_py_pkgConfig-version.cmake
[1.558s] -- Up-to-date: /home/hari22/ros2_ws_db/install/snake_cpp_py_pkg/share/snake_cpp_py_pkg/package.xml
[1.559s] Invoked command in '/home/hari22/ros2_ws_db/build/snake_cpp_py_pkg' returned '0': CMAKE_PREFIX_PATH=${CMAKE_PREFIX_PATH}:/home/hari22/ros2_ws_db/install/hari_snake_package:/home/hari22/ros2_ws_db/install/arduinobot_py_examples:/opt/ros/humble /usr/bin/cmake --install /home/hari22/ros2_ws_db/build/snake_cpp_py_pkg
