[0.868s] DEBUG:colcon:Command line arguments: ['/usr/bin/colcon', 'build']
[0.868s] DEBUG:colcon:Parsed command line arguments: Namespace(log_base=None, log_level=None, verb_name='build', build_base='build', install_base='install', merge_install=False, symlink_install=False, test_result_base=None, continue_on_error=False, executor='parallel', parallel_workers=16, event_handlers=None, ignore_user_meta=False, metas=['./colcon.meta'], base_paths=['.'], packages_ignore=None, packages_ignore_regex=None, paths=None, packages_up_to=None, packages_up_to_regex=None, packages_above=None, packages_above_and_dependencies=None, packages_above_depth=None, packages_select_by_dep=None, packages_skip_by_dep=None, packages_skip_up_to=None, packages_select_build_failed=False, packages_skip_build_finished=False, packages_select_test_failures=False, packages_skip_test_passed=False, packages_select=None, packages_skip=None, packages_select_regex=None, packages_skip_regex=None, packages_start=None, packages_end=None, allow_overriding=[], cmake_args=None, cmake_target=None, cmake_target_skip_unavailable=False, cmake_clean_cache=False, cmake_clean_first=False, cmake_force_configure=False, ament_cmake_args=None, catkin_cmake_args=None, catkin_skip_building_tests=False, verb_parser=<colcon_defaults.argument_parser.defaults.DefaultArgumentsDecorator object at 0x7f11d7564880>, verb_extension=<colcon_core.verb.build.BuildVerb object at 0x7f11d7567040>, main=<bound method BuildVerb.main of <colcon_core.verb.build.BuildVerb object at 0x7f11d7567040>>)
[0.908s] Level 1:colcon.colcon_core.package_discovery:discover_packages(colcon_meta) check parameters
[0.908s] Level 1:colcon.colcon_core.package_discovery:discover_packages(recursive) check parameters
[0.908s] Level 1:colcon.colcon_core.package_discovery:discover_packages(ignore) check parameters
[0.908s] Level 1:colcon.colcon_core.package_discovery:discover_packages(path) check parameters
[0.908s] Level 1:colcon.colcon_core.package_discovery:discover_packages(colcon_meta) discover
[0.908s] Level 1:colcon.colcon_core.package_discovery:discover_packages(recursive) discover
[0.908s] INFO:colcon.colcon_core.package_discovery:Crawling recursively for packages in '/home/hari22/ros2_ws_db'
[0.908s] Level 1:colcon.colcon_core.package_identification:_identify(.) by extensions ['ignore', 'ignore_ament_install']
[0.908s] Level 1:colcon.colcon_core.package_identification:_identify(.) by extension 'ignore'
[0.908s] Level 1:colcon.colcon_core.package_identification:_identify(.) by extension 'ignore_ament_install'
[0.908s] Level 1:colcon.colcon_core.package_identification:_identify(.) by extensions ['colcon_pkg']
[0.908s] Level 1:colcon.colcon_core.package_identification:_identify(.) by extension 'colcon_pkg'
[0.908s] Level 1:colcon.colcon_core.package_identification:_identify(.) by extensions ['colcon_meta']
[0.908s] Level 1:colcon.colcon_core.package_identification:_identify(.) by extension 'colcon_meta'
[0.908s] Level 1:colcon.colcon_core.package_identification:_identify(.) by extensions ['ros']
[0.908s] Level 1:colcon.colcon_core.package_identification:_identify(.) by extension 'ros'
[0.916s] Level 1:colcon.colcon_core.package_identification:_identify(.) by extensions ['cmake', 'python']
[0.916s] Level 1:colcon.colcon_core.package_identification:_identify(.) by extension 'cmake'
[0.916s] Level 1:colcon.colcon_core.package_identification:_identify(.) by extension 'python'
[0.916s] Level 1:colcon.colcon_core.package_identification:_identify(.) by extensions ['python_setup_py']
[0.916s] Level 1:colcon.colcon_core.package_identification:_identify(.) by extension 'python_setup_py'
[0.916s] Level 1:colcon.colcon_core.package_identification:_identify(build) by extensions ['ignore', 'ignore_ament_install']
[0.916s] Level 1:colcon.colcon_core.package_identification:_identify(build) by extension 'ignore'
[0.916s] Level 1:colcon.colcon_core.package_identification:_identify(build) ignored
[0.916s] Level 1:colcon.colcon_core.package_identification:_identify(install) by extensions ['ignore', 'ignore_ament_install']
[0.916s] Level 1:colcon.colcon_core.package_identification:_identify(install) by extension 'ignore'
[0.916s] Level 1:colcon.colcon_core.package_identification:_identify(install) ignored
[0.916s] Level 1:colcon.colcon_core.package_identification:_identify(log) by extensions ['ignore', 'ignore_ament_install']
[0.916s] Level 1:colcon.colcon_core.package_identification:_identify(log) by extension 'ignore'
[0.916s] Level 1:colcon.colcon_core.package_identification:_identify(log) ignored
[0.917s] Level 1:colcon.colcon_core.package_identification:_identify(src) by extensions ['ignore', 'ignore_ament_install']
[0.917s] Level 1:colcon.colcon_core.package_identification:_identify(src) by extension 'ignore'
[0.917s] Level 1:colcon.colcon_core.package_identification:_identify(src) by extension 'ignore_ament_install'
[0.917s] Level 1:colcon.colcon_core.package_identification:_identify(src) by extensions ['colcon_pkg']
[0.917s] Level 1:colcon.colcon_core.package_identification:_identify(src) by extension 'colcon_pkg'
[0.917s] Level 1:colcon.colcon_core.package_identification:_identify(src) by extensions ['colcon_meta']
[0.917s] Level 1:colcon.colcon_core.package_identification:_identify(src) by extension 'colcon_meta'
[0.917s] Level 1:colcon.colcon_core.package_identification:_identify(src) by extensions ['ros']
[0.917s] Level 1:colcon.colcon_core.package_identification:_identify(src) by extension 'ros'
[0.917s] Level 1:colcon.colcon_core.package_identification:_identify(src) by extensions ['cmake', 'python']
[0.917s] Level 1:colcon.colcon_core.package_identification:_identify(src) by extension 'cmake'
[0.917s] Level 1:colcon.colcon_core.package_identification:_identify(src) by extension 'python'
[0.917s] Level 1:colcon.colcon_core.package_identification:_identify(src) by extensions ['python_setup_py']
[0.917s] Level 1:colcon.colcon_core.package_identification:_identify(src) by extension 'python_setup_py'
[0.917s] Level 1:colcon.colcon_core.package_identification:_identify(src/arduinobot_cpp_examples) by extensions ['ignore', 'ignore_ament_install']
[0.917s] Level 1:colcon.colcon_core.package_identification:_identify(src/arduinobot_cpp_examples) by extension 'ignore'
[0.917s] Level 1:colcon.colcon_core.package_identification:_identify(src/arduinobot_cpp_examples) by extension 'ignore_ament_install'
[0.917s] Level 1:colcon.colcon_core.package_identification:_identify(src/arduinobot_cpp_examples) by extensions ['colcon_pkg']
[0.917s] Level 1:colcon.colcon_core.package_identification:_identify(src/arduinobot_cpp_examples) by extension 'colcon_pkg'
[0.917s] Level 1:colcon.colcon_core.package_identification:_identify(src/arduinobot_cpp_examples) by extensions ['colcon_meta']
[0.917s] Level 1:colcon.colcon_core.package_identification:_identify(src/arduinobot_cpp_examples) by extension 'colcon_meta'
[0.918s] Level 1:colcon.colcon_core.package_identification:_identify(src/arduinobot_cpp_examples) by extensions ['ros']
[0.918s] Level 1:colcon.colcon_core.package_identification:_identify(src/arduinobot_cpp_examples) by extension 'ros'
[0.919s] DEBUG:colcon.colcon_core.package_identification:Package 'src/arduinobot_cpp_examples' with type 'ros.ament_cmake' and name 'arduinobot_cpp_examples'
[0.919s] Level 1:colcon.colcon_core.package_identification:_identify(src/arduinobot_description) by extensions ['ignore', 'ignore_ament_install']
[0.919s] Level 1:colcon.colcon_core.package_identification:_identify(src/arduinobot_description) by extension 'ignore'
[0.919s] Level 1:colcon.colcon_core.package_identification:_identify(src/arduinobot_description) by extension 'ignore_ament_install'
[0.919s] Level 1:colcon.colcon_core.package_identification:_identify(src/arduinobot_description) by extensions ['colcon_pkg']
[0.919s] Level 1:colcon.colcon_core.package_identification:_identify(src/arduinobot_description) by extension 'colcon_pkg'
[0.919s] Level 1:colcon.colcon_core.package_identification:_identify(src/arduinobot_description) by extensions ['colcon_meta']
[0.919s] Level 1:colcon.colcon_core.package_identification:_identify(src/arduinobot_description) by extension 'colcon_meta'
[0.920s] Level 1:colcon.colcon_core.package_identification:_identify(src/arduinobot_description) by extensions ['ros']
[0.920s] Level 1:colcon.colcon_core.package_identification:_identify(src/arduinobot_description) by extension 'ros'
[0.920s] DEBUG:colcon.colcon_core.package_identification:Package 'src/arduinobot_description' with type 'ros.ament_cmake' and name 'arduinobot_description'
[0.920s] Level 1:colcon.colcon_core.package_identification:_identify(src/arduinobot_py_examples) by extensions ['ignore', 'ignore_ament_install']
[0.920s] Level 1:colcon.colcon_core.package_identification:_identify(src/arduinobot_py_examples) by extension 'ignore'
[0.920s] Level 1:colcon.colcon_core.package_identification:_identify(src/arduinobot_py_examples) by extension 'ignore_ament_install'
[0.920s] Level 1:colcon.colcon_core.package_identification:_identify(src/arduinobot_py_examples) by extensions ['colcon_pkg']
[0.920s] Level 1:colcon.colcon_core.package_identification:_identify(src/arduinobot_py_examples) by extension 'colcon_pkg'
[0.920s] Level 1:colcon.colcon_core.package_identification:_identify(src/arduinobot_py_examples) by extensions ['colcon_meta']
[0.920s] Level 1:colcon.colcon_core.package_identification:_identify(src/arduinobot_py_examples) by extension 'colcon_meta'
[0.920s] Level 1:colcon.colcon_core.package_identification:_identify(src/arduinobot_py_examples) by extensions ['ros']
[0.920s] Level 1:colcon.colcon_core.package_identification:_identify(src/arduinobot_py_examples) by extension 'ros'
[0.921s] DEBUG:colcon.colcon_core.package_identification:Package 'src/arduinobot_py_examples' with type 'ros.ament_python' and name 'arduinobot_py_examples'
[0.921s] Level 1:colcon.colcon_core.package_identification:_identify(src/hari_snake_package) by extensions ['ignore', 'ignore_ament_install']
[0.921s] Level 1:colcon.colcon_core.package_identification:_identify(src/hari_snake_package) by extension 'ignore'
[0.921s] Level 1:colcon.colcon_core.package_identification:_identify(src/hari_snake_package) by extension 'ignore_ament_install'
[0.921s] Level 1:colcon.colcon_core.package_identification:_identify(src/hari_snake_package) by extensions ['colcon_pkg']
[0.921s] Level 1:colcon.colcon_core.package_identification:_identify(src/hari_snake_package) by extension 'colcon_pkg'
[0.921s] Level 1:colcon.colcon_core.package_identification:_identify(src/hari_snake_package) by extensions ['colcon_meta']
[0.921s] Level 1:colcon.colcon_core.package_identification:_identify(src/hari_snake_package) by extension 'colcon_meta'
[0.921s] Level 1:colcon.colcon_core.package_identification:_identify(src/hari_snake_package) by extensions ['ros']
[0.921s] Level 1:colcon.colcon_core.package_identification:_identify(src/hari_snake_package) by extension 'ros'
[0.922s] DEBUG:colcon.colcon_core.package_identification:Package 'src/hari_snake_package' with type 'ros.ament_python' and name 'hari_snake_package'
[0.922s] Level 1:colcon.colcon_core.package_discovery:discover_packages(recursive) using defaults
[0.922s] Level 1:colcon.colcon_core.package_discovery:discover_packages(ignore) discover
[0.922s] Level 1:colcon.colcon_core.package_discovery:discover_packages(ignore) using defaults
[0.922s] Level 1:colcon.colcon_core.package_discovery:discover_packages(path) discover
[0.922s] Level 1:colcon.colcon_core.package_discovery:discover_packages(path) using defaults
[1.003s] Level 1:colcon.colcon_core.package_discovery:discover_packages(prefix_path) check parameters
[1.003s] Level 1:colcon.colcon_core.package_discovery:discover_packages(prefix_path) discover
[1.031s] DEBUG:colcon.colcon_installed_package_information.package_discovery:Found 4 installed packages in /home/hari22/ros2_ws_db/install
[1.052s] DEBUG:colcon.colcon_installed_package_information.package_discovery:Found 364 installed packages in /opt/ros/humble
[1.053s] Level 1:colcon.colcon_core.package_discovery:discover_packages(prefix_path) using defaults
[1.134s] Level 5:colcon.colcon_core.verb:set package 'arduinobot_cpp_examples' build argument 'cmake_args' from command line to 'None'
[1.134s] Level 5:colcon.colcon_core.verb:set package 'arduinobot_cpp_examples' build argument 'cmake_target' from command line to 'None'
[1.134s] Level 5:colcon.colcon_core.verb:set package 'arduinobot_cpp_examples' build argument 'cmake_target_skip_unavailable' from command line to 'False'
[1.134s] Level 5:colcon.colcon_core.verb:set package 'arduinobot_cpp_examples' build argument 'cmake_clean_cache' from command line to 'False'
[1.134s] Level 5:colcon.colcon_core.verb:set package 'arduinobot_cpp_examples' build argument 'cmake_clean_first' from command line to 'False'
[1.134s] Level 5:colcon.colcon_core.verb:set package 'arduinobot_cpp_examples' build argument 'cmake_force_configure' from command line to 'False'
[1.134s] Level 5:colcon.colcon_core.verb:set package 'arduinobot_cpp_examples' build argument 'ament_cmake_args' from command line to 'None'
[1.134s] Level 5:colcon.colcon_core.verb:set package 'arduinobot_cpp_examples' build argument 'catkin_cmake_args' from command line to 'None'
[1.134s] Level 5:colcon.colcon_core.verb:set package 'arduinobot_cpp_examples' build argument 'catkin_skip_building_tests' from command line to 'False'
[1.134s] DEBUG:colcon.colcon_core.verb:Building package 'arduinobot_cpp_examples' with the following arguments: {'ament_cmake_args': None, 'build_base': '/home/hari22/ros2_ws_db/build/arduinobot_cpp_examples', 'catkin_cmake_args': None, 'catkin_skip_building_tests': False, 'cmake_args': None, 'cmake_clean_cache': False, 'cmake_clean_first': False, 'cmake_force_configure': False, 'cmake_target': None, 'cmake_target_skip_unavailable': False, 'install_base': '/home/hari22/ros2_ws_db/install/arduinobot_cpp_examples', 'merge_install': False, 'path': '/home/hari22/ros2_ws_db/src/arduinobot_cpp_examples', 'symlink_install': False, 'test_result_base': None}
[1.148s] Level 5:colcon.colcon_core.verb:set package 'arduinobot_description' build argument 'cmake_args' from command line to 'None'
[1.148s] Level 5:colcon.colcon_core.verb:set package 'arduinobot_description' build argument 'cmake_target' from command line to 'None'
[1.148s] Level 5:colcon.colcon_core.verb:set package 'arduinobot_description' build argument 'cmake_target_skip_unavailable' from command line to 'False'
[1.148s] Level 5:colcon.colcon_core.verb:set package 'arduinobot_description' build argument 'cmake_clean_cache' from command line to 'False'
[1.148s] Level 5:colcon.colcon_core.verb:set package 'arduinobot_description' build argument 'cmake_clean_first' from command line to 'False'
[1.148s] Level 5:colcon.colcon_core.verb:set package 'arduinobot_description' build argument 'cmake_force_configure' from command line to 'False'
[1.148s] Level 5:colcon.colcon_core.verb:set package 'arduinobot_description' build argument 'ament_cmake_args' from command line to 'None'
[1.148s] Level 5:colcon.colcon_core.verb:set package 'arduinobot_description' build argument 'catkin_cmake_args' from command line to 'None'
[1.148s] Level 5:colcon.colcon_core.verb:set package 'arduinobot_description' build argument 'catkin_skip_building_tests' from command line to 'False'
[1.148s] DEBUG:colcon.colcon_core.verb:Building package 'arduinobot_description' with the following arguments: {'ament_cmake_args': None, 'build_base': '/home/hari22/ros2_ws_db/build/arduinobot_description', 'catkin_cmake_args': None, 'catkin_skip_building_tests': False, 'cmake_args': None, 'cmake_clean_cache': False, 'cmake_clean_first': False, 'cmake_force_configure': False, 'cmake_target': None, 'cmake_target_skip_unavailable': False, 'install_base': '/home/hari22/ros2_ws_db/install/arduinobot_description', 'merge_install': False, 'path': '/home/hari22/ros2_ws_db/src/arduinobot_description', 'symlink_install': False, 'test_result_base': None}
[1.162s] Level 5:colcon.colcon_core.verb:set package 'arduinobot_py_examples' build argument 'cmake_args' from command line to 'None'
[1.162s] Level 5:colcon.colcon_core.verb:set package 'arduinobot_py_examples' build argument 'cmake_target' from command line to 'None'
[1.162s] Level 5:colcon.colcon_core.verb:set package 'arduinobot_py_examples' build argument 'cmake_target_skip_unavailable' from command line to 'False'
[1.162s] Level 5:colcon.colcon_core.verb:set package 'arduinobot_py_examples' build argument 'cmake_clean_cache' from command line to 'False'
[1.162s] Level 5:colcon.colcon_core.verb:set package 'arduinobot_py_examples' build argument 'cmake_clean_first' from command line to 'False'
[1.162s] Level 5:colcon.colcon_core.verb:set package 'arduinobot_py_examples' build argument 'cmake_force_configure' from command line to 'False'
[1.162s] Level 5:colcon.colcon_core.verb:set package 'arduinobot_py_examples' build argument 'ament_cmake_args' from command line to 'None'
[1.162s] Level 5:colcon.colcon_core.verb:set package 'arduinobot_py_examples' build argument 'catkin_cmake_args' from command line to 'None'
[1.162s] Level 5:colcon.colcon_core.verb:set package 'arduinobot_py_examples' build argument 'catkin_skip_building_tests' from command line to 'False'
[1.162s] DEBUG:colcon.colcon_core.verb:Building package 'arduinobot_py_examples' with the following arguments: {'ament_cmake_args': None, 'build_base': '/home/hari22/ros2_ws_db/build/arduinobot_py_examples', 'catkin_cmake_args': None, 'catkin_skip_building_tests': False, 'cmake_args': None, 'cmake_clean_cache': False, 'cmake_clean_first': False, 'cmake_force_configure': False, 'cmake_target': None, 'cmake_target_skip_unavailable': False, 'install_base': '/home/hari22/ros2_ws_db/install/arduinobot_py_examples', 'merge_install': False, 'path': '/home/hari22/ros2_ws_db/src/arduinobot_py_examples', 'symlink_install': False, 'test_result_base': None}
[1.177s] Level 5:colcon.colcon_core.verb:set package 'hari_snake_package' build argument 'cmake_args' from command line to 'None'
[1.177s] Level 5:colcon.colcon_core.verb:set package 'hari_snake_package' build argument 'cmake_target' from command line to 'None'
[1.177s] Level 5:colcon.colcon_core.verb:set package 'hari_snake_package' build argument 'cmake_target_skip_unavailable' from command line to 'False'
[1.177s] Level 5:colcon.colcon_core.verb:set package 'hari_snake_package' build argument 'cmake_clean_cache' from command line to 'False'
[1.177s] Level 5:colcon.colcon_core.verb:set package 'hari_snake_package' build argument 'cmake_clean_first' from command line to 'False'
[1.177s] Level 5:colcon.colcon_core.verb:set package 'hari_snake_package' build argument 'cmake_force_configure' from command line to 'False'
[1.177s] Level 5:colcon.colcon_core.verb:set package 'hari_snake_package' build argument 'ament_cmake_args' from command line to 'None'
[1.177s] Level 5:colcon.colcon_core.verb:set package 'hari_snake_package' build argument 'catkin_cmake_args' from command line to 'None'
[1.177s] Level 5:colcon.colcon_core.verb:set package 'hari_snake_package' build argument 'catkin_skip_building_tests' from command line to 'False'
[1.177s] DEBUG:colcon.colcon_core.verb:Building package 'hari_snake_package' with the following arguments: {'ament_cmake_args': None, 'build_base': '/home/hari22/ros2_ws_db/build/hari_snake_package', 'catkin_cmake_args': None, 'catkin_skip_building_tests': False, 'cmake_args': None, 'cmake_clean_cache': False, 'cmake_clean_first': False, 'cmake_force_configure': False, 'cmake_target': None, 'cmake_target_skip_unavailable': False, 'install_base': '/home/hari22/ros2_ws_db/install/hari_snake_package', 'merge_install': False, 'path': '/home/hari22/ros2_ws_db/src/hari_snake_package', 'symlink_install': False, 'test_result_base': None}
[1.191s] INFO:colcon.colcon_core.executor:Executing jobs using 'parallel' executor
[1.206s] DEBUG:colcon.colcon_parallel_executor.executor.parallel:run_until_complete
[1.206s] INFO:colcon.colcon_ros.task.ament_cmake.build:Building ROS package in '/home/hari22/ros2_ws_db/src/arduinobot_cpp_examples' with build type 'ament_cmake'
[1.206s] INFO:colcon.colcon_cmake.task.cmake.build:Building CMake package in '/home/hari22/ros2_ws_db/src/arduinobot_cpp_examples'
[1.222s] INFO:colcon.colcon_core.plugin_system:Skipping extension 'colcon_core.shell.bat': Not used on non-Windows systems
[1.222s] INFO:colcon.colcon_core.shell:Skip shell extension 'powershell' for command environment: Not usable outside of PowerShell
[1.222s] DEBUG:colcon.colcon_core.shell:Skip shell extension 'dsv' for command environment
[1.265s] INFO:colcon.colcon_ros.task.ament_cmake.build:Building ROS package in '/home/hari22/ros2_ws_db/src/arduinobot_description' with build type 'ament_cmake'
[1.266s] INFO:colcon.colcon_cmake.task.cmake.build:Building CMake package in '/home/hari22/ros2_ws_db/src/arduinobot_description'
[1.280s] INFO:colcon.colcon_core.shell:Skip shell extension 'powershell' for command environment: Not usable outside of PowerShell
[1.280s] DEBUG:colcon.colcon_core.shell:Skip shell extension 'dsv' for command environment
[1.324s] INFO:colcon.colcon_ros.task.ament_python.build:Building ROS package in '/home/hari22/ros2_ws_db/src/arduinobot_py_examples' with build type 'ament_python'
[1.325s] Level 1:colcon.colcon_core.shell:create_environment_hook('arduinobot_py_examples', 'ament_prefix_path')
[1.339s] INFO:colcon.colcon_core.shell:Creating environment hook '/home/hari22/ros2_ws_db/install/arduinobot_py_examples/share/arduinobot_py_examples/hook/ament_prefix_path.ps1'
[1.339s] INFO:colcon.colcon_core.shell:Creating environment descriptor '/home/hari22/ros2_ws_db/install/arduinobot_py_examples/share/arduinobot_py_examples/hook/ament_prefix_path.dsv'
[1.340s] INFO:colcon.colcon_core.shell:Creating environment hook '/home/hari22/ros2_ws_db/install/arduinobot_py_examples/share/arduinobot_py_examples/hook/ament_prefix_path.sh'
[1.354s] INFO:colcon.colcon_core.shell:Skip shell extension 'powershell' for command environment: Not usable outside of PowerShell
[1.354s] DEBUG:colcon.colcon_core.shell:Skip shell extension 'dsv' for command environment
[1.397s] INFO:colcon.colcon_ros.task.ament_python.build:Building ROS package in '/home/hari22/ros2_ws_db/src/hari_snake_package' with build type 'ament_python'
[1.397s] Level 1:colcon.colcon_core.shell:create_environment_hook('hari_snake_package', 'ament_prefix_path')
[1.412s] INFO:colcon.colcon_core.shell:Creating environment hook '/home/hari22/ros2_ws_db/install/hari_snake_package/share/hari_snake_package/hook/ament_prefix_path.ps1'
[1.412s] INFO:colcon.colcon_core.shell:Creating environment descriptor '/home/hari22/ros2_ws_db/install/hari_snake_package/share/hari_snake_package/hook/ament_prefix_path.dsv'
[1.412s] INFO:colcon.colcon_core.shell:Creating environment hook '/home/hari22/ros2_ws_db/install/hari_snake_package/share/hari_snake_package/hook/ament_prefix_path.sh'
[1.427s] INFO:colcon.colcon_core.shell:Skip shell extension 'powershell' for command environment: Not usable outside of PowerShell
[1.427s] DEBUG:colcon.colcon_core.shell:Skip shell extension 'dsv' for command environment
[1.477s] DEBUG:colcon.colcon_core.event_handler.log_command:Invoking command in '/home/hari22/ros2_ws_db/build/arduinobot_cpp_examples': CMAKE_PREFIX_PATH=${CMAKE_PREFIX_PATH}:/home/hari22/ros2_ws_db/install/hari_snake_package:/home/hari22/ros2_ws_db/install/arduinobot_py_examples:/opt/ros/humble /usr/bin/cmake --build /home/hari22/ros2_ws_db/build/arduinobot_cpp_examples -- -j16 -l16
[1.480s] DEBUG:colcon.colcon_core.event_handler.log_command:Invoking command in '/home/hari22/ros2_ws_db/build/arduinobot_description': CMAKE_PREFIX_PATH=${CMAKE_PREFIX_PATH}:/home/hari22/ros2_ws_db/install/hari_snake_package:/home/hari22/ros2_ws_db/install/arduinobot_py_examples:/opt/ros/humble /usr/bin/cmake --build /home/hari22/ros2_ws_db/build/arduinobot_description -- -j16 -l16
[1.684s] INFO:colcon.colcon_core.task.python.build:Building Python package in '/home/hari22/ros2_ws_db/src/arduinobot_py_examples'
[1.698s] INFO:colcon.colcon_core.shell:Skip shell extension 'powershell' for command environment: Not usable outside of PowerShell
[1.698s] DEBUG:colcon.colcon_core.shell:Skip shell extension 'dsv' for command environment
[1.932s] INFO:colcon.colcon_core.task.python.build:Building Python package in '/home/hari22/ros2_ws_db/src/hari_snake_package'
[1.946s] INFO:colcon.colcon_core.shell:Skip shell extension 'powershell' for command environment: Not usable outside of PowerShell
[1.946s] DEBUG:colcon.colcon_core.shell:Skip shell extension 'dsv' for command environment
[1.989s] DEBUG:colcon.colcon_core.event_handler.log_command:Invoked command in '/home/hari22/ros2_ws_db/build/arduinobot_description' returned '0': CMAKE_PREFIX_PATH=${CMAKE_PREFIX_PATH}:/home/hari22/ros2_ws_db/install/hari_snake_package:/home/hari22/ros2_ws_db/install/arduinobot_py_examples:/opt/ros/humble /usr/bin/cmake --build /home/hari22/ros2_ws_db/build/arduinobot_description -- -j16 -l16
[1.990s] DEBUG:colcon.colcon_core.event_handler.log_command:Invoked command in '/home/hari22/ros2_ws_db/build/arduinobot_cpp_examples' returned '0': CMAKE_PREFIX_PATH=${CMAKE_PREFIX_PATH}:/home/hari22/ros2_ws_db/install/hari_snake_package:/home/hari22/ros2_ws_db/install/arduinobot_py_examples:/opt/ros/humble /usr/bin/cmake --build /home/hari22/ros2_ws_db/build/arduinobot_cpp_examples -- -j16 -l16
[2.012s] DEBUG:colcon.colcon_core.event_handler.log_command:Invoking command in '/home/hari22/ros2_ws_db/build/arduinobot_description': CMAKE_PREFIX_PATH=${CMAKE_PREFIX_PATH}:/home/hari22/ros2_ws_db/install/hari_snake_package:/home/hari22/ros2_ws_db/install/arduinobot_py_examples:/opt/ros/humble /usr/bin/cmake --install /home/hari22/ros2_ws_db/build/arduinobot_description
[2.013s] DEBUG:colcon.colcon_core.event_handler.log_command:Invoking command in '/home/hari22/ros2_ws_db/build/arduinobot_cpp_examples': CMAKE_PREFIX_PATH=${CMAKE_PREFIX_PATH}:/home/hari22/ros2_ws_db/install/hari_snake_package:/home/hari22/ros2_ws_db/install/arduinobot_py_examples:/opt/ros/humble /usr/bin/cmake --install /home/hari22/ros2_ws_db/build/arduinobot_cpp_examples
[2.019s] Level 1:colcon.colcon_core.environment:create_environment_scripts_only(arduinobot_description)
[2.028s] DEBUG:colcon.colcon_core.event_handler.log_command:Invoked command in '/home/hari22/ros2_ws_db/build/arduinobot_description' returned '0': CMAKE_PREFIX_PATH=${CMAKE_PREFIX_PATH}:/home/hari22/ros2_ws_db/install/hari_snake_package:/home/hari22/ros2_ws_db/install/arduinobot_py_examples:/opt/ros/humble /usr/bin/cmake --install /home/hari22/ros2_ws_db/build/arduinobot_description
[2.041s] Level 1:colcon.colcon_core.environment:checking '/home/hari22/ros2_ws_db/install/arduinobot_description' for CMake module files
[2.041s] Level 1:colcon.colcon_core.environment:checking '/home/hari22/ros2_ws_db/install/arduinobot_description' for CMake config files
[2.041s] Level 1:colcon.colcon_core.shell:create_environment_hook('arduinobot_description', 'cmake_prefix_path')
[2.056s] INFO:colcon.colcon_core.shell:Creating environment hook '/home/hari22/ros2_ws_db/install/arduinobot_description/share/arduinobot_description/hook/cmake_prefix_path.ps1'
[2.056s] INFO:colcon.colcon_core.shell:Creating environment descriptor '/home/hari22/ros2_ws_db/install/arduinobot_description/share/arduinobot_description/hook/cmake_prefix_path.dsv'
[2.057s] INFO:colcon.colcon_core.shell:Creating environment hook '/home/hari22/ros2_ws_db/install/arduinobot_description/share/arduinobot_description/hook/cmake_prefix_path.sh'
[2.057s] Level 1:colcon.colcon_core.environment:checking '/home/hari22/ros2_ws_db/install/arduinobot_description/bin'
[2.057s] Level 1:colcon.colcon_core.environment:checking '/home/hari22/ros2_ws_db/install/arduinobot_description/lib/pkgconfig/arduinobot_description.pc'
[2.058s] Level 1:colcon.colcon_core.environment:checking '/home/hari22/ros2_ws_db/install/arduinobot_description/lib/python3.10/site-packages'
[2.058s] Level 1:colcon.colcon_core.environment:checking '/home/hari22/ros2_ws_db/install/arduinobot_description/bin'
[2.072s] INFO:colcon.colcon_core.shell:Creating package script '/home/hari22/ros2_ws_db/install/arduinobot_description/share/arduinobot_description/package.ps1'
[2.073s] INFO:colcon.colcon_core.shell:Creating package descriptor '/home/hari22/ros2_ws_db/install/arduinobot_description/share/arduinobot_description/package.dsv'
[2.073s] INFO:colcon.colcon_core.shell:Creating package script '/home/hari22/ros2_ws_db/install/arduinobot_description/share/arduinobot_description/package.sh'
[2.074s] INFO:colcon.colcon_core.shell:Creating package script '/home/hari22/ros2_ws_db/install/arduinobot_description/share/arduinobot_description/package.bash'
[2.074s] INFO:colcon.colcon_core.shell:Creating package script '/home/hari22/ros2_ws_db/install/arduinobot_description/share/arduinobot_description/package.zsh'
[2.075s] Level 1:colcon.colcon_core.environment:create_file_with_runtime_dependencies(/home/hari22/ros2_ws_db/install/arduinobot_description/share/colcon-core/packages/arduinobot_description)
[2.076s] Level 1:colcon.colcon_core.environment:create_environment_scripts_only(arduinobot_cpp_examples)
[2.076s] DEBUG:colcon.colcon_core.event_handler.log_command:Invoked command in '/home/hari22/ros2_ws_db/build/arduinobot_cpp_examples' returned '0': CMAKE_PREFIX_PATH=${CMAKE_PREFIX_PATH}:/home/hari22/ros2_ws_db/install/hari_snake_package:/home/hari22/ros2_ws_db/install/arduinobot_py_examples:/opt/ros/humble /usr/bin/cmake --install /home/hari22/ros2_ws_db/build/arduinobot_cpp_examples
[2.093s] Level 1:colcon.colcon_core.environment:checking '/home/hari22/ros2_ws_db/install/arduinobot_cpp_examples' for CMake module files
[2.093s] Level 1:colcon.colcon_core.environment:checking '/home/hari22/ros2_ws_db/install/arduinobot_cpp_examples' for CMake config files
[2.093s] Level 1:colcon.colcon_core.shell:create_environment_hook('arduinobot_cpp_examples', 'cmake_prefix_path')
[2.108s] INFO:colcon.colcon_core.shell:Creating environment hook '/home/hari22/ros2_ws_db/install/arduinobot_cpp_examples/share/arduinobot_cpp_examples/hook/cmake_prefix_path.ps1'
[2.108s] INFO:colcon.colcon_core.shell:Creating environment descriptor '/home/hari22/ros2_ws_db/install/arduinobot_cpp_examples/share/arduinobot_cpp_examples/hook/cmake_prefix_path.dsv'
[2.108s] INFO:colcon.colcon_core.shell:Creating environment hook '/home/hari22/ros2_ws_db/install/arduinobot_cpp_examples/share/arduinobot_cpp_examples/hook/cmake_prefix_path.sh'
[2.109s] Level 1:colcon.colcon_core.environment:checking '/home/hari22/ros2_ws_db/install/arduinobot_cpp_examples/bin'
[2.109s] Level 1:colcon.colcon_core.environment:checking '/home/hari22/ros2_ws_db/install/arduinobot_cpp_examples/lib/pkgconfig/arduinobot_cpp_examples.pc'
[2.109s] Level 1:colcon.colcon_core.environment:checking '/home/hari22/ros2_ws_db/install/arduinobot_cpp_examples/lib/python3.10/site-packages'
[2.109s] Level 1:colcon.colcon_core.environment:checking '/home/hari22/ros2_ws_db/install/arduinobot_cpp_examples/bin'
[2.126s] INFO:colcon.colcon_core.shell:Creating package script '/home/hari22/ros2_ws_db/install/arduinobot_cpp_examples/share/arduinobot_cpp_examples/package.ps1'
[2.126s] INFO:colcon.colcon_core.shell:Creating package descriptor '/home/hari22/ros2_ws_db/install/arduinobot_cpp_examples/share/arduinobot_cpp_examples/package.dsv'
[2.127s] INFO:colcon.colcon_core.shell:Creating package script '/home/hari22/ros2_ws_db/install/arduinobot_cpp_examples/share/arduinobot_cpp_examples/package.sh'
[2.127s] INFO:colcon.colcon_core.shell:Creating package script '/home/hari22/ros2_ws_db/install/arduinobot_cpp_examples/share/arduinobot_cpp_examples/package.bash'
[2.127s] INFO:colcon.colcon_core.shell:Creating package script '/home/hari22/ros2_ws_db/install/arduinobot_cpp_examples/share/arduinobot_cpp_examples/package.zsh'
[2.128s] Level 1:colcon.colcon_core.environment:create_file_with_runtime_dependencies(/home/hari22/ros2_ws_db/install/arduinobot_cpp_examples/share/colcon-core/packages/arduinobot_cpp_examples)
[2.144s] Level 1:colcon.colcon_core.environment:create_environment_scripts_only(arduinobot_description)
[2.159s] Level 1:colcon.colcon_core.environment:checking '/home/hari22/ros2_ws_db/install/arduinobot_description' for CMake module files
[2.159s] Level 1:colcon.colcon_core.environment:checking '/home/hari22/ros2_ws_db/install/arduinobot_description' for CMake config files
[2.159s] Level 1:colcon.colcon_core.shell:create_environment_hook('arduinobot_description', 'cmake_prefix_path')
[2.174s] INFO:colcon.colcon_core.shell:Creating environment hook '/home/hari22/ros2_ws_db/install/arduinobot_description/share/arduinobot_description/hook/cmake_prefix_path.ps1'
[2.174s] INFO:colcon.colcon_core.shell:Creating environment descriptor '/home/hari22/ros2_ws_db/install/arduinobot_description/share/arduinobot_description/hook/cmake_prefix_path.dsv'
[2.174s] INFO:colcon.colcon_core.shell:Creating environment hook '/home/hari22/ros2_ws_db/install/arduinobot_description/share/arduinobot_description/hook/cmake_prefix_path.sh'
[2.175s] Level 1:colcon.colcon_core.environment:checking '/home/hari22/ros2_ws_db/install/arduinobot_description/bin'
[2.175s] Level 1:colcon.colcon_core.environment:checking '/home/hari22/ros2_ws_db/install/arduinobot_description/lib/pkgconfig/arduinobot_description.pc'
[2.175s] Level 1:colcon.colcon_core.environment:checking '/home/hari22/ros2_ws_db/install/arduinobot_description/lib/python3.10/site-packages'
[2.175s] Level 1:colcon.colcon_core.environment:checking '/home/hari22/ros2_ws_db/install/arduinobot_description/bin'
[2.190s] INFO:colcon.colcon_core.shell:Creating package script '/home/hari22/ros2_ws_db/install/arduinobot_description/share/arduinobot_description/package.ps1'
[2.190s] INFO:colcon.colcon_core.shell:Creating package descriptor '/home/hari22/ros2_ws_db/install/arduinobot_description/share/arduinobot_description/package.dsv'
[2.191s] INFO:colcon.colcon_core.shell:Creating package script '/home/hari22/ros2_ws_db/install/arduinobot_description/share/arduinobot_description/package.sh'
[2.191s] INFO:colcon.colcon_core.shell:Creating package script '/home/hari22/ros2_ws_db/install/arduinobot_description/share/arduinobot_description/package.bash'
[2.191s] INFO:colcon.colcon_core.shell:Creating package script '/home/hari22/ros2_ws_db/install/arduinobot_description/share/arduinobot_description/package.zsh'
[2.192s] Level 1:colcon.colcon_core.environment:create_file_with_runtime_dependencies(/home/hari22/ros2_ws_db/install/arduinobot_description/share/colcon-core/packages/arduinobot_description)
[2.208s] Level 1:colcon.colcon_core.environment:create_environment_scripts_only(arduinobot_cpp_examples)
[2.223s] Level 1:colcon.colcon_core.environment:checking '/home/hari22/ros2_ws_db/install/arduinobot_cpp_examples' for CMake module files
[2.224s] Level 1:colcon.colcon_core.environment:checking '/home/hari22/ros2_ws_db/install/arduinobot_cpp_examples' for CMake config files
[2.224s] Level 1:colcon.colcon_core.shell:create_environment_hook('arduinobot_cpp_examples', 'cmake_prefix_path')
[2.239s] INFO:colcon.colcon_core.shell:Creating environment hook '/home/hari22/ros2_ws_db/install/arduinobot_cpp_examples/share/arduinobot_cpp_examples/hook/cmake_prefix_path.ps1'
[2.239s] INFO:colcon.colcon_core.shell:Creating environment descriptor '/home/hari22/ros2_ws_db/install/arduinobot_cpp_examples/share/arduinobot_cpp_examples/hook/cmake_prefix_path.dsv'
[2.239s] INFO:colcon.colcon_core.shell:Creating environment hook '/home/hari22/ros2_ws_db/install/arduinobot_cpp_examples/share/arduinobot_cpp_examples/hook/cmake_prefix_path.sh'
[2.240s] Level 1:colcon.colcon_core.environment:checking '/home/hari22/ros2_ws_db/install/arduinobot_cpp_examples/bin'
[2.240s] Level 1:colcon.colcon_core.environment:checking '/home/hari22/ros2_ws_db/install/arduinobot_cpp_examples/lib/pkgconfig/arduinobot_cpp_examples.pc'
[2.240s] Level 1:colcon.colcon_core.environment:checking '/home/hari22/ros2_ws_db/install/arduinobot_cpp_examples/lib/python3.10/site-packages'
[2.240s] Level 1:colcon.colcon_core.environment:checking '/home/hari22/ros2_ws_db/install/arduinobot_cpp_examples/bin'
[2.255s] INFO:colcon.colcon_core.shell:Creating package script '/home/hari22/ros2_ws_db/install/arduinobot_cpp_examples/share/arduinobot_cpp_examples/package.ps1'
[2.256s] INFO:colcon.colcon_core.shell:Creating package descriptor '/home/hari22/ros2_ws_db/install/arduinobot_cpp_examples/share/arduinobot_cpp_examples/package.dsv'
[2.256s] INFO:colcon.colcon_core.shell:Creating package script '/home/hari22/ros2_ws_db/install/arduinobot_cpp_examples/share/arduinobot_cpp_examples/package.sh'
[2.256s] INFO:colcon.colcon_core.shell:Creating package script '/home/hari22/ros2_ws_db/install/arduinobot_cpp_examples/share/arduinobot_cpp_examples/package.bash'
[2.257s] INFO:colcon.colcon_core.shell:Creating package script '/home/hari22/ros2_ws_db/install/arduinobot_cpp_examples/share/arduinobot_cpp_examples/package.zsh'
[2.257s] Level 1:colcon.colcon_core.environment:create_file_with_runtime_dependencies(/home/hari22/ros2_ws_db/install/arduinobot_cpp_examples/share/colcon-core/packages/arduinobot_cpp_examples)
[2.271s] DEBUG:colcon.colcon_core.event_handler.log_command:Invoking command in '/home/hari22/ros2_ws_db/src/arduinobot_py_examples': PYTHONPATH=/home/hari22/ros2_ws_db/build/arduinobot_py_examples/prefix_override:/home/hari22/ros2_ws_db/install/arduinobot_py_examples/lib/python3.10/site-packages:${PYTHONPATH} /usr/bin/python3 setup.py egg_info --egg-base ../../build/arduinobot_py_examples build --build-base /home/hari22/ros2_ws_db/build/arduinobot_py_examples/build install --record /home/hari22/ros2_ws_db/build/arduinobot_py_examples/install.log --single-version-externally-managed
[2.271s] DEBUG:colcon.colcon_core.event_handler.log_command:Invoking command in '/home/hari22/ros2_ws_db/src/hari_snake_package': PYTHONPATH=/home/hari22/ros2_ws_db/build/hari_snake_package/prefix_override:/home/hari22/ros2_ws_db/install/hari_snake_package/lib/python3.10/site-packages:${PYTHONPATH} /usr/bin/python3 setup.py egg_info --egg-base ../../build/hari_snake_package build --build-base /home/hari22/ros2_ws_db/build/hari_snake_package/build install --record /home/hari22/ros2_ws_db/build/hari_snake_package/install.log --single-version-externally-managed
[2.489s] DEBUG:colcon.colcon_core.event_handler.log_command:Invoked command in '/home/hari22/ros2_ws_db/src/arduinobot_py_examples' returned '0': PYTHONPATH=/home/hari22/ros2_ws_db/build/arduinobot_py_examples/prefix_override:/home/hari22/ros2_ws_db/install/arduinobot_py_examples/lib/python3.10/site-packages:${PYTHONPATH} /usr/bin/python3 setup.py egg_info --egg-base ../../build/arduinobot_py_examples build --build-base /home/hari22/ros2_ws_db/build/arduinobot_py_examples/build install --record /home/hari22/ros2_ws_db/build/arduinobot_py_examples/install.log --single-version-externally-managed
[2.503s] Level 1:colcon.colcon_core.environment:checking '/home/hari22/ros2_ws_db/install/arduinobot_py_examples' for CMake module files
[2.503s] Level 1:colcon.colcon_core.environment:checking '/home/hari22/ros2_ws_db/install/arduinobot_py_examples' for CMake config files
[2.504s] Level 1:colcon.colcon_core.environment:checking '/home/hari22/ros2_ws_db/install/arduinobot_py_examples/lib'
[2.504s] Level 1:colcon.colcon_core.environment:checking '/home/hari22/ros2_ws_db/install/arduinobot_py_examples/bin'
[2.504s] Level 1:colcon.colcon_core.environment:checking '/home/hari22/ros2_ws_db/install/arduinobot_py_examples/lib/pkgconfig/arduinobot_py_examples.pc'
[2.504s] Level 1:colcon.colcon_core.environment:checking '/home/hari22/ros2_ws_db/install/arduinobot_py_examples/lib/python3.10/site-packages'
[2.504s] Level 1:colcon.colcon_core.shell:create_environment_hook('arduinobot_py_examples', 'pythonpath')
[2.519s] INFO:colcon.colcon_core.shell:Creating environment hook '/home/hari22/ros2_ws_db/install/arduinobot_py_examples/share/arduinobot_py_examples/hook/pythonpath.ps1'
[2.519s] INFO:colcon.colcon_core.shell:Creating environment descriptor '/home/hari22/ros2_ws_db/install/arduinobot_py_examples/share/arduinobot_py_examples/hook/pythonpath.dsv'
[2.519s] INFO:colcon.colcon_core.shell:Creating environment hook '/home/hari22/ros2_ws_db/install/arduinobot_py_examples/share/arduinobot_py_examples/hook/pythonpath.sh'
[2.519s] Level 1:colcon.colcon_core.environment:checking '/home/hari22/ros2_ws_db/install/arduinobot_py_examples/bin'
[2.519s] Level 1:colcon.colcon_core.environment:create_environment_scripts_only(arduinobot_py_examples)
[2.540s] INFO:colcon.colcon_core.shell:Creating package script '/home/hari22/ros2_ws_db/install/arduinobot_py_examples/share/arduinobot_py_examples/package.ps1'
[2.540s] INFO:colcon.colcon_core.shell:Creating package descriptor '/home/hari22/ros2_ws_db/install/arduinobot_py_examples/share/arduinobot_py_examples/package.dsv'
[2.540s] INFO:colcon.colcon_core.shell:Creating package script '/home/hari22/ros2_ws_db/install/arduinobot_py_examples/share/arduinobot_py_examples/package.sh'
[2.541s] INFO:colcon.colcon_core.shell:Creating package script '/home/hari22/ros2_ws_db/install/arduinobot_py_examples/share/arduinobot_py_examples/package.bash'
[2.541s] INFO:colcon.colcon_core.shell:Creating package script '/home/hari22/ros2_ws_db/install/arduinobot_py_examples/share/arduinobot_py_examples/package.zsh'
[2.541s] Level 1:colcon.colcon_core.environment:create_file_with_runtime_dependencies(/home/hari22/ros2_ws_db/install/arduinobot_py_examples/share/colcon-core/packages/arduinobot_py_examples)
[2.542s] DEBUG:colcon.colcon_core.event_handler.log_command:Invoked command in '/home/hari22/ros2_ws_db/src/hari_snake_package' returned '0': PYTHONPATH=/home/hari22/ros2_ws_db/build/hari_snake_package/prefix_override:/home/hari22/ros2_ws_db/install/hari_snake_package/lib/python3.10/site-packages:${PYTHONPATH} /usr/bin/python3 setup.py egg_info --egg-base ../../build/hari_snake_package build --build-base /home/hari22/ros2_ws_db/build/hari_snake_package/build install --record /home/hari22/ros2_ws_db/build/hari_snake_package/install.log --single-version-externally-managed
[2.556s] Level 1:colcon.colcon_core.environment:checking '/home/hari22/ros2_ws_db/install/hari_snake_package' for CMake module files
[2.557s] Level 1:colcon.colcon_core.environment:checking '/home/hari22/ros2_ws_db/install/hari_snake_package' for CMake config files
[2.557s] Level 1:colcon.colcon_core.environment:checking '/home/hari22/ros2_ws_db/install/hari_snake_package/lib'
[2.557s] Level 1:colcon.colcon_core.environment:checking '/home/hari22/ros2_ws_db/install/hari_snake_package/bin'
[2.557s] Level 1:colcon.colcon_core.environment:checking '/home/hari22/ros2_ws_db/install/hari_snake_package/lib/pkgconfig/hari_snake_package.pc'
[2.557s] Level 1:colcon.colcon_core.environment:checking '/home/hari22/ros2_ws_db/install/hari_snake_package/lib/python3.10/site-packages'
[2.557s] Level 1:colcon.colcon_core.shell:create_environment_hook('hari_snake_package', 'pythonpath')
[2.572s] INFO:colcon.colcon_core.shell:Creating environment hook '/home/hari22/ros2_ws_db/install/hari_snake_package/share/hari_snake_package/hook/pythonpath.ps1'
[2.572s] INFO:colcon.colcon_core.shell:Creating environment descriptor '/home/hari22/ros2_ws_db/install/hari_snake_package/share/hari_snake_package/hook/pythonpath.dsv'
[2.572s] INFO:colcon.colcon_core.shell:Creating environment hook '/home/hari22/ros2_ws_db/install/hari_snake_package/share/hari_snake_package/hook/pythonpath.sh'
[2.573s] Level 1:colcon.colcon_core.environment:checking '/home/hari22/ros2_ws_db/install/hari_snake_package/bin'
[2.573s] Level 1:colcon.colcon_core.environment:create_environment_scripts_only(hari_snake_package)
[2.587s] INFO:colcon.colcon_core.shell:Creating package script '/home/hari22/ros2_ws_db/install/hari_snake_package/share/hari_snake_package/package.ps1'
[2.587s] INFO:colcon.colcon_core.shell:Creating package descriptor '/home/hari22/ros2_ws_db/install/hari_snake_package/share/hari_snake_package/package.dsv'
[2.587s] INFO:colcon.colcon_core.shell:Creating package script '/home/hari22/ros2_ws_db/install/hari_snake_package/share/hari_snake_package/package.sh'
[2.588s] INFO:colcon.colcon_core.shell:Creating package script '/home/hari22/ros2_ws_db/install/hari_snake_package/share/hari_snake_package/package.bash'
[2.588s] INFO:colcon.colcon_core.shell:Creating package script '/home/hari22/ros2_ws_db/install/hari_snake_package/share/hari_snake_package/package.zsh'
[2.588s] Level 1:colcon.colcon_core.environment:create_file_with_runtime_dependencies(/home/hari22/ros2_ws_db/install/hari_snake_package/share/colcon-core/packages/hari_snake_package)
[2.588s] DEBUG:colcon.colcon_parallel_executor.executor.parallel:closing loop
[2.588s] DEBUG:colcon.colcon_parallel_executor.executor.parallel:loop closed
[2.588s] DEBUG:colcon.colcon_parallel_executor.executor.parallel:run_until_complete finished with '0'
[2.588s] DEBUG:colcon.colcon_core.event_reactor:joining thread
[2.606s] INFO:colcon.colcon_core.plugin_system:Skipping extension 'colcon_notification.desktop_notification.terminal_notifier': Not used on non-Darwin systems
[2.606s] INFO:colcon.colcon_core.plugin_system:Skipping extension 'colcon_notification.desktop_notification.win32': Not used on non-Windows systems
[2.606s] INFO:colcon.colcon_notification.desktop_notification:Sending desktop notification using 'notify2'
[2.614s] DEBUG:colcon.colcon_core.event_reactor:joined thread
[2.628s] INFO:colcon.colcon_core.shell:Creating prefix script '/home/hari22/ros2_ws_db/install/local_setup.ps1'
[2.629s] INFO:colcon.colcon_core.shell:Creating prefix util module '/home/hari22/ros2_ws_db/install/_local_setup_util_ps1.py'
[2.630s] INFO:colcon.colcon_core.shell:Creating prefix chain script '/home/hari22/ros2_ws_db/install/setup.ps1'
[2.644s] INFO:colcon.colcon_core.shell:Creating prefix script '/home/hari22/ros2_ws_db/install/local_setup.sh'
[2.645s] INFO:colcon.colcon_core.shell:Creating prefix util module '/home/hari22/ros2_ws_db/install/_local_setup_util_sh.py'
[2.645s] INFO:colcon.colcon_core.shell:Creating prefix chain script '/home/hari22/ros2_ws_db/install/setup.sh'
[2.660s] INFO:colcon.colcon_core.shell:Creating prefix script '/home/hari22/ros2_ws_db/install/local_setup.bash'
[2.660s] INFO:colcon.colcon_core.shell:Creating prefix chain script '/home/hari22/ros2_ws_db/install/setup.bash'
[2.675s] INFO:colcon.colcon_core.shell:Creating prefix script '/home/hari22/ros2_ws_db/install/local_setup.zsh'
[2.675s] INFO:colcon.colcon_core.shell:Creating prefix chain script '/home/hari22/ros2_ws_db/install/setup.zsh'
